[0.062s] Invoking command in '/home/teresa/ros2_ws/src/avoid-obstacle-stressoverflow/build/avoid_obstacle_cpp': CMAKE_PREFIX_PATH=${CMAKE_PREFIX_PATH}:/home/teresa/ros2_ws/install/joy_teleop:/home/teresa/ros2_ws/install/nav2_simple_commander:/home/teresa/ros2_ws/install/mouse_teleop:/home/teresa/ros2_ws/install/launch_pal:/home/teresa/ros2_ws/install/key_teleop:/opt/ros/humble /usr/bin/cmake --build /home/teresa/ros2_ws/src/avoid-obstacle-stressoverflow/build/avoid_obstacle_cpp -- -j12 -l12
[0.204s] [35m[1mConsolidate compiler generated dependencies of target avoidObstacle[0m
[0.267s] [ 33%] [32mBuilding CXX object CMakeFiles/avoidObstacle.dir/src/avoid_obstacle_cpp/AvoidObstacleNode.cpp.o[0m
[0.268s] [ 66%] [32mBuilding CXX object CMakeFiles/avoidObstacle.dir/src/avoidObstacle_main.cpp.o[0m
[20.191s] [100%] [32m[1mLinking CXX executable avoidObstacle[0m
[21.191s] [100%] Built target avoidObstacle
[21.223s] Invoked command in '/home/teresa/ros2_ws/src/avoid-obstacle-stressoverflow/build/avoid_obstacle_cpp' returned '0': CMAKE_PREFIX_PATH=${CMAKE_PREFIX_PATH}:/home/teresa/ros2_ws/install/joy_teleop:/home/teresa/ros2_ws/install/nav2_simple_commander:/home/teresa/ros2_ws/install/mouse_teleop:/home/teresa/ros2_ws/install/launch_pal:/home/teresa/ros2_ws/install/key_teleop:/opt/ros/humble /usr/bin/cmake --build /home/teresa/ros2_ws/src/avoid-obstacle-stressoverflow/build/avoid_obstacle_cpp -- -j12 -l12
[21.411s] Invoking command in '/home/teresa/ros2_ws/src/avoid-obstacle-stressoverflow/build/avoid_obstacle_cpp': CMAKE_PREFIX_PATH=${CMAKE_PREFIX_PATH}:/home/teresa/ros2_ws/install/joy_teleop:/home/teresa/ros2_ws/install/nav2_simple_commander:/home/teresa/ros2_ws/install/mouse_teleop:/home/teresa/ros2_ws/install/launch_pal:/home/teresa/ros2_ws/install/key_teleop:/opt/ros/humble /usr/bin/cmake --install /home/teresa/ros2_ws/src/avoid-obstacle-stressoverflow/build/avoid_obstacle_cpp
[21.436s] -- Install configuration: ""
[21.437s] -- Execute custom install script
[21.438s] -- Up-to-date symlink: /home/teresa/ros2_ws/src/avoid-obstacle-stressoverflow/install/avoid_obstacle_cpp/lib/avoid_obstacle_cpp/avoidObstacle
[21.439s] -- Up-to-date symlink: /home/teresa/ros2_ws/src/avoid-obstacle-stressoverflow/install/avoid_obstacle_cpp/share/avoid_obstacle_cpp/launch/avoid_obstacle.launch.py
[21.440s] -- Up-to-date symlink: /home/teresa/ros2_ws/src/avoid-obstacle-stressoverflow/install/avoid_obstacle_cpp/share/avoid_obstacle_cpp/launch/kobuki.launch.py
[21.440s] -- Up-to-date symlink: /home/teresa/ros2_ws/src/avoid-obstacle-stressoverflow/install/avoid_obstacle_cpp/share/ament_index/resource_index/package_run_dependencies/avoid_obstacle_cpp
[21.440s] -- Up-to-date symlink: /home/teresa/ros2_ws/src/avoid-obstacle-stressoverflow/install/avoid_obstacle_cpp/share/ament_index/resource_index/parent_prefix_path/avoid_obstacle_cpp
[21.440s] -- Up-to-date symlink: /home/teresa/ros2_ws/src/avoid-obstacle-stressoverflow/install/avoid_obstacle_cpp/share/avoid_obstacle_cpp/environment/ament_prefix_path.sh
[21.441s] -- Up-to-date symlink: /home/teresa/ros2_ws/src/avoid-obstacle-stressoverflow/install/avoid_obstacle_cpp/share/avoid_obstacle_cpp/environment/ament_prefix_path.dsv
[21.441s] -- Up-to-date symlink: /home/teresa/ros2_ws/src/avoid-obstacle-stressoverflow/install/avoid_obstacle_cpp/share/avoid_obstacle_cpp/environment/path.sh
[21.441s] -- Up-to-date symlink: /home/teresa/ros2_ws/src/avoid-obstacle-stressoverflow/install/avoid_obstacle_cpp/share/avoid_obstacle_cpp/environment/path.dsv
[21.441s] -- Up-to-date symlink: /home/teresa/ros2_ws/src/avoid-obstacle-stressoverflow/install/avoid_obstacle_cpp/share/avoid_obstacle_cpp/local_setup.bash
[21.442s] -- Up-to-date symlink: /home/teresa/ros2_ws/src/avoid-obstacle-stressoverflow/install/avoid_obstacle_cpp/share/avoid_obstacle_cpp/local_setup.sh
[21.442s] -- Up-to-date symlink: /home/teresa/ros2_ws/src/avoid-obstacle-stressoverflow/install/avoid_obstacle_cpp/share/avoid_obstacle_cpp/local_setup.zsh
[21.442s] -- Up-to-date symlink: /home/teresa/ros2_ws/src/avoid-obstacle-stressoverflow/install/avoid_obstacle_cpp/share/avoid_obstacle_cpp/local_setup.dsv
[21.443s] -- Symlinking: /home/teresa/ros2_ws/src/avoid-obstacle-stressoverflow/install/avoid_obstacle_cpp/share/avoid_obstacle_cpp/package.dsv
[21.472s] -- Up-to-date symlink: /home/teresa/ros2_ws/src/avoid-obstacle-stressoverflow/install/avoid_obstacle_cpp/share/ament_index/resource_index/packages/avoid_obstacle_cpp
[21.472s] -- Up-to-date symlink: /home/teresa/ros2_ws/src/avoid-obstacle-stressoverflow/install/avoid_obstacle_cpp/share/avoid_obstacle_cpp/cmake/avoid_obstacle_cppConfig.cmake
[21.472s] -- Up-to-date symlink: /home/teresa/ros2_ws/src/avoid-obstacle-stressoverflow/install/avoid_obstacle_cpp/share/avoid_obstacle_cpp/cmake/avoid_obstacle_cppConfig-version.cmake
[21.473s] -- Up-to-date symlink: /home/teresa/ros2_ws/src/avoid-obstacle-stressoverflow/install/avoid_obstacle_cpp/share/avoid_obstacle_cpp/package.xml
[21.477s] Invoked command in '/home/teresa/ros2_ws/src/avoid-obstacle-stressoverflow/build/avoid_obstacle_cpp' returned '0': CMAKE_PREFIX_PATH=${CMAKE_PREFIX_PATH}:/home/teresa/ros2_ws/install/joy_teleop:/home/teresa/ros2_ws/install/nav2_simple_commander:/home/teresa/ros2_ws/install/mouse_teleop:/home/teresa/ros2_ws/install/launch_pal:/home/teresa/ros2_ws/install/key_teleop:/opt/ros/humble /usr/bin/cmake --install /home/teresa/ros2_ws/src/avoid-obstacle-stressoverflow/build/avoid_obstacle_cpp
