[0.199s] DEBUG:colcon:Command line arguments: ['/usr/bin/colcon', 'build', '--symlink-install']
[0.199s] DEBUG:colcon:Parsed command line arguments: Namespace(log_base=None, log_level=None, verb_name='build', build_base='build', install_base='install', merge_install=False, symlink_install=True, test_result_base=None, continue_on_error=False, executor='parallel', parallel_workers=20, event_handlers=None, ignore_user_meta=False, metas=['./colcon.meta'], base_paths=['.'], packages_ignore=None, packages_ignore_regex=None, paths=None, packages_up_to=None, packages_up_to_regex=None, packages_above=None, packages_above_and_dependencies=None, packages_above_depth=None, packages_select_by_dep=None, packages_skip_by_dep=None, packages_skip_up_to=None, packages_select_build_failed=False, packages_skip_build_finished=False, packages_select_test_failures=False, packages_skip_test_passed=False, packages_select=None, packages_skip=None, packages_select_regex=None, packages_skip_regex=None, packages_start=None, packages_end=None, allow_overriding=[], cmake_args=None, cmake_target=None, cmake_target_skip_unavailable=False, cmake_clean_cache=False, cmake_clean_first=False, cmake_force_configure=False, ament_cmake_args=None, catkin_cmake_args=None, catkin_skip_building_tests=False, verb_parser=<colcon_defaults.argument_parser.defaults.DefaultArgumentsDecorator object at 0x7fe23703c7f0>, verb_extension=<colcon_core.verb.build.BuildVerb object at 0x7fe237a16320>, main=<bound method BuildVerb.main of <colcon_core.verb.build.BuildVerb object at 0x7fe237a16320>>)
[0.219s] Level 1:colcon.colcon_core.package_discovery:discover_packages(colcon_meta) check parameters
[0.220s] Level 1:colcon.colcon_core.package_discovery:discover_packages(recursive) check parameters
[0.220s] Level 1:colcon.colcon_core.package_discovery:discover_packages(ignore) check parameters
[0.220s] Level 1:colcon.colcon_core.package_discovery:discover_packages(path) check parameters
[0.220s] Level 1:colcon.colcon_core.package_discovery:discover_packages(colcon_meta) discover
[0.220s] Level 1:colcon.colcon_core.package_discovery:discover_packages(recursive) discover
[0.220s] INFO:colcon.colcon_core.package_discovery:Crawling recursively for packages in '/home/arantxa/workspaceNew/src/avoid-obstacle-stressoverflow'
[0.220s] Level 1:colcon.colcon_core.package_identification:_identify(.) by extensions ['ignore', 'ignore_ament_install']
[0.220s] Level 1:colcon.colcon_core.package_identification:_identify(.) by extension 'ignore'
[0.220s] Level 1:colcon.colcon_core.package_identification:_identify(.) by extension 'ignore_ament_install'
[0.220s] Level 1:colcon.colcon_core.package_identification:_identify(.) by extensions ['colcon_pkg']
[0.220s] Level 1:colcon.colcon_core.package_identification:_identify(.) by extension 'colcon_pkg'
[0.220s] Level 1:colcon.colcon_core.package_identification:_identify(.) by extensions ['colcon_meta']
[0.220s] Level 1:colcon.colcon_core.package_identification:_identify(.) by extension 'colcon_meta'
[0.220s] Level 1:colcon.colcon_core.package_identification:_identify(.) by extensions ['ros']
[0.220s] Level 1:colcon.colcon_core.package_identification:_identify(.) by extension 'ros'
[0.228s] DEBUG:colcon.colcon_core.package_identification:Package '.' with type 'ros.ament_cmake' and name 'avoid_obstacle_cpp'
[0.229s] Level 1:colcon.colcon_core.package_discovery:discover_packages(recursive) using defaults
[0.229s] Level 1:colcon.colcon_core.package_discovery:discover_packages(ignore) discover
[0.229s] Level 1:colcon.colcon_core.package_discovery:discover_packages(ignore) using defaults
[0.229s] Level 1:colcon.colcon_core.package_discovery:discover_packages(path) discover
[0.229s] Level 1:colcon.colcon_core.package_discovery:discover_packages(path) using defaults
[0.245s] Level 1:colcon.colcon_core.package_discovery:discover_packages(prefix_path) check parameters
[0.245s] Level 1:colcon.colcon_core.package_discovery:discover_packages(prefix_path) discover
[0.248s] DEBUG:colcon.colcon_installed_package_information.package_discovery:Found 1 installed packages in /home/arantxa/workspaceNew/src/avoid-obstacle-stressoverflow/install
[0.250s] DEBUG:colcon.colcon_installed_package_information.package_discovery:Found 125 installed packages in /home/arantxa/workspaceNew/install
[0.251s] DEBUG:colcon.colcon_installed_package_information.package_discovery:Found 0 installed packages in /home/arantxa/install
[0.252s] DEBUG:colcon.colcon_installed_package_information.package_discovery:Found 342 installed packages in /opt/ros/humble
[0.253s] Level 1:colcon.colcon_core.package_discovery:discover_packages(prefix_path) using defaults
[0.296s] Level 5:colcon.colcon_core.verb:set package 'avoid_obstacle_cpp' build argument 'cmake_args' from command line to 'None'
[0.296s] Level 5:colcon.colcon_core.verb:set package 'avoid_obstacle_cpp' build argument 'cmake_target' from command line to 'None'
[0.297s] Level 5:colcon.colcon_core.verb:set package 'avoid_obstacle_cpp' build argument 'cmake_target_skip_unavailable' from command line to 'False'
[0.297s] Level 5:colcon.colcon_core.verb:set package 'avoid_obstacle_cpp' build argument 'cmake_clean_cache' from command line to 'False'
[0.297s] Level 5:colcon.colcon_core.verb:set package 'avoid_obstacle_cpp' build argument 'cmake_clean_first' from command line to 'False'
[0.297s] Level 5:colcon.colcon_core.verb:set package 'avoid_obstacle_cpp' build argument 'cmake_force_configure' from command line to 'False'
[0.297s] Level 5:colcon.colcon_core.verb:set package 'avoid_obstacle_cpp' build argument 'ament_cmake_args' from command line to 'None'
[0.297s] Level 5:colcon.colcon_core.verb:set package 'avoid_obstacle_cpp' build argument 'catkin_cmake_args' from command line to 'None'
[0.297s] Level 5:colcon.colcon_core.verb:set package 'avoid_obstacle_cpp' build argument 'catkin_skip_building_tests' from command line to 'False'
[0.297s] DEBUG:colcon.colcon_core.verb:Building package 'avoid_obstacle_cpp' with the following arguments: {'ament_cmake_args': None, 'build_base': '/home/arantxa/workspaceNew/src/avoid-obstacle-stressoverflow/build/avoid_obstacle_cpp', 'catkin_cmake_args': None, 'catkin_skip_building_tests': False, 'cmake_args': None, 'cmake_clean_cache': False, 'cmake_clean_first': False, 'cmake_force_configure': False, 'cmake_target': None, 'cmake_target_skip_unavailable': False, 'install_base': '/home/arantxa/workspaceNew/src/avoid-obstacle-stressoverflow/install/avoid_obstacle_cpp', 'merge_install': False, 'path': '/home/arantxa/workspaceNew/src/avoid-obstacle-stressoverflow', 'symlink_install': True, 'test_result_base': None}
[0.297s] INFO:colcon.colcon_core.executor:Executing jobs using 'parallel' executor
[0.299s] DEBUG:colcon.colcon_parallel_executor.executor.parallel:run_until_complete
[0.299s] INFO:colcon.colcon_ros.task.ament_cmake.build:Building ROS package in '/home/arantxa/workspaceNew/src/avoid-obstacle-stressoverflow' with build type 'ament_cmake'
[0.299s] INFO:colcon.colcon_cmake.task.cmake.build:Building CMake package in '/home/arantxa/workspaceNew/src/avoid-obstacle-stressoverflow'
[0.304s] INFO:colcon.colcon_core.plugin_system:Skipping extension 'colcon_core.shell.bat': Not used on non-Windows systems
[0.304s] INFO:colcon.colcon_core.shell:Skip shell extension 'powershell' for command environment: Not usable outside of PowerShell
[0.304s] DEBUG:colcon.colcon_core.shell:Skip shell extension 'dsv' for command environment
[0.317s] DEBUG:colcon.colcon_core.event_handler.log_command:Invoking command in '/home/arantxa/workspaceNew/src/avoid-obstacle-stressoverflow/build/avoid_obstacle_cpp': CMAKE_PREFIX_PATH=${CMAKE_PREFIX_PATH}:/home/arantxa/workspaceNew/install/joy_teleop:/home/arantxa/workspaceNew/install/nav2_simple_commander:/home/arantxa/workspaceNew/install/mouse_teleop:/home/arantxa/workspaceNew/install/launch_pal:/home/arantxa/workspaceNew/install/key_teleop:/opt/ros/humble /usr/bin/cmake --build /home/arantxa/workspaceNew/src/avoid-obstacle-stressoverflow/build/avoid_obstacle_cpp -- -j20 -l20
[9.634s] DEBUG:colcon.colcon_core.event_handler.log_command:Invoked command in '/home/arantxa/workspaceNew/src/avoid-obstacle-stressoverflow/build/avoid_obstacle_cpp' returned '0': CMAKE_PREFIX_PATH=${CMAKE_PREFIX_PATH}:/home/arantxa/workspaceNew/install/joy_teleop:/home/arantxa/workspaceNew/install/nav2_simple_commander:/home/arantxa/workspaceNew/install/mouse_teleop:/home/arantxa/workspaceNew/install/launch_pal:/home/arantxa/workspaceNew/install/key_teleop:/opt/ros/humble /usr/bin/cmake --build /home/arantxa/workspaceNew/src/avoid-obstacle-stressoverflow/build/avoid_obstacle_cpp -- -j20 -l20
[9.678s] DEBUG:colcon.colcon_core.event_handler.log_command:Invoking command in '/home/arantxa/workspaceNew/src/avoid-obstacle-stressoverflow/build/avoid_obstacle_cpp': CMAKE_PREFIX_PATH=${CMAKE_PREFIX_PATH}:/home/arantxa/workspaceNew/install/joy_teleop:/home/arantxa/workspaceNew/install/nav2_simple_commander:/home/arantxa/workspaceNew/install/mouse_teleop:/home/arantxa/workspaceNew/install/launch_pal:/home/arantxa/workspaceNew/install/key_teleop:/opt/ros/humble /usr/bin/cmake --install /home/arantxa/workspaceNew/src/avoid-obstacle-stressoverflow/build/avoid_obstacle_cpp
[9.695s] Level 1:colcon.colcon_core.environment:create_environment_scripts_only(avoid_obstacle_cpp)
[9.695s] DEBUG:colcon.colcon_core.event_handler.log_command:Invoked command in '/home/arantxa/workspaceNew/src/avoid-obstacle-stressoverflow/build/avoid_obstacle_cpp' returned '0': CMAKE_PREFIX_PATH=${CMAKE_PREFIX_PATH}:/home/arantxa/workspaceNew/install/joy_teleop:/home/arantxa/workspaceNew/install/nav2_simple_commander:/home/arantxa/workspaceNew/install/mouse_teleop:/home/arantxa/workspaceNew/install/launch_pal:/home/arantxa/workspaceNew/install/key_teleop:/opt/ros/humble /usr/bin/cmake --install /home/arantxa/workspaceNew/src/avoid-obstacle-stressoverflow/build/avoid_obstacle_cpp
[9.698s] Level 1:colcon.colcon_core.environment:checking '/home/arantxa/workspaceNew/src/avoid-obstacle-stressoverflow/install/avoid_obstacle_cpp' for CMake module files
[9.699s] Level 1:colcon.colcon_core.environment:checking '/home/arantxa/workspaceNew/src/avoid-obstacle-stressoverflow/install/avoid_obstacle_cpp' for CMake config files
[9.699s] Level 1:colcon.colcon_core.shell:create_environment_hook('avoid_obstacle_cpp', 'cmake_prefix_path')
[9.700s] INFO:colcon.colcon_core.shell:Creating environment hook '/home/arantxa/workspaceNew/src/avoid-obstacle-stressoverflow/install/avoid_obstacle_cpp/share/avoid_obstacle_cpp/hook/cmake_prefix_path.ps1'
[9.700s] INFO:colcon.colcon_core.shell:Creating environment descriptor '/home/arantxa/workspaceNew/src/avoid-obstacle-stressoverflow/install/avoid_obstacle_cpp/share/avoid_obstacle_cpp/hook/cmake_prefix_path.dsv'
[9.700s] INFO:colcon.colcon_core.shell:Creating environment hook '/home/arantxa/workspaceNew/src/avoid-obstacle-stressoverflow/install/avoid_obstacle_cpp/share/avoid_obstacle_cpp/hook/cmake_prefix_path.sh'
[9.701s] Level 1:colcon.colcon_core.environment:checking '/home/arantxa/workspaceNew/src/avoid-obstacle-stressoverflow/install/avoid_obstacle_cpp/lib'
[9.701s] Level 1:colcon.colcon_core.environment:checking '/home/arantxa/workspaceNew/src/avoid-obstacle-stressoverflow/install/avoid_obstacle_cpp/bin'
[9.701s] Level 1:colcon.colcon_core.environment:checking '/home/arantxa/workspaceNew/src/avoid-obstacle-stressoverflow/install/avoid_obstacle_cpp/lib/pkgconfig/avoid_obstacle_cpp.pc'
[9.701s] Level 1:colcon.colcon_core.environment:checking '/home/arantxa/workspaceNew/src/avoid-obstacle-stressoverflow/install/avoid_obstacle_cpp/lib/python3.10/site-packages'
[9.701s] Level 1:colcon.colcon_core.environment:checking '/home/arantxa/workspaceNew/src/avoid-obstacle-stressoverflow/install/avoid_obstacle_cpp/bin'
[9.702s] INFO:colcon.colcon_core.shell:Creating package script '/home/arantxa/workspaceNew/src/avoid-obstacle-stressoverflow/install/avoid_obstacle_cpp/share/avoid_obstacle_cpp/package.ps1'
[9.702s] INFO:colcon.colcon_core.shell:Creating package descriptor '/home/arantxa/workspaceNew/src/avoid-obstacle-stressoverflow/install/avoid_obstacle_cpp/share/avoid_obstacle_cpp/package.dsv'
[9.703s] INFO:colcon.colcon_core.shell:Creating package script '/home/arantxa/workspaceNew/src/avoid-obstacle-stressoverflow/install/avoid_obstacle_cpp/share/avoid_obstacle_cpp/package.sh'
[9.703s] INFO:colcon.colcon_core.shell:Creating package script '/home/arantxa/workspaceNew/src/avoid-obstacle-stressoverflow/install/avoid_obstacle_cpp/share/avoid_obstacle_cpp/package.bash'
[9.703s] INFO:colcon.colcon_core.shell:Creating package script '/home/arantxa/workspaceNew/src/avoid-obstacle-stressoverflow/install/avoid_obstacle_cpp/share/avoid_obstacle_cpp/package.zsh'
[9.704s] Level 1:colcon.colcon_core.environment:create_file_with_runtime_dependencies(/home/arantxa/workspaceNew/src/avoid-obstacle-stressoverflow/install/avoid_obstacle_cpp/share/colcon-core/packages/avoid_obstacle_cpp)
[9.741s] Level 1:colcon.colcon_core.environment:create_environment_scripts_only(avoid_obstacle_cpp)
[9.742s] Level 1:colcon.colcon_core.environment:checking '/home/arantxa/workspaceNew/src/avoid-obstacle-stressoverflow/install/avoid_obstacle_cpp' for CMake module files
[9.742s] Level 1:colcon.colcon_core.environment:checking '/home/arantxa/workspaceNew/src/avoid-obstacle-stressoverflow/install/avoid_obstacle_cpp' for CMake config files
[9.742s] Level 1:colcon.colcon_core.shell:create_environment_hook('avoid_obstacle_cpp', 'cmake_prefix_path')
[9.743s] INFO:colcon.colcon_core.shell:Creating environment hook '/home/arantxa/workspaceNew/src/avoid-obstacle-stressoverflow/install/avoid_obstacle_cpp/share/avoid_obstacle_cpp/hook/cmake_prefix_path.ps1'
[9.743s] INFO:colcon.colcon_core.shell:Creating environment descriptor '/home/arantxa/workspaceNew/src/avoid-obstacle-stressoverflow/install/avoid_obstacle_cpp/share/avoid_obstacle_cpp/hook/cmake_prefix_path.dsv'
[9.744s] INFO:colcon.colcon_core.shell:Creating environment hook '/home/arantxa/workspaceNew/src/avoid-obstacle-stressoverflow/install/avoid_obstacle_cpp/share/avoid_obstacle_cpp/hook/cmake_prefix_path.sh'
[9.744s] Level 1:colcon.colcon_core.environment:checking '/home/arantxa/workspaceNew/src/avoid-obstacle-stressoverflow/install/avoid_obstacle_cpp/lib'
[9.744s] Level 1:colcon.colcon_core.environment:checking '/home/arantxa/workspaceNew/src/avoid-obstacle-stressoverflow/install/avoid_obstacle_cpp/bin'
[9.744s] Level 1:colcon.colcon_core.environment:checking '/home/arantxa/workspaceNew/src/avoid-obstacle-stressoverflow/install/avoid_obstacle_cpp/lib/pkgconfig/avoid_obstacle_cpp.pc'
[9.744s] Level 1:colcon.colcon_core.environment:checking '/home/arantxa/workspaceNew/src/avoid-obstacle-stressoverflow/install/avoid_obstacle_cpp/lib/python3.10/site-packages'
[9.744s] Level 1:colcon.colcon_core.environment:checking '/home/arantxa/workspaceNew/src/avoid-obstacle-stressoverflow/install/avoid_obstacle_cpp/bin'
[9.745s] INFO:colcon.colcon_core.shell:Creating package script '/home/arantxa/workspaceNew/src/avoid-obstacle-stressoverflow/install/avoid_obstacle_cpp/share/avoid_obstacle_cpp/package.ps1'
[9.745s] INFO:colcon.colcon_core.shell:Creating package descriptor '/home/arantxa/workspaceNew/src/avoid-obstacle-stressoverflow/install/avoid_obstacle_cpp/share/avoid_obstacle_cpp/package.dsv'
[9.746s] INFO:colcon.colcon_core.shell:Creating package script '/home/arantxa/workspaceNew/src/avoid-obstacle-stressoverflow/install/avoid_obstacle_cpp/share/avoid_obstacle_cpp/package.sh'
[9.746s] INFO:colcon.colcon_core.shell:Creating package script '/home/arantxa/workspaceNew/src/avoid-obstacle-stressoverflow/install/avoid_obstacle_cpp/share/avoid_obstacle_cpp/package.bash'
[9.746s] INFO:colcon.colcon_core.shell:Creating package script '/home/arantxa/workspaceNew/src/avoid-obstacle-stressoverflow/install/avoid_obstacle_cpp/share/avoid_obstacle_cpp/package.zsh'
[9.746s] Level 1:colcon.colcon_core.environment:create_file_with_runtime_dependencies(/home/arantxa/workspaceNew/src/avoid-obstacle-stressoverflow/install/avoid_obstacle_cpp/share/colcon-core/packages/avoid_obstacle_cpp)
[9.746s] DEBUG:colcon.colcon_parallel_executor.executor.parallel:closing loop
[9.746s] DEBUG:colcon.colcon_parallel_executor.executor.parallel:loop closed
[9.746s] DEBUG:colcon.colcon_parallel_executor.executor.parallel:run_until_complete finished with '0'
[9.746s] DEBUG:colcon.colcon_core.event_reactor:joining thread
[9.751s] INFO:colcon.colcon_core.plugin_system:Skipping extension 'colcon_notification.desktop_notification.terminal_notifier': Not used on non-Darwin systems
[9.751s] INFO:colcon.colcon_core.plugin_system:Skipping extension 'colcon_notification.desktop_notification.win32': Not used on non-Windows systems
[9.751s] INFO:colcon.colcon_notification.desktop_notification:Sending desktop notification using 'notify2'
[9.760s] DEBUG:colcon.colcon_core.event_reactor:joined thread
[9.761s] INFO:colcon.colcon_core.shell:Creating prefix script '/home/arantxa/workspaceNew/src/avoid-obstacle-stressoverflow/install/local_setup.ps1'
[9.762s] INFO:colcon.colcon_core.shell:Creating prefix util module '/home/arantxa/workspaceNew/src/avoid-obstacle-stressoverflow/install/_local_setup_util_ps1.py'
[9.762s] INFO:colcon.colcon_core.shell:Creating prefix chain script '/home/arantxa/workspaceNew/src/avoid-obstacle-stressoverflow/install/setup.ps1'
[9.765s] INFO:colcon.colcon_core.shell:Creating prefix script '/home/arantxa/workspaceNew/src/avoid-obstacle-stressoverflow/install/local_setup.sh'
[9.766s] INFO:colcon.colcon_core.shell:Creating prefix util module '/home/arantxa/workspaceNew/src/avoid-obstacle-stressoverflow/install/_local_setup_util_sh.py'
[9.766s] INFO:colcon.colcon_core.shell:Creating prefix chain script '/home/arantxa/workspaceNew/src/avoid-obstacle-stressoverflow/install/setup.sh'
[9.769s] INFO:colcon.colcon_core.shell:Creating prefix script '/home/arantxa/workspaceNew/src/avoid-obstacle-stressoverflow/install/local_setup.bash'
[9.769s] INFO:colcon.colcon_core.shell:Creating prefix chain script '/home/arantxa/workspaceNew/src/avoid-obstacle-stressoverflow/install/setup.bash'
[9.771s] INFO:colcon.colcon_core.shell:Creating prefix script '/home/arantxa/workspaceNew/src/avoid-obstacle-stressoverflow/install/local_setup.zsh'
[9.772s] INFO:colcon.colcon_core.shell:Creating prefix chain script '/home/arantxa/workspaceNew/src/avoid-obstacle-stressoverflow/install/setup.zsh'
