[0.034s] Invoking command in '/home/dgarcu/Documents/URJC-Work/2022-2023/arquitectura-software-2023/practicas/intro_ws/src/avoid-obstacle-stressoverflow/build/avoid_obstacle_cpp': CMAKE_PREFIX_PATH=${CMAKE_PREFIX_PATH}:/home/dgarcu/Documents/URJC-Work/2022-2023/arquitectura-software-2023/practicas/intro_ws/install/joy_teleop:/home/dgarcu/Documents/URJC-Work/2022-2023/arquitectura-software-2023/practicas/intro_ws/install/nav2_simple_commander:/home/dgarcu/Documents/URJC-Work/2022-2023/arquitectura-software-2023/practicas/intro_ws/install/mouse_teleop:/home/dgarcu/Documents/URJC-Work/2022-2023/arquitectura-software-2023/practicas/intro_ws/install/launch_pal:/home/dgarcu/Documents/URJC-Work/2022-2023/arquitectura-software-2023/practicas/intro_ws/install/key_teleop:/opt/ros/humble /usr/bin/cmake --build /home/dgarcu/Documents/URJC-Work/2022-2023/arquitectura-software-2023/practicas/intro_ws/src/avoid-obstacle-stressoverflow/build/avoid_obstacle_cpp -- -j8 -l8
[0.116s] [35m[1mConsolidate compiler generated dependencies of target avoidObstacle[0m
[0.156s] [ 50%] [32mBuilding CXX object CMakeFiles/avoidObstacle.dir/src/avoidObstacle_main.cpp.o[0m
[0.157s] [ 50%] [32mBuilding CXX object CMakeFiles/avoidObstacle.dir/src/avoid_obstacle_cpp/AvoidObstacleNode.cpp.o[0m
[2.580s] [01m[K/home/dgarcu/Documents/URJC-Work/2022-2023/arquitectura-software-2023/practicas/intro_ws/src/avoid-obstacle-stressoverflow/src/avoid_obstacle_cpp/AvoidObstacleNode.cpp:53:1:[m[K [01;31m[Kerror: [m[Kno declaration matches ‘[01m[Kvoid avoid_obstacle_cpp::AvoidObstacleNode::scan_callback(kobuki_ros_interfaces::msg::ButtonEvent_<std::allocator<void> >::UniquePtr)[m[K’
[2.581s]    53 | [01;31m[KAvoidObstacleNode[m[K::scan_callback(kobuki_ros_interfaces::msg::ButtonEvent::UniquePtr msg)
[2.581s]       | [01;31m[K^~~~~~~~~~~~~~~~~[m[K
[2.581s] In file included from [01m[K/home/dgarcu/Documents/URJC-Work/2022-2023/arquitectura-software-2023/practicas/intro_ws/src/avoid-obstacle-stressoverflow/src/avoid_obstacle_cpp/AvoidObstacleNode.cpp:17[m[K:
[2.581s] [01m[K/home/dgarcu/Documents/URJC-Work/2022-2023/arquitectura-software-2023/practicas/intro_ws/src/avoid-obstacle-stressoverflow/include/avoid_obstacle_cpp/AvoidObstacleNode.hpp:39:8:[m[K [01;36m[Knote: [m[Kcandidate is: ‘[01m[Kvoid avoid_obstacle_cpp::AvoidObstacleNode::scan_callback(sensor_msgs::msg::LaserScan_<std::allocator<void> >::UniquePtr)[m[K’
[2.581s]    39 |   void [01;36m[Kscan_callback[m[K(sensor_msgs::msg::LaserScan::UniquePtr msg);
[2.581s]       |        [01;36m[K^~~~~~~~~~~~~[m[K
[2.581s] [01m[K/home/dgarcu/Documents/URJC-Work/2022-2023/arquitectura-software-2023/practicas/intro_ws/src/avoid-obstacle-stressoverflow/include/avoid_obstacle_cpp/AvoidObstacleNode.hpp:32:7:[m[K [01;36m[Knote: [m[K‘[01m[Kclass avoid_obstacle_cpp::AvoidObstacleNode[m[K’ defined here
[2.581s]    32 | class [01;36m[KAvoidObstacleNode[m[K : public rclcpp::Node
[2.581s]       |       [01;36m[K^~~~~~~~~~~~~~~~~[m[K
[2.581s] [01m[K/home/dgarcu/Documents/URJC-Work/2022-2023/arquitectura-software-2023/practicas/intro_ws/src/avoid-obstacle-stressoverflow/src/avoid_obstacle_cpp/AvoidObstacleNode.cpp:59:1:[m[K [01;31m[Kerror: [m[Kno declaration matches ‘[01m[Kvoid avoid_obstacle_cpp::AvoidObstacleNode::button_callback(sensor_msgs::msg::LaserScan_<std::allocator<void> >::UniquePtr)[m[K’
[2.581s]    59 | [01;31m[KAvoidObstacleNode[m[K::button_callback(sensor_msgs::msg::LaserScan::UniquePtr msg)
[2.581s]       | [01;31m[K^~~~~~~~~~~~~~~~~[m[K
[2.581s] In file included from [01m[K/home/dgarcu/Documents/URJC-Work/2022-2023/arquitectura-software-2023/practicas/intro_ws/src/avoid-obstacle-stressoverflow/src/avoid_obstacle_cpp/AvoidObstacleNode.cpp:17[m[K:
[2.581s] [01m[K/home/dgarcu/Documents/URJC-Work/2022-2023/arquitectura-software-2023/practicas/intro_ws/src/avoid-obstacle-stressoverflow/include/avoid_obstacle_cpp/AvoidObstacleNode.hpp:38:8:[m[K [01;36m[Knote: [m[Kcandidate is: ‘[01m[Kvoid avoid_obstacle_cpp::AvoidObstacleNode::button_callback(kobuki_ros_interfaces::msg::ButtonEvent_<std::allocator<void> >::UniquePtr)[m[K’
[2.581s]    38 |   void [01;36m[Kbutton_callback[m[K(kobuki_ros_interfaces::msg::ButtonEvent::UniquePtr msg);
[2.581s]       |        [01;36m[K^~~~~~~~~~~~~~~[m[K
[2.582s] [01m[K/home/dgarcu/Documents/URJC-Work/2022-2023/arquitectura-software-2023/practicas/intro_ws/src/avoid-obstacle-stressoverflow/include/avoid_obstacle_cpp/AvoidObstacleNode.hpp:32:7:[m[K [01;36m[Knote: [m[K‘[01m[Kclass avoid_obstacle_cpp::AvoidObstacleNode[m[K’ defined here
[2.582s]    32 | class [01;36m[KAvoidObstacleNode[m[K : public rclcpp::Node
[2.582s]       |       [01;36m[K^~~~~~~~~~~~~~~~~[m[K
[5.721s] gmake[2]: *** [CMakeFiles/avoidObstacle.dir/build.make:76: CMakeFiles/avoidObstacle.dir/src/avoid_obstacle_cpp/AvoidObstacleNode.cpp.o] Error 1
[5.721s] gmake[1]: *** [CMakeFiles/Makefile2:137: CMakeFiles/avoidObstacle.dir/all] Error 2
[5.721s] gmake: *** [Makefile:146: all] Error 2
[5.723s] Invoked command in '/home/dgarcu/Documents/URJC-Work/2022-2023/arquitectura-software-2023/practicas/intro_ws/src/avoid-obstacle-stressoverflow/build/avoid_obstacle_cpp' returned '2': CMAKE_PREFIX_PATH=${CMAKE_PREFIX_PATH}:/home/dgarcu/Documents/URJC-Work/2022-2023/arquitectura-software-2023/practicas/intro_ws/install/joy_teleop:/home/dgarcu/Documents/URJC-Work/2022-2023/arquitectura-software-2023/practicas/intro_ws/install/nav2_simple_commander:/home/dgarcu/Documents/URJC-Work/2022-2023/arquitectura-software-2023/practicas/intro_ws/install/mouse_teleop:/home/dgarcu/Documents/URJC-Work/2022-2023/arquitectura-software-2023/practicas/intro_ws/install/launch_pal:/home/dgarcu/Documents/URJC-Work/2022-2023/arquitectura-software-2023/practicas/intro_ws/install/key_teleop:/opt/ros/humble /usr/bin/cmake --build /home/dgarcu/Documents/URJC-Work/2022-2023/arquitectura-software-2023/practicas/intro_ws/src/avoid-obstacle-stressoverflow/build/avoid_obstacle_cpp -- -j8 -l8
