[0.018s] Invoking command in '/home/carlos/Escritorio/ros2/practicas/src/avoid-obstacle-stressoverflow/build/avoid_obstacle_cpp': CMAKE_PREFIX_PATH=${CMAKE_PREFIX_PATH}:/home/carlos/Escritorio/ros2/practicas/install/joy_teleop:/home/carlos/Escritorio/ros2/practicas/install/nav2_simple_commander:/home/carlos/Escritorio/ros2/practicas/install/mouse_teleop:/home/carlos/Escritorio/ros2/practicas/install/launch_pal:/home/carlos/Escritorio/ros2/practicas/install/key_teleop:/opt/ros/humble COMP_WORDBREAKS=
"'><=;|&( /usr/bin/cmake /home/carlos/Escritorio/ros2/practicas/src/avoid-obstacle-stressoverflow -DAMENT_CMAKE_SYMLINK_INSTALL=1 -DCMAKE_INSTALL_PREFIX=/home/carlos/Escritorio/ros2/practicas/src/avoid-obstacle-stressoverflow/install/avoid_obstacle_cpp
[0.081s] -- The C compiler identification is GNU 11.3.0
[0.133s] -- The CXX compiler identification is GNU 11.3.0
[0.140s] -- Detecting C compiler ABI info
[0.229s] -- Detecting C compiler ABI info - done
[0.234s] -- Check for working C compiler: /usr/bin/cc - skipped
[0.234s] -- Detecting C compile features
[0.235s] -- Detecting C compile features - done
[0.237s] -- Detecting CXX compiler ABI info
[0.317s] -- Detecting CXX compiler ABI info - done
[0.324s] -- Check for working CXX compiler: /usr/bin/c++ - skipped
[0.324s] -- Detecting CXX compile features
[0.324s] -- Detecting CXX compile features - done
[0.332s] -- Found ament_cmake: 1.3.3 (/opt/ros/humble/share/ament_cmake/cmake)
[0.525s] -- Found Python3: /usr/bin/python3.10 (found version "3.10.6") found components: Interpreter 
[0.582s] -- Override CMake install command with custom implementation using symlinks instead of copying resources
[0.684s] -- Found rclcpp: 16.0.3 (/opt/ros/humble/share/rclcpp/cmake)
[0.791s] -- Found rosidl_generator_c: 3.1.4 (/opt/ros/humble/share/rosidl_generator_c/cmake)
[0.809s] -- Found rosidl_adapter: 3.1.4 (/opt/ros/humble/share/rosidl_adapter/cmake)
[0.827s] -- Found rosidl_generator_cpp: 3.1.4 (/opt/ros/humble/share/rosidl_generator_cpp/cmake)
[0.853s] -- Using all available rosidl_typesupport_c: rosidl_typesupport_fastrtps_c;rosidl_typesupport_introspection_c
[0.886s] -- Using all available rosidl_typesupport_cpp: rosidl_typesupport_fastrtps_cpp;rosidl_typesupport_introspection_cpp
[0.982s] -- Found rmw_implementation_cmake: 6.1.1 (/opt/ros/humble/share/rmw_implementation_cmake/cmake)
[0.995s] -- Found rmw_fastrtps_cpp: 6.2.2 (/opt/ros/humble/share/rmw_fastrtps_cpp/cmake)
[1.141s] -- Found OpenSSL: /usr/lib/x86_64-linux-gnu/libcrypto.so (found version "3.0.2")  
[1.172s] -- Found FastRTPS: /opt/ros/humble/include  
[1.224s] -- Using RMW implementation 'rmw_fastrtps_cpp' as default
[1.251s] -- Looking for pthread.h
[1.331s] -- Looking for pthread.h - found
[1.332s] -- Performing Test CMAKE_HAVE_LIBC_PTHREAD
[1.415s] -- Performing Test CMAKE_HAVE_LIBC_PTHREAD - Success
[1.417s] -- Found Threads: TRUE  
[1.560s] -- Found sensor_msgs: 4.2.3 (/opt/ros/humble/share/sensor_msgs/cmake)
[1.653s] -- Found kobuki_ros_interfaces: 1.0.0 (/home/carlos/Escritorio/ros2/practicas/install/kobuki_ros_interfaces/share/kobuki_ros_interfaces/cmake)
[1.789s] -- Found ament_lint_auto: 0.12.5 (/opt/ros/humble/share/ament_lint_auto/cmake)
[1.913s] -- Added test 'copyright' to check source files copyright and LICENSE
[1.922s] -- Added test 'cppcheck' to perform static code analysis on C / C++ code
[1.922s] -- Configured cppcheck include dirs: /home/carlos/Escritorio/ros2/practicas/src/avoid-obstacle-stressoverflow/include
[1.922s] -- Configured cppcheck exclude dirs and/or files: 
[1.929s] -- Added test 'cpplint' to check C / C++ code against the Google style
[1.929s] -- Configured cpplint exclude dirs and/or files: 
[1.933s] -- Added test 'flake8' to check Python code syntax and style conventions
[1.936s] -- Added test 'lint_cmake' to check CMake code style
[1.938s] -- Added test 'pep257' to check Python code against some of the docstring style conventions in PEP 257
[1.945s] -- Added test 'uncrustify' to check C / C++ code style
[1.945s] -- Configured uncrustify additional arguments: 
[1.948s] -- Added test 'xmllint' to check XML markup files
[1.952s] -- Configuring done
[1.959s] -- Generating done
[1.961s] -- Build files have been written to: /home/carlos/Escritorio/ros2/practicas/src/avoid-obstacle-stressoverflow/build/avoid_obstacle_cpp
[1.970s] Invoked command in '/home/carlos/Escritorio/ros2/practicas/src/avoid-obstacle-stressoverflow/build/avoid_obstacle_cpp' returned '0': CMAKE_PREFIX_PATH=${CMAKE_PREFIX_PATH}:/home/carlos/Escritorio/ros2/practicas/install/joy_teleop:/home/carlos/Escritorio/ros2/practicas/install/nav2_simple_commander:/home/carlos/Escritorio/ros2/practicas/install/mouse_teleop:/home/carlos/Escritorio/ros2/practicas/install/launch_pal:/home/carlos/Escritorio/ros2/practicas/install/key_teleop:/opt/ros/humble COMP_WORDBREAKS=
"'><=;|&( /usr/bin/cmake /home/carlos/Escritorio/ros2/practicas/src/avoid-obstacle-stressoverflow -DAMENT_CMAKE_SYMLINK_INSTALL=1 -DCMAKE_INSTALL_PREFIX=/home/carlos/Escritorio/ros2/practicas/src/avoid-obstacle-stressoverflow/install/avoid_obstacle_cpp
[1.971s] Invoking command in '/home/carlos/Escritorio/ros2/practicas/src/avoid-obstacle-stressoverflow/build/avoid_obstacle_cpp': CMAKE_PREFIX_PATH=${CMAKE_PREFIX_PATH}:/home/carlos/Escritorio/ros2/practicas/install/joy_teleop:/home/carlos/Escritorio/ros2/practicas/install/nav2_simple_commander:/home/carlos/Escritorio/ros2/practicas/install/mouse_teleop:/home/carlos/Escritorio/ros2/practicas/install/launch_pal:/home/carlos/Escritorio/ros2/practicas/install/key_teleop:/opt/ros/humble COMP_WORDBREAKS=
"'><=;|&( /usr/bin/cmake --build /home/carlos/Escritorio/ros2/practicas/src/avoid-obstacle-stressoverflow/build/avoid_obstacle_cpp -- -j8 -l8
[2.034s] [ 66%] [32mBuilding CXX object CMakeFiles/avoidObstacle.dir/src/avoid_obstacle_cpp/AvoidObstacleNode.cpp.o[0m
[2.034s] [ 66%] [32mBuilding CXX object CMakeFiles/avoidObstacle.dir/src/avoidObstacle_main.cpp.o[0m
[8.159s] [100%] [32m[1mLinking CXX executable avoidObstacle[0m
[8.478s] [100%] Built target avoidObstacle
[8.490s] Invoked command in '/home/carlos/Escritorio/ros2/practicas/src/avoid-obstacle-stressoverflow/build/avoid_obstacle_cpp' returned '0': CMAKE_PREFIX_PATH=${CMAKE_PREFIX_PATH}:/home/carlos/Escritorio/ros2/practicas/install/joy_teleop:/home/carlos/Escritorio/ros2/practicas/install/nav2_simple_commander:/home/carlos/Escritorio/ros2/practicas/install/mouse_teleop:/home/carlos/Escritorio/ros2/practicas/install/launch_pal:/home/carlos/Escritorio/ros2/practicas/install/key_teleop:/opt/ros/humble COMP_WORDBREAKS=
"'><=;|&( /usr/bin/cmake --build /home/carlos/Escritorio/ros2/practicas/src/avoid-obstacle-stressoverflow/build/avoid_obstacle_cpp -- -j8 -l8
[8.555s] Invoking command in '/home/carlos/Escritorio/ros2/practicas/src/avoid-obstacle-stressoverflow/build/avoid_obstacle_cpp': CMAKE_PREFIX_PATH=${CMAKE_PREFIX_PATH}:/home/carlos/Escritorio/ros2/practicas/install/joy_teleop:/home/carlos/Escritorio/ros2/practicas/install/nav2_simple_commander:/home/carlos/Escritorio/ros2/practicas/install/mouse_teleop:/home/carlos/Escritorio/ros2/practicas/install/launch_pal:/home/carlos/Escritorio/ros2/practicas/install/key_teleop:/opt/ros/humble COMP_WORDBREAKS=
"'><=;|&( /usr/bin/cmake --install /home/carlos/Escritorio/ros2/practicas/src/avoid-obstacle-stressoverflow/build/avoid_obstacle_cpp
[8.565s] -- Install configuration: ""
[8.566s] -- Execute custom install script
[8.566s] -- Symlinking: /home/carlos/Escritorio/ros2/practicas/src/avoid-obstacle-stressoverflow/install/avoid_obstacle_cpp/lib/avoid_obstacle_cpp/avoidObstacle
[8.577s] -- Symlinking: /home/carlos/Escritorio/ros2/practicas/src/avoid-obstacle-stressoverflow/install/avoid_obstacle_cpp/share/avoid_obstacle_cpp/launch/avoid_obstacle.launch.py
[8.586s] -- Symlinking: /home/carlos/Escritorio/ros2/practicas/src/avoid-obstacle-stressoverflow/install/avoid_obstacle_cpp/share/avoid_obstacle_cpp/launch/kobuki.launch.py
[8.597s] -- Symlinking: /home/carlos/Escritorio/ros2/practicas/src/avoid-obstacle-stressoverflow/install/avoid_obstacle_cpp/share/ament_index/resource_index/package_run_dependencies/avoid_obstacle_cpp
[8.608s] -- Symlinking: /home/carlos/Escritorio/ros2/practicas/src/avoid-obstacle-stressoverflow/install/avoid_obstacle_cpp/share/ament_index/resource_index/parent_prefix_path/avoid_obstacle_cpp
[8.618s] -- Symlinking: /home/carlos/Escritorio/ros2/practicas/src/avoid-obstacle-stressoverflow/install/avoid_obstacle_cpp/share/avoid_obstacle_cpp/environment/ament_prefix_path.sh
[8.630s] -- Symlinking: /home/carlos/Escritorio/ros2/practicas/src/avoid-obstacle-stressoverflow/install/avoid_obstacle_cpp/share/avoid_obstacle_cpp/environment/ament_prefix_path.dsv
[8.640s] -- Symlinking: /home/carlos/Escritorio/ros2/practicas/src/avoid-obstacle-stressoverflow/install/avoid_obstacle_cpp/share/avoid_obstacle_cpp/environment/path.sh
[8.650s] -- Symlinking: /home/carlos/Escritorio/ros2/practicas/src/avoid-obstacle-stressoverflow/install/avoid_obstacle_cpp/share/avoid_obstacle_cpp/environment/path.dsv
[8.660s] -- Symlinking: /home/carlos/Escritorio/ros2/practicas/src/avoid-obstacle-stressoverflow/install/avoid_obstacle_cpp/share/avoid_obstacle_cpp/local_setup.bash
[8.671s] -- Symlinking: /home/carlos/Escritorio/ros2/practicas/src/avoid-obstacle-stressoverflow/install/avoid_obstacle_cpp/share/avoid_obstacle_cpp/local_setup.sh
[8.680s] -- Symlinking: /home/carlos/Escritorio/ros2/practicas/src/avoid-obstacle-stressoverflow/install/avoid_obstacle_cpp/share/avoid_obstacle_cpp/local_setup.zsh
[8.691s] -- Symlinking: /home/carlos/Escritorio/ros2/practicas/src/avoid-obstacle-stressoverflow/install/avoid_obstacle_cpp/share/avoid_obstacle_cpp/local_setup.dsv
[8.700s] -- Symlinking: /home/carlos/Escritorio/ros2/practicas/src/avoid-obstacle-stressoverflow/install/avoid_obstacle_cpp/share/avoid_obstacle_cpp/package.dsv
[8.711s] -- Symlinking: /home/carlos/Escritorio/ros2/practicas/src/avoid-obstacle-stressoverflow/install/avoid_obstacle_cpp/share/ament_index/resource_index/packages/avoid_obstacle_cpp
[8.720s] -- Symlinking: /home/carlos/Escritorio/ros2/practicas/src/avoid-obstacle-stressoverflow/install/avoid_obstacle_cpp/share/avoid_obstacle_cpp/cmake/avoid_obstacle_cppConfig.cmake
[8.729s] -- Symlinking: /home/carlos/Escritorio/ros2/practicas/src/avoid-obstacle-stressoverflow/install/avoid_obstacle_cpp/share/avoid_obstacle_cpp/cmake/avoid_obstacle_cppConfig-version.cmake
[8.739s] -- Symlinking: /home/carlos/Escritorio/ros2/practicas/src/avoid-obstacle-stressoverflow/install/avoid_obstacle_cpp/share/avoid_obstacle_cpp/package.xml
[8.752s] Invoked command in '/home/carlos/Escritorio/ros2/practicas/src/avoid-obstacle-stressoverflow/build/avoid_obstacle_cpp' returned '0': CMAKE_PREFIX_PATH=${CMAKE_PREFIX_PATH}:/home/carlos/Escritorio/ros2/practicas/install/joy_teleop:/home/carlos/Escritorio/ros2/practicas/install/nav2_simple_commander:/home/carlos/Escritorio/ros2/practicas/install/mouse_teleop:/home/carlos/Escritorio/ros2/practicas/install/launch_pal:/home/carlos/Escritorio/ros2/practicas/install/key_teleop:/opt/ros/humble COMP_WORDBREAKS=
"'><=;|&( /usr/bin/cmake --install /home/carlos/Escritorio/ros2/practicas/src/avoid-obstacle-stressoverflow/build/avoid_obstacle_cpp
