[01m[K/home/dgarcu/Documents/URJC-Work/2022-2023/arquitectura-software-2023/practicas/intro_ws/src/avoid-obstacle-stressoverflow/src/avoid_obstacle_cpp/AvoidObstacleNode.cpp:[m[K In constructor ‘[01m[Kavoid_obstacle_cpp::AvoidObstacleNode::AvoidObstacleNode()[m[K’:
[01m[K/home/dgarcu/Documents/URJC-Work/2022-2023/arquitectura-software-2023/practicas/intro_ws/src/avoid-obstacle-stressoverflow/src/avoid_obstacle_cpp/AvoidObstacleNode.cpp:47:86:[m[K [01;31m[Kerror: [m[Kno match for ‘[01m[Koperator=[m[K’ (operand types are ‘[01m[Krclcpp::Publisher<kobuki_ros_interfaces::msg::Led_<std::allocator<void> > >::SharedPtr[m[K’ {aka ‘[01m[Kstd::shared_ptr<rclcpp::Publisher<kobuki_ros_interfaces::msg::Led_<std::allocator<void> > > >[m[K’} and ‘[01m[Kstd::shared_ptr<rclcpp::Publisher<kobuki_ros_interfaces::msg::Sound_<std::allocator<void> >, std::allocator<void> > >[m[K’)
   47 |   sound_pub_ = create_publisher<kobuki_ros_interfaces::msg::Sound>("output_sound", 10[01;31m[K)[m[K;
      |                                                                                      [01;31m[K^[m[K
In file included from [01m[K/usr/include/c++/11/memory:77[m[K,
                 from [01m[K/opt/ros/humble/include/sensor_msgs/sensor_msgs/msg/detail/laser_scan__struct.hpp:10[m[K,
                 from [01m[K/opt/ros/humble/include/sensor_msgs/sensor_msgs/msg/laser_scan.hpp:7[m[K,
                 from [01m[K/home/dgarcu/Documents/URJC-Work/2022-2023/arquitectura-software-2023/practicas/intro_ws/src/avoid-obstacle-stressoverflow/include/avoid_obstacle_cpp/AvoidObstacleNode.hpp:18[m[K,
                 from [01m[K/home/dgarcu/Documents/URJC-Work/2022-2023/arquitectura-software-2023/practicas/intro_ws/src/avoid-obstacle-stressoverflow/src/avoid_obstacle_cpp/AvoidObstacleNode.cpp:17[m[K:
[01m[K/usr/include/c++/11/bits/shared_ptr.h:363:9:[m[K [01;36m[Knote: [m[Kcandidate: ‘[01m[Ktemplate<class _Yp> std::shared_ptr<_Tp>::_Assignable<const std::shared_ptr<_Yp>&> std::shared_ptr<_Tp>::operator=(const std::shared_ptr<_Yp>&) [with _Yp = _Yp; _Tp = rclcpp::Publisher<kobuki_ros_interfaces::msg::Led_<std::allocator<void> > >][m[K’
  363 |         [01;36m[Koperator[m[K=(const shared_ptr<_Yp>& __r) noexcept
      |         [01;36m[K^~~~~~~~[m[K
[01m[K/usr/include/c++/11/bits/shared_ptr.h:363:9:[m[K [01;36m[Knote: [m[K  template argument deduction/substitution failed:
/usr/include/c++/11/bits/shared_ptr.h: In substitution of ‘[01m[Ktemplate<class _Tp> template<class _Arg> using _Assignable = typename std::enable_if<std::is_assignable<std::__shared_ptr<_Tp>&, _Arg>::value, std::shared_ptr<_Tp>&>::type [with _Arg = const std::shared_ptr<rclcpp::Publisher<kobuki_ros_interfaces::msg::Sound_<std::allocator<void> >, std::allocator<void> > >&; _Tp = rclcpp::Publisher<kobuki_ros_interfaces::msg::Led_<std::allocator<void> > >][m[K’:
[01m[K/usr/include/c++/11/bits/shared_ptr.h:363:2:[m[K   required by substitution of ‘[01m[Ktemplate<class _Yp> std::shared_ptr<rclcpp::Publisher<kobuki_ros_interfaces::msg::Led_<std::allocator<void> > > >::_Assignable<const std::shared_ptr<_Tp>&> std::shared_ptr<rclcpp::Publisher<kobuki_ros_interfaces::msg::Led_<std::allocator<void> > > >::operator=<_Yp>(const std::shared_ptr<_Tp>&) [with _Yp = rclcpp::Publisher<kobuki_ros_interfaces::msg::Sound_<std::allocator<void> >, std::allocator<void> >][m[K’
[01m[K/home/dgarcu/Documents/URJC-Work/2022-2023/arquitectura-software-2023/practicas/intro_ws/src/avoid-obstacle-stressoverflow/src/avoid_obstacle_cpp/AvoidObstacleNode.cpp:47:86:[m[K   required from here
[01m[K/usr/include/c++/11/bits/shared_ptr.h:130:15:[m[K [01;31m[Kerror: [m[Kno type named ‘[01m[Ktype[m[K’ in ‘[01m[Kstruct std::enable_if<false, std::shared_ptr<rclcpp::Publisher<kobuki_ros_interfaces::msg::Led_<std::allocator<void> > > >&>[m[K’
  130 |         using [01;31m[K_Assignable[m[K = typename enable_if<
      |               [01;31m[K^~~~~~~~~~~[m[K
[01m[K/usr/include/c++/11/bits/shared_ptr.h:374:9:[m[K [01;36m[Knote: [m[Kcandidate: ‘[01m[Ktemplate<class _Yp> std::shared_ptr<_Tp>::_Assignable<std::auto_ptr<_Up> > std::shared_ptr<_Tp>::operator=(std::auto_ptr<_Up>&&) [with _Yp = _Yp; _Tp = rclcpp::Publisher<kobuki_ros_interfaces::msg::Led_<std::allocator<void> > >][m[K’
  374 |         [01;36m[Koperator[m[K=(auto_ptr<_Yp>&& __r)
      |         [01;36m[K^~~~~~~~[m[K
[01m[K/usr/include/c++/11/bits/shared_ptr.h:374:9:[m[K [01;36m[Knote: [m[K  template argument deduction/substitution failed:
[01m[K/home/dgarcu/Documents/URJC-Work/2022-2023/arquitectura-software-2023/practicas/intro_ws/src/avoid-obstacle-stressoverflow/src/avoid_obstacle_cpp/AvoidObstacleNode.cpp:47:86:[m[K [01;36m[Knote: [m[K  ‘[01m[Kstd::shared_ptr<rclcpp::Publisher<kobuki_ros_interfaces::msg::Sound_<std::allocator<void> >, std::allocator<void> > >[m[K’ is not derived from ‘[01m[Kstd::auto_ptr<_Up>[m[K’
   47 |   sound_pub_ = create_publisher<kobuki_ros_interfaces::msg::Sound>("output_sound", 10[01;36m[K)[m[K;
      |                                                                                      [01;36m[K^[m[K
In file included from [01m[K/usr/include/c++/11/memory:77[m[K,
                 from [01m[K/opt/ros/humble/include/sensor_msgs/sensor_msgs/msg/detail/laser_scan__struct.hpp:10[m[K,
                 from [01m[K/opt/ros/humble/include/sensor_msgs/sensor_msgs/msg/laser_scan.hpp:7[m[K,
                 from [01m[K/home/dgarcu/Documents/URJC-Work/2022-2023/arquitectura-software-2023/practicas/intro_ws/src/avoid-obstacle-stressoverflow/include/avoid_obstacle_cpp/AvoidObstacleNode.hpp:18[m[K,
                 from [01m[K/home/dgarcu/Documents/URJC-Work/2022-2023/arquitectura-software-2023/practicas/intro_ws/src/avoid-obstacle-stressoverflow/src/avoid_obstacle_cpp/AvoidObstacleNode.cpp:17[m[K:
[01m[K/usr/include/c++/11/bits/shared_ptr.h:391:9:[m[K [01;36m[Knote: [m[Kcandidate: ‘[01m[Ktemplate<class _Yp> std::shared_ptr<_Tp>::_Assignable<std::shared_ptr<_Yp> > std::shared_ptr<_Tp>::operator=(std::shared_ptr<_Yp>&&) [with _Yp = _Yp; _Tp = rclcpp::Publisher<kobuki_ros_interfaces::msg::Led_<std::allocator<void> > >][m[K’
  391 |         [01;36m[Koperator[m[K=(shared_ptr<_Yp>&& __r) noexcept
      |         [01;36m[K^~~~~~~~[m[K
[01m[K/usr/include/c++/11/bits/shared_ptr.h:391:9:[m[K [01;36m[Knote: [m[K  template argument deduction/substitution failed:
/usr/include/c++/11/bits/shared_ptr.h: In substitution of ‘[01m[Ktemplate<class _Tp> template<class _Arg> using _Assignable = typename std::enable_if<std::is_assignable<std::__shared_ptr<_Tp>&, _Arg>::value, std::shared_ptr<_Tp>&>::type [with _Arg = std::shared_ptr<rclcpp::Publisher<kobuki_ros_interfaces::msg::Sound_<std::allocator<void> >, std::allocator<void> > >; _Tp = rclcpp::Publisher<kobuki_ros_interfaces::msg::Led_<std::allocator<void> > >][m[K’:
[01m[K/usr/include/c++/11/bits/shared_ptr.h:391:2:[m[K   required by substitution of ‘[01m[Ktemplate<class _Yp> std::shared_ptr<rclcpp::Publisher<kobuki_ros_interfaces::msg::Led_<std::allocator<void> > > >::_Assignable<std::shared_ptr<_Tp> > std::shared_ptr<rclcpp::Publisher<kobuki_ros_interfaces::msg::Led_<std::allocator<void> > > >::operator=<_Yp>(std::shared_ptr<_Tp>&&) [with _Yp = rclcpp::Publisher<kobuki_ros_interfaces::msg::Sound_<std::allocator<void> >, std::allocator<void> >][m[K’
[01m[K/home/dgarcu/Documents/URJC-Work/2022-2023/arquitectura-software-2023/practicas/intro_ws/src/avoid-obstacle-stressoverflow/src/avoid_obstacle_cpp/AvoidObstacleNode.cpp:47:86:[m[K   required from here
[01m[K/usr/include/c++/11/bits/shared_ptr.h:130:15:[m[K [01;31m[Kerror: [m[Kno type named ‘[01m[Ktype[m[K’ in ‘[01m[Kstruct std::enable_if<false, std::shared_ptr<rclcpp::Publisher<kobuki_ros_interfaces::msg::Led_<std::allocator<void> > > >&>[m[K’
  130 |         using [01;31m[K_Assignable[m[K = typename enable_if<
      |               [01;31m[K^~~~~~~~~~~[m[K
[01m[K/usr/include/c++/11/bits/shared_ptr.h:399:9:[m[K [01;36m[Knote: [m[Kcandidate: ‘[01m[Ktemplate<class _Yp, class _Del> std::shared_ptr<_Tp>::_Assignable<std::unique_ptr<_Up, _Ep> > std::shared_ptr<_Tp>::operator=(std::unique_ptr<_Up, _Ep>&&) [with _Yp = _Yp; _Del = _Del; _Tp = rclcpp::Publisher<kobuki_ros_interfaces::msg::Led_<std::allocator<void> > >][m[K’
  399 |         [01;36m[Koperator[m[K=(unique_ptr<_Yp, _Del>&& __r)
      |         [01;36m[K^~~~~~~~[m[K
[01m[K/usr/include/c++/11/bits/shared_ptr.h:399:9:[m[K [01;36m[Knote: [m[K  template argument deduction/substitution failed:
[01m[K/home/dgarcu/Documents/URJC-Work/2022-2023/arquitectura-software-2023/practicas/intro_ws/src/avoid-obstacle-stressoverflow/src/avoid_obstacle_cpp/AvoidObstacleNode.cpp:47:86:[m[K [01;36m[Knote: [m[K  ‘[01m[Kstd::shared_ptr<rclcpp::Publisher<kobuki_ros_interfaces::msg::Sound_<std::allocator<void> >, std::allocator<void> > >[m[K’ is not derived from ‘[01m[Kstd::unique_ptr<_Tp, _Dp>[m[K’
   47 |   sound_pub_ = create_publisher<kobuki_ros_interfaces::msg::Sound>("output_sound", 10[01;36m[K)[m[K;
      |                                                                                      [01;36m[K^[m[K
In file included from [01m[K/usr/include/c++/11/memory:77[m[K,
                 from [01m[K/opt/ros/humble/include/sensor_msgs/sensor_msgs/msg/detail/laser_scan__struct.hpp:10[m[K,
                 from [01m[K/opt/ros/humble/include/sensor_msgs/sensor_msgs/msg/laser_scan.hpp:7[m[K,
                 from [01m[K/home/dgarcu/Documents/URJC-Work/2022-2023/arquitectura-software-2023/practicas/intro_ws/src/avoid-obstacle-stressoverflow/include/avoid_obstacle_cpp/AvoidObstacleNode.hpp:18[m[K,
                 from [01m[K/home/dgarcu/Documents/URJC-Work/2022-2023/arquitectura-software-2023/practicas/intro_ws/src/avoid-obstacle-stressoverflow/src/avoid_obstacle_cpp/AvoidObstacleNode.cpp:17[m[K:
[01m[K/usr/include/c++/11/bits/shared_ptr.h:359:19:[m[K [01;36m[Knote: [m[Kcandidate: ‘[01m[Kstd::shared_ptr<_Tp>& std::shared_ptr<_Tp>::operator=(const std::shared_ptr<_Tp>&) [with _Tp = rclcpp::Publisher<kobuki_ros_interfaces::msg::Led_<std::allocator<void> > >][m[K’
  359 |       shared_ptr& [01;36m[Koperator[m[K=(const shared_ptr&) noexcept = default;
      |                   [01;36m[K^~~~~~~~[m[K
[01m[K/usr/include/c++/11/bits/shared_ptr.h:359:29:[m[K [01;36m[Knote: [m[K  no known conversion for argument 1 from ‘[01m[Kstd::shared_ptr<rclcpp::Publisher<kobuki_ros_interfaces::msg::Sound_<std::allocator<void> >, std::allocator<void> > >[m[K’ to ‘[01m[Kconst std::shared_ptr<rclcpp::Publisher<kobuki_ros_interfaces::msg::Led_<std::allocator<void> > > >&[m[K’
  359 |       shared_ptr& operator=([01;36m[Kconst shared_ptr&[m[K) noexcept = default;
      |                             [01;36m[K^~~~~~~~~~~~~~~~~[m[K
[01m[K/usr/include/c++/11/bits/shared_ptr.h:383:7:[m[K [01;36m[Knote: [m[Kcandidate: ‘[01m[Kstd::shared_ptr<_Tp>& std::shared_ptr<_Tp>::operator=(std::shared_ptr<_Tp>&&) [with _Tp = rclcpp::Publisher<kobuki_ros_interfaces::msg::Led_<std::allocator<void> > >][m[K’
  383 |       [01;36m[Koperator[m[K=(shared_ptr&& __r) noexcept
      |       [01;36m[K^~~~~~~~[m[K
[01m[K/usr/include/c++/11/bits/shared_ptr.h:383:30:[m[K [01;36m[Knote: [m[K  no known conversion for argument 1 from ‘[01m[Kstd::shared_ptr<rclcpp::Publisher<kobuki_ros_interfaces::msg::Sound_<std::allocator<void> >, std::allocator<void> > >[m[K’ to ‘[01m[Kstd::shared_ptr<rclcpp::Publisher<kobuki_ros_interfaces::msg::Led_<std::allocator<void> > > >&&[m[K’
  383 |       operator=([01;36m[Kshared_ptr&& __r[m[K) noexcept
      |                 [01;36m[K~~~~~~~~~~~~~^~~[m[K
[01m[K/home/dgarcu/Documents/URJC-Work/2022-2023/arquitectura-software-2023/practicas/intro_ws/src/avoid-obstacle-stressoverflow/src/avoid_obstacle_cpp/AvoidObstacleNode.cpp:[m[K In member function ‘[01m[Kvoid avoid_obstacle_cpp::AvoidObstacleNode::control_cycle()[m[K’:
[01m[K/home/dgarcu/Documents/URJC-Work/2022-2023/arquitectura-software-2023/practicas/intro_ws/src/avoid-obstacle-stressoverflow/src/avoid_obstacle_cpp/AvoidObstacleNode.cpp:82:84:[m[K [01;31m[Kerror: [m[Kconversion from ‘[01m[Kconst uint8_t[m[K’ {aka ‘[01m[Kconst unsigned char[m[K’} to non-scalar type ‘[01m[Kkobuki_ros_interfaces::msg::Sound[m[K’ {aka ‘[01m[Kkobuki_ros_interfaces::msg::Sound_<std::allocator<void> >[m[K’} requested
   82 |       kobuki_ros_interfaces::msg::Sound sound = [01;31m[Kkobuki_ros_interfaces::msg::Sound::ON[m[K;
      |                                                 [01;31m[K~~~~~~~~~~~~~~~~~~~~~~~~~~~~~~~~~~~^~[m[K
[01m[K/home/dgarcu/Documents/URJC-Work/2022-2023/arquitectura-software-2023/practicas/intro_ws/src/avoid-obstacle-stressoverflow/src/avoid_obstacle_cpp/AvoidObstacleNode.cpp:83:60:[m[K [01;31m[Kerror: [m[Kexpected primary-expression before ‘[01m[K)[m[K’ token
   83 |       sound_pub_->publish(kobuki_ros_interfaces::msg::Sound[01;31m[K)[m[K
      |                                                            [01;31m[K^[m[K
[01m[K/home/dgarcu/Documents/URJC-Work/2022-2023/arquitectura-software-2023/practicas/intro_ws/src/avoid-obstacle-stressoverflow/src/avoid_obstacle_cpp/AvoidObstacleNode.cpp:89:10:[m[K [01;31m[Kerror: [m[Kjump to case label
   89 |     case [01;31m[KFORWARD[m[K:
      |          [01;31m[K^~~~~~~[m[K
[01m[K/home/dgarcu/Documents/URJC-Work/2022-2023/arquitectura-software-2023/practicas/intro_ws/src/avoid-obstacle-stressoverflow/src/avoid_obstacle_cpp/AvoidObstacleNode.cpp:82:41:[m[K [01;36m[Knote: [m[K  crosses initialization of ‘[01m[Kkobuki_ros_interfaces::msg::Sound sound[m[K’
   82 |       kobuki_ros_interfaces::msg::Sound [01;36m[Ksound[m[K = kobuki_ros_interfaces::msg::Sound::ON;
      |                                         [01;36m[K^~~~~[m[K
[01m[K/home/dgarcu/Documents/URJC-Work/2022-2023/arquitectura-software-2023/practicas/intro_ws/src/avoid-obstacle-stressoverflow/src/avoid_obstacle_cpp/AvoidObstacleNode.cpp:109:10:[m[K [01;31m[Kerror: [m[Kjump to case label
  109 |     case [01;31m[KYAW_TURN[m[K:
      |          [01;31m[K^~~~~~~~[m[K
[01m[K/home/dgarcu/Documents/URJC-Work/2022-2023/arquitectura-software-2023/practicas/intro_ws/src/avoid-obstacle-stressoverflow/src/avoid_obstacle_cpp/AvoidObstacleNode.cpp:82:41:[m[K [01;36m[Knote: [m[K  crosses initialization of ‘[01m[Kkobuki_ros_interfaces::msg::Sound sound[m[K’
   82 |       kobuki_ros_interfaces::msg::Sound [01;36m[Ksound[m[K = kobuki_ros_interfaces::msg::Sound::ON;
      |                                         [01;36m[K^~~~~[m[K
[01m[K/home/dgarcu/Documents/URJC-Work/2022-2023/arquitectura-software-2023/practicas/intro_ws/src/avoid-obstacle-stressoverflow/src/avoid_obstacle_cpp/AvoidObstacleNode.cpp:122:10:[m[K [01;31m[Kerror: [m[Kjump to case label
  122 |     case [01;31m[KSTOP[m[K:
      |          [01;31m[K^~~~[m[K
[01m[K/home/dgarcu/Documents/URJC-Work/2022-2023/arquitectura-software-2023/practicas/intro_ws/src/avoid-obstacle-stressoverflow/src/avoid_obstacle_cpp/AvoidObstacleNode.cpp:82:41:[m[K [01;36m[Knote: [m[K  crosses initialization of ‘[01m[Kkobuki_ros_interfaces::msg::Sound sound[m[K’
   82 |       kobuki_ros_interfaces::msg::Sound [01;36m[Ksound[m[K = kobuki_ros_interfaces::msg::Sound::ON;
      |                                         [01;36m[K^~~~~[m[K
gmake[2]: *** [CMakeFiles/avoidObstacle.dir/build.make:76: CMakeFiles/avoidObstacle.dir/src/avoid_obstacle_cpp/AvoidObstacleNode.cpp.o] Error 1
gmake[1]: *** [CMakeFiles/Makefile2:137: CMakeFiles/avoidObstacle.dir/all] Error 2
gmake: *** [Makefile:146: all] Error 2
