[0.913s] DEBUG:colcon:Command line arguments: ['/usr/bin/colcon', 'build', '--symlink-install']
[0.914s] DEBUG:colcon:Parsed command line arguments: Namespace(log_base=None, log_level=None, verb_name='build', build_base='build', install_base='install', merge_install=False, symlink_install=True, test_result_base=None, continue_on_error=False, executor='parallel', parallel_workers=12, event_handlers=None, ignore_user_meta=False, metas=['./colcon.meta'], base_paths=['.'], packages_ignore=None, packages_ignore_regex=None, paths=None, packages_up_to=None, packages_up_to_regex=None, packages_above=None, packages_above_and_dependencies=None, packages_above_depth=None, packages_select_by_dep=None, packages_skip_by_dep=None, packages_skip_up_to=None, packages_select_build_failed=False, packages_skip_build_finished=False, packages_select_test_failures=False, packages_skip_test_passed=False, packages_select=None, packages_skip=None, packages_select_regex=None, packages_skip_regex=None, packages_start=None, packages_end=None, allow_overriding=[], cmake_args=None, cmake_target=None, cmake_target_skip_unavailable=False, cmake_clean_cache=False, cmake_clean_first=False, cmake_force_configure=False, ament_cmake_args=None, catkin_cmake_args=None, catkin_skip_building_tests=False, verb_parser=<colcon_defaults.argument_parser.defaults.DefaultArgumentsDecorator object at 0x7f7bbc9ee830>, verb_extension=<colcon_core.verb.build.BuildVerb object at 0x7f7bbd3e8c10>, main=<bound method BuildVerb.main of <colcon_core.verb.build.BuildVerb object at 0x7f7bbd3e8c10>>)
[1.011s] Level 1:colcon.colcon_core.package_discovery:discover_packages(colcon_meta) check parameters
[1.012s] Level 1:colcon.colcon_core.package_discovery:discover_packages(recursive) check parameters
[1.012s] Level 1:colcon.colcon_core.package_discovery:discover_packages(ignore) check parameters
[1.012s] Level 1:colcon.colcon_core.package_discovery:discover_packages(path) check parameters
[1.012s] Level 1:colcon.colcon_core.package_discovery:discover_packages(colcon_meta) discover
[1.012s] Level 1:colcon.colcon_core.package_discovery:discover_packages(recursive) discover
[1.012s] INFO:colcon.colcon_core.package_discovery:Crawling recursively for packages in '/home/teresa/ros2_ws/src/avoid-obstacle-stressoverflow'
[1.012s] Level 1:colcon.colcon_core.package_identification:_identify(.) by extensions ['ignore', 'ignore_ament_install']
[1.013s] Level 1:colcon.colcon_core.package_identification:_identify(.) by extension 'ignore'
[1.013s] Level 1:colcon.colcon_core.package_identification:_identify(.) by extension 'ignore_ament_install'
[1.013s] Level 1:colcon.colcon_core.package_identification:_identify(.) by extensions ['colcon_pkg']
[1.013s] Level 1:colcon.colcon_core.package_identification:_identify(.) by extension 'colcon_pkg'
[1.013s] Level 1:colcon.colcon_core.package_identification:_identify(.) by extensions ['colcon_meta']
[1.013s] Level 1:colcon.colcon_core.package_identification:_identify(.) by extension 'colcon_meta'
[1.013s] Level 1:colcon.colcon_core.package_identification:_identify(.) by extensions ['ros']
[1.013s] Level 1:colcon.colcon_core.package_identification:_identify(.) by extension 'ros'
[1.052s] DEBUG:colcon.colcon_core.package_identification:Package '.' with type 'ros.ament_cmake' and name 'avoid_obstacle_cpp'
[1.053s] Level 1:colcon.colcon_core.package_discovery:discover_packages(recursive) using defaults
[1.053s] Level 1:colcon.colcon_core.package_discovery:discover_packages(ignore) discover
[1.053s] Level 1:colcon.colcon_core.package_discovery:discover_packages(ignore) using defaults
[1.053s] Level 1:colcon.colcon_core.package_discovery:discover_packages(path) discover
[1.053s] Level 1:colcon.colcon_core.package_discovery:discover_packages(path) using defaults
[1.127s] Level 1:colcon.colcon_core.package_discovery:discover_packages(prefix_path) check parameters
[1.127s] Level 1:colcon.colcon_core.package_discovery:discover_packages(prefix_path) discover
[1.152s] DEBUG:colcon.colcon_installed_package_information.package_discovery:Found 126 installed packages in /home/teresa/ros2_ws/install
[1.159s] DEBUG:colcon.colcon_installed_package_information.package_discovery:Found 340 installed packages in /opt/ros/humble
[1.163s] Level 1:colcon.colcon_core.package_discovery:discover_packages(prefix_path) using defaults
[1.428s] Level 5:colcon.colcon_core.verb:set package 'avoid_obstacle_cpp' build argument 'cmake_args' from command line to 'None'
[1.428s] Level 5:colcon.colcon_core.verb:set package 'avoid_obstacle_cpp' build argument 'cmake_target' from command line to 'None'
[1.428s] Level 5:colcon.colcon_core.verb:set package 'avoid_obstacle_cpp' build argument 'cmake_target_skip_unavailable' from command line to 'False'
[1.428s] Level 5:colcon.colcon_core.verb:set package 'avoid_obstacle_cpp' build argument 'cmake_clean_cache' from command line to 'False'
[1.428s] Level 5:colcon.colcon_core.verb:set package 'avoid_obstacle_cpp' build argument 'cmake_clean_first' from command line to 'False'
[1.428s] Level 5:colcon.colcon_core.verb:set package 'avoid_obstacle_cpp' build argument 'cmake_force_configure' from command line to 'False'
[1.428s] Level 5:colcon.colcon_core.verb:set package 'avoid_obstacle_cpp' build argument 'ament_cmake_args' from command line to 'None'
[1.428s] Level 5:colcon.colcon_core.verb:set package 'avoid_obstacle_cpp' build argument 'catkin_cmake_args' from command line to 'None'
[1.428s] Level 5:colcon.colcon_core.verb:set package 'avoid_obstacle_cpp' build argument 'catkin_skip_building_tests' from command line to 'False'
[1.429s] DEBUG:colcon.colcon_core.verb:Building package 'avoid_obstacle_cpp' with the following arguments: {'ament_cmake_args': None, 'build_base': '/home/teresa/ros2_ws/src/avoid-obstacle-stressoverflow/build/avoid_obstacle_cpp', 'catkin_cmake_args': None, 'catkin_skip_building_tests': False, 'cmake_args': None, 'cmake_clean_cache': False, 'cmake_clean_first': False, 'cmake_force_configure': False, 'cmake_target': None, 'cmake_target_skip_unavailable': False, 'install_base': '/home/teresa/ros2_ws/src/avoid-obstacle-stressoverflow/install/avoid_obstacle_cpp', 'merge_install': False, 'path': '/home/teresa/ros2_ws/src/avoid-obstacle-stressoverflow', 'symlink_install': True, 'test_result_base': None}
[1.430s] INFO:colcon.colcon_core.executor:Executing jobs using 'parallel' executor
[1.438s] DEBUG:colcon.colcon_parallel_executor.executor.parallel:run_until_complete
[1.439s] INFO:colcon.colcon_ros.task.ament_cmake.build:Building ROS package in '/home/teresa/ros2_ws/src/avoid-obstacle-stressoverflow' with build type 'ament_cmake'
[1.439s] INFO:colcon.colcon_cmake.task.cmake.build:Building CMake package in '/home/teresa/ros2_ws/src/avoid-obstacle-stressoverflow'
[1.462s] INFO:colcon.colcon_core.plugin_system:Skipping extension 'colcon_core.shell.bat': Not used on non-Windows systems
[1.462s] INFO:colcon.colcon_core.shell:Skip shell extension 'powershell' for command environment: Not usable outside of PowerShell
[1.462s] DEBUG:colcon.colcon_core.shell:Skip shell extension 'dsv' for command environment
[1.514s] DEBUG:colcon.colcon_core.event_handler.log_command:Invoking command in '/home/teresa/ros2_ws/src/avoid-obstacle-stressoverflow/build/avoid_obstacle_cpp': CMAKE_PREFIX_PATH=${CMAKE_PREFIX_PATH}:/home/teresa/ros2_ws/install/joy_teleop:/home/teresa/ros2_ws/install/nav2_simple_commander:/home/teresa/ros2_ws/install/mouse_teleop:/home/teresa/ros2_ws/install/launch_pal:/home/teresa/ros2_ws/install/key_teleop:/opt/ros/humble /usr/bin/cmake /home/teresa/ros2_ws/src/avoid-obstacle-stressoverflow -DAMENT_CMAKE_SYMLINK_INSTALL=1 -DCMAKE_INSTALL_PREFIX=/home/teresa/ros2_ws/src/avoid-obstacle-stressoverflow/install/avoid_obstacle_cpp
[8.265s] DEBUG:colcon.colcon_core.event_handler.log_command:Invoked command in '/home/teresa/ros2_ws/src/avoid-obstacle-stressoverflow/build/avoid_obstacle_cpp' returned '0': CMAKE_PREFIX_PATH=${CMAKE_PREFIX_PATH}:/home/teresa/ros2_ws/install/joy_teleop:/home/teresa/ros2_ws/install/nav2_simple_commander:/home/teresa/ros2_ws/install/mouse_teleop:/home/teresa/ros2_ws/install/launch_pal:/home/teresa/ros2_ws/install/key_teleop:/opt/ros/humble /usr/bin/cmake /home/teresa/ros2_ws/src/avoid-obstacle-stressoverflow -DAMENT_CMAKE_SYMLINK_INSTALL=1 -DCMAKE_INSTALL_PREFIX=/home/teresa/ros2_ws/src/avoid-obstacle-stressoverflow/install/avoid_obstacle_cpp
[8.271s] DEBUG:colcon.colcon_core.event_handler.log_command:Invoking command in '/home/teresa/ros2_ws/src/avoid-obstacle-stressoverflow/build/avoid_obstacle_cpp': CMAKE_PREFIX_PATH=${CMAKE_PREFIX_PATH}:/home/teresa/ros2_ws/install/joy_teleop:/home/teresa/ros2_ws/install/nav2_simple_commander:/home/teresa/ros2_ws/install/mouse_teleop:/home/teresa/ros2_ws/install/launch_pal:/home/teresa/ros2_ws/install/key_teleop:/opt/ros/humble /usr/bin/cmake --build /home/teresa/ros2_ws/src/avoid-obstacle-stressoverflow/build/avoid_obstacle_cpp -- -j12 -l12
[29.726s] DEBUG:colcon.colcon_core.event_handler.log_command:Invoked command in '/home/teresa/ros2_ws/src/avoid-obstacle-stressoverflow/build/avoid_obstacle_cpp' returned '0': CMAKE_PREFIX_PATH=${CMAKE_PREFIX_PATH}:/home/teresa/ros2_ws/install/joy_teleop:/home/teresa/ros2_ws/install/nav2_simple_commander:/home/teresa/ros2_ws/install/mouse_teleop:/home/teresa/ros2_ws/install/launch_pal:/home/teresa/ros2_ws/install/key_teleop:/opt/ros/humble /usr/bin/cmake --build /home/teresa/ros2_ws/src/avoid-obstacle-stressoverflow/build/avoid_obstacle_cpp -- -j12 -l12
[29.899s] DEBUG:colcon.colcon_core.event_handler.log_command:Invoking command in '/home/teresa/ros2_ws/src/avoid-obstacle-stressoverflow/build/avoid_obstacle_cpp': CMAKE_PREFIX_PATH=${CMAKE_PREFIX_PATH}:/home/teresa/ros2_ws/install/joy_teleop:/home/teresa/ros2_ws/install/nav2_simple_commander:/home/teresa/ros2_ws/install/mouse_teleop:/home/teresa/ros2_ws/install/launch_pal:/home/teresa/ros2_ws/install/key_teleop:/opt/ros/humble /usr/bin/cmake --install /home/teresa/ros2_ws/src/avoid-obstacle-stressoverflow/build/avoid_obstacle_cpp
[30.367s] Level 1:colcon.colcon_core.environment:create_environment_scripts_only(avoid_obstacle_cpp)
[30.369s] DEBUG:colcon.colcon_core.event_handler.log_command:Invoked command in '/home/teresa/ros2_ws/src/avoid-obstacle-stressoverflow/build/avoid_obstacle_cpp' returned '0': CMAKE_PREFIX_PATH=${CMAKE_PREFIX_PATH}:/home/teresa/ros2_ws/install/joy_teleop:/home/teresa/ros2_ws/install/nav2_simple_commander:/home/teresa/ros2_ws/install/mouse_teleop:/home/teresa/ros2_ws/install/launch_pal:/home/teresa/ros2_ws/install/key_teleop:/opt/ros/humble /usr/bin/cmake --install /home/teresa/ros2_ws/src/avoid-obstacle-stressoverflow/build/avoid_obstacle_cpp
[30.394s] Level 1:colcon.colcon_core.environment:checking '/home/teresa/ros2_ws/src/avoid-obstacle-stressoverflow/install/avoid_obstacle_cpp' for CMake module files
[30.395s] Level 1:colcon.colcon_core.environment:checking '/home/teresa/ros2_ws/src/avoid-obstacle-stressoverflow/install/avoid_obstacle_cpp' for CMake config files
[30.396s] Level 1:colcon.colcon_core.shell:create_environment_hook('avoid_obstacle_cpp', 'cmake_prefix_path')
[30.399s] INFO:colcon.colcon_core.shell:Creating environment hook '/home/teresa/ros2_ws/src/avoid-obstacle-stressoverflow/install/avoid_obstacle_cpp/share/avoid_obstacle_cpp/hook/cmake_prefix_path.ps1'
[30.401s] INFO:colcon.colcon_core.shell:Creating environment descriptor '/home/teresa/ros2_ws/src/avoid-obstacle-stressoverflow/install/avoid_obstacle_cpp/share/avoid_obstacle_cpp/hook/cmake_prefix_path.dsv'
[30.402s] INFO:colcon.colcon_core.shell:Creating environment hook '/home/teresa/ros2_ws/src/avoid-obstacle-stressoverflow/install/avoid_obstacle_cpp/share/avoid_obstacle_cpp/hook/cmake_prefix_path.sh'
[30.404s] Level 1:colcon.colcon_core.environment:checking '/home/teresa/ros2_ws/src/avoid-obstacle-stressoverflow/install/avoid_obstacle_cpp/lib'
[30.405s] Level 1:colcon.colcon_core.environment:checking '/home/teresa/ros2_ws/src/avoid-obstacle-stressoverflow/install/avoid_obstacle_cpp/bin'
[30.405s] Level 1:colcon.colcon_core.environment:checking '/home/teresa/ros2_ws/src/avoid-obstacle-stressoverflow/install/avoid_obstacle_cpp/lib/pkgconfig/avoid_obstacle_cpp.pc'
[30.406s] Level 1:colcon.colcon_core.environment:checking '/home/teresa/ros2_ws/src/avoid-obstacle-stressoverflow/install/avoid_obstacle_cpp/lib/python3.10/site-packages'
[30.406s] Level 1:colcon.colcon_core.environment:checking '/home/teresa/ros2_ws/src/avoid-obstacle-stressoverflow/install/avoid_obstacle_cpp/bin'
[30.410s] INFO:colcon.colcon_core.shell:Creating package script '/home/teresa/ros2_ws/src/avoid-obstacle-stressoverflow/install/avoid_obstacle_cpp/share/avoid_obstacle_cpp/package.ps1'
[30.412s] INFO:colcon.colcon_core.shell:Creating package descriptor '/home/teresa/ros2_ws/src/avoid-obstacle-stressoverflow/install/avoid_obstacle_cpp/share/avoid_obstacle_cpp/package.dsv'
[30.413s] INFO:colcon.colcon_core.shell:Creating package script '/home/teresa/ros2_ws/src/avoid-obstacle-stressoverflow/install/avoid_obstacle_cpp/share/avoid_obstacle_cpp/package.sh'
[30.415s] INFO:colcon.colcon_core.shell:Creating package script '/home/teresa/ros2_ws/src/avoid-obstacle-stressoverflow/install/avoid_obstacle_cpp/share/avoid_obstacle_cpp/package.bash'
[30.417s] INFO:colcon.colcon_core.shell:Creating package script '/home/teresa/ros2_ws/src/avoid-obstacle-stressoverflow/install/avoid_obstacle_cpp/share/avoid_obstacle_cpp/package.zsh'
[30.418s] Level 1:colcon.colcon_core.environment:create_file_with_runtime_dependencies(/home/teresa/ros2_ws/src/avoid-obstacle-stressoverflow/install/avoid_obstacle_cpp/share/colcon-core/packages/avoid_obstacle_cpp)
[30.573s] Level 1:colcon.colcon_core.environment:create_environment_scripts_only(avoid_obstacle_cpp)
[30.578s] Level 1:colcon.colcon_core.environment:checking '/home/teresa/ros2_ws/src/avoid-obstacle-stressoverflow/install/avoid_obstacle_cpp' for CMake module files
[30.579s] Level 1:colcon.colcon_core.environment:checking '/home/teresa/ros2_ws/src/avoid-obstacle-stressoverflow/install/avoid_obstacle_cpp' for CMake config files
[30.579s] Level 1:colcon.colcon_core.shell:create_environment_hook('avoid_obstacle_cpp', 'cmake_prefix_path')
[30.583s] INFO:colcon.colcon_core.shell:Creating environment hook '/home/teresa/ros2_ws/src/avoid-obstacle-stressoverflow/install/avoid_obstacle_cpp/share/avoid_obstacle_cpp/hook/cmake_prefix_path.ps1'
[30.584s] INFO:colcon.colcon_core.shell:Creating environment descriptor '/home/teresa/ros2_ws/src/avoid-obstacle-stressoverflow/install/avoid_obstacle_cpp/share/avoid_obstacle_cpp/hook/cmake_prefix_path.dsv'
[30.584s] INFO:colcon.colcon_core.shell:Creating environment hook '/home/teresa/ros2_ws/src/avoid-obstacle-stressoverflow/install/avoid_obstacle_cpp/share/avoid_obstacle_cpp/hook/cmake_prefix_path.sh'
[30.585s] Level 1:colcon.colcon_core.environment:checking '/home/teresa/ros2_ws/src/avoid-obstacle-stressoverflow/install/avoid_obstacle_cpp/lib'
[30.586s] Level 1:colcon.colcon_core.environment:checking '/home/teresa/ros2_ws/src/avoid-obstacle-stressoverflow/install/avoid_obstacle_cpp/bin'
[30.586s] Level 1:colcon.colcon_core.environment:checking '/home/teresa/ros2_ws/src/avoid-obstacle-stressoverflow/install/avoid_obstacle_cpp/lib/pkgconfig/avoid_obstacle_cpp.pc'
[30.586s] Level 1:colcon.colcon_core.environment:checking '/home/teresa/ros2_ws/src/avoid-obstacle-stressoverflow/install/avoid_obstacle_cpp/lib/python3.10/site-packages'
[30.587s] Level 1:colcon.colcon_core.environment:checking '/home/teresa/ros2_ws/src/avoid-obstacle-stressoverflow/install/avoid_obstacle_cpp/bin'
[30.590s] INFO:colcon.colcon_core.shell:Creating package script '/home/teresa/ros2_ws/src/avoid-obstacle-stressoverflow/install/avoid_obstacle_cpp/share/avoid_obstacle_cpp/package.ps1'
[30.591s] INFO:colcon.colcon_core.shell:Creating package descriptor '/home/teresa/ros2_ws/src/avoid-obstacle-stressoverflow/install/avoid_obstacle_cpp/share/avoid_obstacle_cpp/package.dsv'
[30.593s] INFO:colcon.colcon_core.shell:Creating package script '/home/teresa/ros2_ws/src/avoid-obstacle-stressoverflow/install/avoid_obstacle_cpp/share/avoid_obstacle_cpp/package.sh'
[30.594s] INFO:colcon.colcon_core.shell:Creating package script '/home/teresa/ros2_ws/src/avoid-obstacle-stressoverflow/install/avoid_obstacle_cpp/share/avoid_obstacle_cpp/package.bash'
[30.595s] INFO:colcon.colcon_core.shell:Creating package script '/home/teresa/ros2_ws/src/avoid-obstacle-stressoverflow/install/avoid_obstacle_cpp/share/avoid_obstacle_cpp/package.zsh'
[30.596s] Level 1:colcon.colcon_core.environment:create_file_with_runtime_dependencies(/home/teresa/ros2_ws/src/avoid-obstacle-stressoverflow/install/avoid_obstacle_cpp/share/colcon-core/packages/avoid_obstacle_cpp)
[30.597s] DEBUG:colcon.colcon_parallel_executor.executor.parallel:closing loop
[30.597s] DEBUG:colcon.colcon_parallel_executor.executor.parallel:loop closed
[30.598s] DEBUG:colcon.colcon_parallel_executor.executor.parallel:run_until_complete finished with '0'
[30.598s] DEBUG:colcon.colcon_core.event_reactor:joining thread
[30.616s] INFO:colcon.colcon_core.plugin_system:Skipping extension 'colcon_notification.desktop_notification.terminal_notifier': Not used on non-Darwin systems
[30.616s] INFO:colcon.colcon_core.plugin_system:Skipping extension 'colcon_notification.desktop_notification.win32': Not used on non-Windows systems
[30.617s] INFO:colcon.colcon_notification.desktop_notification:Sending desktop notification using 'notify2'
[30.658s] DEBUG:colcon.colcon_core.event_reactor:joined thread
[30.662s] INFO:colcon.colcon_core.shell:Creating prefix script '/home/teresa/ros2_ws/src/avoid-obstacle-stressoverflow/install/local_setup.ps1'
[30.665s] INFO:colcon.colcon_core.shell:Creating prefix util module '/home/teresa/ros2_ws/src/avoid-obstacle-stressoverflow/install/_local_setup_util_ps1.py'
[30.669s] INFO:colcon.colcon_core.shell:Creating prefix chain script '/home/teresa/ros2_ws/src/avoid-obstacle-stressoverflow/install/setup.ps1'
[30.681s] INFO:colcon.colcon_core.shell:Creating prefix script '/home/teresa/ros2_ws/src/avoid-obstacle-stressoverflow/install/local_setup.sh'
[30.683s] INFO:colcon.colcon_core.shell:Creating prefix util module '/home/teresa/ros2_ws/src/avoid-obstacle-stressoverflow/install/_local_setup_util_sh.py'
[30.684s] INFO:colcon.colcon_core.shell:Creating prefix chain script '/home/teresa/ros2_ws/src/avoid-obstacle-stressoverflow/install/setup.sh'
[30.697s] INFO:colcon.colcon_core.shell:Creating prefix script '/home/teresa/ros2_ws/src/avoid-obstacle-stressoverflow/install/local_setup.bash'
[30.699s] INFO:colcon.colcon_core.shell:Creating prefix chain script '/home/teresa/ros2_ws/src/avoid-obstacle-stressoverflow/install/setup.bash'
[30.711s] INFO:colcon.colcon_core.shell:Creating prefix script '/home/teresa/ros2_ws/src/avoid-obstacle-stressoverflow/install/local_setup.zsh'
[30.713s] INFO:colcon.colcon_core.shell:Creating prefix chain script '/home/teresa/ros2_ws/src/avoid-obstacle-stressoverflow/install/setup.zsh'
