[0.797s] DEBUG:colcon:Command line arguments: ['/usr/bin/colcon', 'build', '--symlink-install']
[0.798s] DEBUG:colcon:Parsed command line arguments: Namespace(log_base=None, log_level=None, verb_name='build', build_base='build', install_base='install', merge_install=False, symlink_install=True, test_result_base=None, continue_on_error=False, executor='parallel', parallel_workers=12, event_handlers=None, ignore_user_meta=False, metas=['./colcon.meta'], base_paths=['.'], packages_ignore=None, packages_ignore_regex=None, paths=None, packages_up_to=None, packages_up_to_regex=None, packages_above=None, packages_above_and_dependencies=None, packages_above_depth=None, packages_select_by_dep=None, packages_skip_by_dep=None, packages_skip_up_to=None, packages_select_build_failed=False, packages_skip_build_finished=False, packages_select_test_failures=False, packages_skip_test_passed=False, packages_select=None, packages_skip=None, packages_select_regex=None, packages_skip_regex=None, packages_start=None, packages_end=None, allow_overriding=[], cmake_args=None, cmake_target=None, cmake_target_skip_unavailable=False, cmake_clean_cache=False, cmake_clean_first=False, cmake_force_configure=False, ament_cmake_args=None, catkin_cmake_args=None, catkin_skip_building_tests=False, verb_parser=<colcon_defaults.argument_parser.defaults.DefaultArgumentsDecorator object at 0x7fe33f1863e0>, verb_extension=<colcon_core.verb.build.BuildVerb object at 0x7fe33fb80c10>, main=<bound method BuildVerb.main of <colcon_core.verb.build.BuildVerb object at 0x7fe33fb80c10>>)
[0.870s] Level 1:colcon.colcon_core.package_discovery:discover_packages(colcon_meta) check parameters
[0.871s] Level 1:colcon.colcon_core.package_discovery:discover_packages(recursive) check parameters
[0.871s] Level 1:colcon.colcon_core.package_discovery:discover_packages(ignore) check parameters
[0.871s] Level 1:colcon.colcon_core.package_discovery:discover_packages(path) check parameters
[0.871s] Level 1:colcon.colcon_core.package_discovery:discover_packages(colcon_meta) discover
[0.871s] Level 1:colcon.colcon_core.package_discovery:discover_packages(recursive) discover
[0.871s] INFO:colcon.colcon_core.package_discovery:Crawling recursively for packages in '/home/teresa/ros2_ws/src/avoid-obstacle-stressoverflow'
[0.872s] Level 1:colcon.colcon_core.package_identification:_identify(.) by extensions ['ignore', 'ignore_ament_install']
[0.872s] Level 1:colcon.colcon_core.package_identification:_identify(.) by extension 'ignore'
[0.872s] Level 1:colcon.colcon_core.package_identification:_identify(.) by extension 'ignore_ament_install'
[0.872s] Level 1:colcon.colcon_core.package_identification:_identify(.) by extensions ['colcon_pkg']
[0.872s] Level 1:colcon.colcon_core.package_identification:_identify(.) by extension 'colcon_pkg'
[0.873s] Level 1:colcon.colcon_core.package_identification:_identify(.) by extensions ['colcon_meta']
[0.873s] Level 1:colcon.colcon_core.package_identification:_identify(.) by extension 'colcon_meta'
[0.873s] Level 1:colcon.colcon_core.package_identification:_identify(.) by extensions ['ros']
[0.873s] Level 1:colcon.colcon_core.package_identification:_identify(.) by extension 'ros'
[0.907s] DEBUG:colcon.colcon_core.package_identification:Package '.' with type 'ros.ament_cmake' and name 'avoid_obstacle_cpp'
[0.908s] Level 1:colcon.colcon_core.package_discovery:discover_packages(recursive) using defaults
[0.908s] Level 1:colcon.colcon_core.package_discovery:discover_packages(ignore) discover
[0.908s] Level 1:colcon.colcon_core.package_discovery:discover_packages(ignore) using defaults
[0.908s] Level 1:colcon.colcon_core.package_discovery:discover_packages(path) discover
[0.908s] Level 1:colcon.colcon_core.package_discovery:discover_packages(path) using defaults
[0.970s] Level 1:colcon.colcon_core.package_discovery:discover_packages(prefix_path) check parameters
[0.970s] Level 1:colcon.colcon_core.package_discovery:discover_packages(prefix_path) discover
[0.991s] DEBUG:colcon.colcon_installed_package_information.package_discovery:Found 126 installed packages in /home/teresa/ros2_ws/install
[0.997s] DEBUG:colcon.colcon_installed_package_information.package_discovery:Found 340 installed packages in /opt/ros/humble
[1.001s] Level 1:colcon.colcon_core.package_discovery:discover_packages(prefix_path) using defaults
[1.174s] Level 5:colcon.colcon_core.verb:set package 'avoid_obstacle_cpp' build argument 'cmake_args' from command line to 'None'
[1.174s] Level 5:colcon.colcon_core.verb:set package 'avoid_obstacle_cpp' build argument 'cmake_target' from command line to 'None'
[1.174s] Level 5:colcon.colcon_core.verb:set package 'avoid_obstacle_cpp' build argument 'cmake_target_skip_unavailable' from command line to 'False'
[1.174s] Level 5:colcon.colcon_core.verb:set package 'avoid_obstacle_cpp' build argument 'cmake_clean_cache' from command line to 'False'
[1.174s] Level 5:colcon.colcon_core.verb:set package 'avoid_obstacle_cpp' build argument 'cmake_clean_first' from command line to 'False'
[1.174s] Level 5:colcon.colcon_core.verb:set package 'avoid_obstacle_cpp' build argument 'cmake_force_configure' from command line to 'False'
[1.174s] Level 5:colcon.colcon_core.verb:set package 'avoid_obstacle_cpp' build argument 'ament_cmake_args' from command line to 'None'
[1.174s] Level 5:colcon.colcon_core.verb:set package 'avoid_obstacle_cpp' build argument 'catkin_cmake_args' from command line to 'None'
[1.174s] Level 5:colcon.colcon_core.verb:set package 'avoid_obstacle_cpp' build argument 'catkin_skip_building_tests' from command line to 'False'
[1.175s] DEBUG:colcon.colcon_core.verb:Building package 'avoid_obstacle_cpp' with the following arguments: {'ament_cmake_args': None, 'build_base': '/home/teresa/ros2_ws/src/avoid-obstacle-stressoverflow/build/avoid_obstacle_cpp', 'catkin_cmake_args': None, 'catkin_skip_building_tests': False, 'cmake_args': None, 'cmake_clean_cache': False, 'cmake_clean_first': False, 'cmake_force_configure': False, 'cmake_target': None, 'cmake_target_skip_unavailable': False, 'install_base': '/home/teresa/ros2_ws/src/avoid-obstacle-stressoverflow/install/avoid_obstacle_cpp', 'merge_install': False, 'path': '/home/teresa/ros2_ws/src/avoid-obstacle-stressoverflow', 'symlink_install': True, 'test_result_base': None}
[1.177s] INFO:colcon.colcon_core.executor:Executing jobs using 'parallel' executor
[1.185s] DEBUG:colcon.colcon_parallel_executor.executor.parallel:run_until_complete
[1.186s] INFO:colcon.colcon_ros.task.ament_cmake.build:Building ROS package in '/home/teresa/ros2_ws/src/avoid-obstacle-stressoverflow' with build type 'ament_cmake'
[1.186s] INFO:colcon.colcon_cmake.task.cmake.build:Building CMake package in '/home/teresa/ros2_ws/src/avoid-obstacle-stressoverflow'
[1.197s] INFO:colcon.colcon_core.plugin_system:Skipping extension 'colcon_core.shell.bat': Not used on non-Windows systems
[1.197s] INFO:colcon.colcon_core.shell:Skip shell extension 'powershell' for command environment: Not usable outside of PowerShell
[1.198s] DEBUG:colcon.colcon_core.shell:Skip shell extension 'dsv' for command environment
[1.246s] DEBUG:colcon.colcon_core.event_handler.log_command:Invoking command in '/home/teresa/ros2_ws/src/avoid-obstacle-stressoverflow/build/avoid_obstacle_cpp': CMAKE_PREFIX_PATH=${CMAKE_PREFIX_PATH}:/home/teresa/ros2_ws/install/joy_teleop:/home/teresa/ros2_ws/install/nav2_simple_commander:/home/teresa/ros2_ws/install/mouse_teleop:/home/teresa/ros2_ws/install/launch_pal:/home/teresa/ros2_ws/install/key_teleop:/opt/ros/humble /usr/bin/cmake --build /home/teresa/ros2_ws/src/avoid-obstacle-stressoverflow/build/avoid_obstacle_cpp -- -j12 -l12
[21.407s] DEBUG:colcon.colcon_core.event_handler.log_command:Invoked command in '/home/teresa/ros2_ws/src/avoid-obstacle-stressoverflow/build/avoid_obstacle_cpp' returned '0': CMAKE_PREFIX_PATH=${CMAKE_PREFIX_PATH}:/home/teresa/ros2_ws/install/joy_teleop:/home/teresa/ros2_ws/install/nav2_simple_commander:/home/teresa/ros2_ws/install/mouse_teleop:/home/teresa/ros2_ws/install/launch_pal:/home/teresa/ros2_ws/install/key_teleop:/opt/ros/humble /usr/bin/cmake --build /home/teresa/ros2_ws/src/avoid-obstacle-stressoverflow/build/avoid_obstacle_cpp -- -j12 -l12
[21.608s] DEBUG:colcon.colcon_core.event_handler.log_command:Invoking command in '/home/teresa/ros2_ws/src/avoid-obstacle-stressoverflow/build/avoid_obstacle_cpp': CMAKE_PREFIX_PATH=${CMAKE_PREFIX_PATH}:/home/teresa/ros2_ws/install/joy_teleop:/home/teresa/ros2_ws/install/nav2_simple_commander:/home/teresa/ros2_ws/install/mouse_teleop:/home/teresa/ros2_ws/install/launch_pal:/home/teresa/ros2_ws/install/key_teleop:/opt/ros/humble /usr/bin/cmake --install /home/teresa/ros2_ws/src/avoid-obstacle-stressoverflow/build/avoid_obstacle_cpp
[21.701s] Level 1:colcon.colcon_core.environment:create_environment_scripts_only(avoid_obstacle_cpp)
[21.704s] DEBUG:colcon.colcon_core.event_handler.log_command:Invoked command in '/home/teresa/ros2_ws/src/avoid-obstacle-stressoverflow/build/avoid_obstacle_cpp' returned '0': CMAKE_PREFIX_PATH=${CMAKE_PREFIX_PATH}:/home/teresa/ros2_ws/install/joy_teleop:/home/teresa/ros2_ws/install/nav2_simple_commander:/home/teresa/ros2_ws/install/mouse_teleop:/home/teresa/ros2_ws/install/launch_pal:/home/teresa/ros2_ws/install/key_teleop:/opt/ros/humble /usr/bin/cmake --install /home/teresa/ros2_ws/src/avoid-obstacle-stressoverflow/build/avoid_obstacle_cpp
[21.715s] Level 1:colcon.colcon_core.environment:checking '/home/teresa/ros2_ws/src/avoid-obstacle-stressoverflow/install/avoid_obstacle_cpp' for CMake module files
[21.716s] Level 1:colcon.colcon_core.environment:checking '/home/teresa/ros2_ws/src/avoid-obstacle-stressoverflow/install/avoid_obstacle_cpp' for CMake config files
[21.717s] Level 1:colcon.colcon_core.shell:create_environment_hook('avoid_obstacle_cpp', 'cmake_prefix_path')
[21.721s] INFO:colcon.colcon_core.shell:Creating environment hook '/home/teresa/ros2_ws/src/avoid-obstacle-stressoverflow/install/avoid_obstacle_cpp/share/avoid_obstacle_cpp/hook/cmake_prefix_path.ps1'
[21.722s] INFO:colcon.colcon_core.shell:Creating environment descriptor '/home/teresa/ros2_ws/src/avoid-obstacle-stressoverflow/install/avoid_obstacle_cpp/share/avoid_obstacle_cpp/hook/cmake_prefix_path.dsv'
[21.723s] INFO:colcon.colcon_core.shell:Creating environment hook '/home/teresa/ros2_ws/src/avoid-obstacle-stressoverflow/install/avoid_obstacle_cpp/share/avoid_obstacle_cpp/hook/cmake_prefix_path.sh'
[21.725s] Level 1:colcon.colcon_core.environment:checking '/home/teresa/ros2_ws/src/avoid-obstacle-stressoverflow/install/avoid_obstacle_cpp/lib'
[21.726s] Level 1:colcon.colcon_core.environment:checking '/home/teresa/ros2_ws/src/avoid-obstacle-stressoverflow/install/avoid_obstacle_cpp/bin'
[21.726s] Level 1:colcon.colcon_core.environment:checking '/home/teresa/ros2_ws/src/avoid-obstacle-stressoverflow/install/avoid_obstacle_cpp/lib/pkgconfig/avoid_obstacle_cpp.pc'
[21.727s] Level 1:colcon.colcon_core.environment:checking '/home/teresa/ros2_ws/src/avoid-obstacle-stressoverflow/install/avoid_obstacle_cpp/lib/python3.10/site-packages'
[21.727s] Level 1:colcon.colcon_core.environment:checking '/home/teresa/ros2_ws/src/avoid-obstacle-stressoverflow/install/avoid_obstacle_cpp/bin'
[21.731s] INFO:colcon.colcon_core.shell:Creating package script '/home/teresa/ros2_ws/src/avoid-obstacle-stressoverflow/install/avoid_obstacle_cpp/share/avoid_obstacle_cpp/package.ps1'
[21.733s] INFO:colcon.colcon_core.shell:Creating package descriptor '/home/teresa/ros2_ws/src/avoid-obstacle-stressoverflow/install/avoid_obstacle_cpp/share/avoid_obstacle_cpp/package.dsv'
[21.734s] INFO:colcon.colcon_core.shell:Creating package script '/home/teresa/ros2_ws/src/avoid-obstacle-stressoverflow/install/avoid_obstacle_cpp/share/avoid_obstacle_cpp/package.sh'
[21.736s] INFO:colcon.colcon_core.shell:Creating package script '/home/teresa/ros2_ws/src/avoid-obstacle-stressoverflow/install/avoid_obstacle_cpp/share/avoid_obstacle_cpp/package.bash'
[21.737s] INFO:colcon.colcon_core.shell:Creating package script '/home/teresa/ros2_ws/src/avoid-obstacle-stressoverflow/install/avoid_obstacle_cpp/share/avoid_obstacle_cpp/package.zsh'
[21.739s] Level 1:colcon.colcon_core.environment:create_file_with_runtime_dependencies(/home/teresa/ros2_ws/src/avoid-obstacle-stressoverflow/install/avoid_obstacle_cpp/share/colcon-core/packages/avoid_obstacle_cpp)
[21.888s] Level 1:colcon.colcon_core.environment:create_environment_scripts_only(avoid_obstacle_cpp)
[21.894s] Level 1:colcon.colcon_core.environment:checking '/home/teresa/ros2_ws/src/avoid-obstacle-stressoverflow/install/avoid_obstacle_cpp' for CMake module files
[21.895s] Level 1:colcon.colcon_core.environment:checking '/home/teresa/ros2_ws/src/avoid-obstacle-stressoverflow/install/avoid_obstacle_cpp' for CMake config files
[21.896s] Level 1:colcon.colcon_core.shell:create_environment_hook('avoid_obstacle_cpp', 'cmake_prefix_path')
[21.899s] INFO:colcon.colcon_core.shell:Creating environment hook '/home/teresa/ros2_ws/src/avoid-obstacle-stressoverflow/install/avoid_obstacle_cpp/share/avoid_obstacle_cpp/hook/cmake_prefix_path.ps1'
[21.901s] INFO:colcon.colcon_core.shell:Creating environment descriptor '/home/teresa/ros2_ws/src/avoid-obstacle-stressoverflow/install/avoid_obstacle_cpp/share/avoid_obstacle_cpp/hook/cmake_prefix_path.dsv'
[21.901s] INFO:colcon.colcon_core.shell:Creating environment hook '/home/teresa/ros2_ws/src/avoid-obstacle-stressoverflow/install/avoid_obstacle_cpp/share/avoid_obstacle_cpp/hook/cmake_prefix_path.sh'
[21.902s] Level 1:colcon.colcon_core.environment:checking '/home/teresa/ros2_ws/src/avoid-obstacle-stressoverflow/install/avoid_obstacle_cpp/lib'
[21.903s] Level 1:colcon.colcon_core.environment:checking '/home/teresa/ros2_ws/src/avoid-obstacle-stressoverflow/install/avoid_obstacle_cpp/bin'
[21.903s] Level 1:colcon.colcon_core.environment:checking '/home/teresa/ros2_ws/src/avoid-obstacle-stressoverflow/install/avoid_obstacle_cpp/lib/pkgconfig/avoid_obstacle_cpp.pc'
[21.903s] Level 1:colcon.colcon_core.environment:checking '/home/teresa/ros2_ws/src/avoid-obstacle-stressoverflow/install/avoid_obstacle_cpp/lib/python3.10/site-packages'
[21.904s] Level 1:colcon.colcon_core.environment:checking '/home/teresa/ros2_ws/src/avoid-obstacle-stressoverflow/install/avoid_obstacle_cpp/bin'
[21.907s] INFO:colcon.colcon_core.shell:Creating package script '/home/teresa/ros2_ws/src/avoid-obstacle-stressoverflow/install/avoid_obstacle_cpp/share/avoid_obstacle_cpp/package.ps1'
[21.909s] INFO:colcon.colcon_core.shell:Creating package descriptor '/home/teresa/ros2_ws/src/avoid-obstacle-stressoverflow/install/avoid_obstacle_cpp/share/avoid_obstacle_cpp/package.dsv'
[21.910s] INFO:colcon.colcon_core.shell:Creating package script '/home/teresa/ros2_ws/src/avoid-obstacle-stressoverflow/install/avoid_obstacle_cpp/share/avoid_obstacle_cpp/package.sh'
[21.910s] INFO:colcon.colcon_core.shell:Creating package script '/home/teresa/ros2_ws/src/avoid-obstacle-stressoverflow/install/avoid_obstacle_cpp/share/avoid_obstacle_cpp/package.bash'
[21.911s] INFO:colcon.colcon_core.shell:Creating package script '/home/teresa/ros2_ws/src/avoid-obstacle-stressoverflow/install/avoid_obstacle_cpp/share/avoid_obstacle_cpp/package.zsh'
[21.912s] Level 1:colcon.colcon_core.environment:create_file_with_runtime_dependencies(/home/teresa/ros2_ws/src/avoid-obstacle-stressoverflow/install/avoid_obstacle_cpp/share/colcon-core/packages/avoid_obstacle_cpp)
[21.913s] DEBUG:colcon.colcon_parallel_executor.executor.parallel:closing loop
[21.913s] DEBUG:colcon.colcon_parallel_executor.executor.parallel:loop closed
[21.913s] DEBUG:colcon.colcon_parallel_executor.executor.parallel:run_until_complete finished with '0'
[21.913s] DEBUG:colcon.colcon_core.event_reactor:joining thread
[21.929s] INFO:colcon.colcon_core.plugin_system:Skipping extension 'colcon_notification.desktop_notification.terminal_notifier': Not used on non-Darwin systems
[21.929s] INFO:colcon.colcon_core.plugin_system:Skipping extension 'colcon_notification.desktop_notification.win32': Not used on non-Windows systems
[21.929s] INFO:colcon.colcon_notification.desktop_notification:Sending desktop notification using 'notify2'
[21.957s] DEBUG:colcon.colcon_core.event_reactor:joined thread
[21.961s] INFO:colcon.colcon_core.shell:Creating prefix script '/home/teresa/ros2_ws/src/avoid-obstacle-stressoverflow/install/local_setup.ps1'
[21.964s] INFO:colcon.colcon_core.shell:Creating prefix util module '/home/teresa/ros2_ws/src/avoid-obstacle-stressoverflow/install/_local_setup_util_ps1.py'
[21.967s] INFO:colcon.colcon_core.shell:Creating prefix chain script '/home/teresa/ros2_ws/src/avoid-obstacle-stressoverflow/install/setup.ps1'
[21.980s] INFO:colcon.colcon_core.shell:Creating prefix script '/home/teresa/ros2_ws/src/avoid-obstacle-stressoverflow/install/local_setup.sh'
[21.981s] INFO:colcon.colcon_core.shell:Creating prefix util module '/home/teresa/ros2_ws/src/avoid-obstacle-stressoverflow/install/_local_setup_util_sh.py'
[21.982s] INFO:colcon.colcon_core.shell:Creating prefix chain script '/home/teresa/ros2_ws/src/avoid-obstacle-stressoverflow/install/setup.sh'
[21.995s] INFO:colcon.colcon_core.shell:Creating prefix script '/home/teresa/ros2_ws/src/avoid-obstacle-stressoverflow/install/local_setup.bash'
[21.997s] INFO:colcon.colcon_core.shell:Creating prefix chain script '/home/teresa/ros2_ws/src/avoid-obstacle-stressoverflow/install/setup.bash'
[22.009s] INFO:colcon.colcon_core.shell:Creating prefix script '/home/teresa/ros2_ws/src/avoid-obstacle-stressoverflow/install/local_setup.zsh'
[22.010s] INFO:colcon.colcon_core.shell:Creating prefix chain script '/home/teresa/ros2_ws/src/avoid-obstacle-stressoverflow/install/setup.zsh'
