[01m[K/home/dgarcu/Documents/URJC-Work/2022-2023/arquitectura-software-2023/practicas/intro_ws/src/avoid-obstacle-stressoverflow/src/avoid_obstacle_cpp/AvoidObstacleNode.cpp:[m[K In constructor ‘[01m[Kavoid_obstacle_cpp::AvoidObstacleNode::AvoidObstacleNode()[m[K’:
[01m[K/home/dgarcu/Documents/URJC-Work/2022-2023/arquitectura-software-2023/practicas/intro_ws/src/avoid-obstacle-stressoverflow/src/avoid_obstacle_cpp/AvoidObstacleNode.cpp:44:35:[m[K [01;31m[Kerror: [m[K‘[01m[Kbutton_callback[m[K’ is not a member of ‘[01m[Kavoid_obstacle_cpp::AvoidObstacleNode[m[K’
   44 |     std::bind(&AvoidObstacleNode::[01;31m[Kbutton_callback[m[K, this, _1));
      |                                   [01;31m[K^~~~~~~~~~~~~~~[m[K
[01m[K/home/dgarcu/Documents/URJC-Work/2022-2023/arquitectura-software-2023/practicas/intro_ws/src/avoid-obstacle-stressoverflow/src/avoid_obstacle_cpp/AvoidObstacleNode.cpp:45:3:[m[K [01;31m[Kerror: [m[K‘[01m[Kled_pub_[m[K’ was not declared in this scope; did you mean ‘[01m[Kvel_pub_[m[K’?
   45 |   [01;31m[Kled_pub_[m[K = create_publisher<kobuki_ros_interfaces::msg::Led>("status_led", 10);
      |   [01;31m[K^~~~~~~~[m[K
      |   [32m[Kvel_pub_[m[K
[01m[K/home/dgarcu/Documents/URJC-Work/2022-2023/arquitectura-software-2023/practicas/intro_ws/src/avoid-obstacle-stressoverflow/src/avoid_obstacle_cpp/AvoidObstacleNode.cpp:[m[K At global scope:
[01m[K/home/dgarcu/Documents/URJC-Work/2022-2023/arquitectura-software-2023/practicas/intro_ws/src/avoid-obstacle-stressoverflow/src/avoid_obstacle_cpp/AvoidObstacleNode.cpp:53:1:[m[K [01;31m[Kerror: [m[Kno declaration matches ‘[01m[Kvoid avoid_obstacle_cpp::AvoidObstacleNode::scan_callback(kobuki_ros_interfaces::msg::ButtonEvent_<std::allocator<void> >::UniquePtr)[m[K’
   53 | [01;31m[KAvoidObstacleNode[m[K::scan_callback(kobuki_ros_interfaces::msg::ButtonEvent::UniquePtr msg)
      | [01;31m[K^~~~~~~~~~~~~~~~~[m[K
In file included from [01m[K/home/dgarcu/Documents/URJC-Work/2022-2023/arquitectura-software-2023/practicas/intro_ws/src/avoid-obstacle-stressoverflow/src/avoid_obstacle_cpp/AvoidObstacleNode.cpp:17[m[K:
[01m[K/home/dgarcu/Documents/URJC-Work/2022-2023/arquitectura-software-2023/practicas/intro_ws/src/avoid-obstacle-stressoverflow/include/avoid_obstacle_cpp/AvoidObstacleNode.hpp:38:8:[m[K [01;36m[Knote: [m[Kcandidate is: ‘[01m[Kvoid avoid_obstacle_cpp::AvoidObstacleNode::scan_callback(sensor_msgs::msg::LaserScan_<std::allocator<void> >::UniquePtr)[m[K’
   38 |   void [01;36m[Kscan_callback[m[K(sensor_msgs::msg::LaserScan::UniquePtr msg);
      |        [01;36m[K^~~~~~~~~~~~~[m[K
[01m[K/home/dgarcu/Documents/URJC-Work/2022-2023/arquitectura-software-2023/practicas/intro_ws/src/avoid-obstacle-stressoverflow/include/avoid_obstacle_cpp/AvoidObstacleNode.hpp:32:7:[m[K [01;36m[Knote: [m[K‘[01m[Kclass avoid_obstacle_cpp::AvoidObstacleNode[m[K’ defined here
   32 | class [01;36m[KAvoidObstacleNode[m[K : public rclcpp::Node
      |       [01;36m[K^~~~~~~~~~~~~~~~~[m[K
[01m[K/home/dgarcu/Documents/URJC-Work/2022-2023/arquitectura-software-2023/practicas/intro_ws/src/avoid-obstacle-stressoverflow/src/avoid_obstacle_cpp/AvoidObstacleNode.cpp:59:1:[m[K [01;31m[Kerror: [m[Kno declaration matches ‘[01m[Kvoid avoid_obstacle_cpp::AvoidObstacleNode::button_callback(sensor_msgs::msg::LaserScan_<std::allocator<void> >::UniquePtr)[m[K’
   59 | [01;31m[KAvoidObstacleNode[m[K::button_callback(sensor_msgs::msg::LaserScan::UniquePtr msg)
      | [01;31m[K^~~~~~~~~~~~~~~~~[m[K
[01m[K/home/dgarcu/Documents/URJC-Work/2022-2023/arquitectura-software-2023/practicas/intro_ws/src/avoid-obstacle-stressoverflow/src/avoid_obstacle_cpp/AvoidObstacleNode.cpp:59:1:[m[K [01;36m[Knote: [m[Kno functions named ‘[01m[Kvoid avoid_obstacle_cpp::AvoidObstacleNode::button_callback(sensor_msgs::msg::LaserScan_<std::allocator<void> >::UniquePtr)[m[K’
In file included from [01m[K/home/dgarcu/Documents/URJC-Work/2022-2023/arquitectura-software-2023/practicas/intro_ws/src/avoid-obstacle-stressoverflow/src/avoid_obstacle_cpp/AvoidObstacleNode.cpp:17[m[K:
[01m[K/home/dgarcu/Documents/URJC-Work/2022-2023/arquitectura-software-2023/practicas/intro_ws/src/avoid-obstacle-stressoverflow/include/avoid_obstacle_cpp/AvoidObstacleNode.hpp:32:7:[m[K [01;36m[Knote: [m[K‘[01m[Kclass avoid_obstacle_cpp::AvoidObstacleNode[m[K’ defined here
   32 | class [01;36m[KAvoidObstacleNode[m[K : public rclcpp::Node
      |       [01;36m[K^~~~~~~~~~~~~~~~~[m[K
gmake[2]: *** [CMakeFiles/avoidObstacle.dir/build.make:76: CMakeFiles/avoidObstacle.dir/src/avoid_obstacle_cpp/AvoidObstacleNode.cpp.o] Error 1
gmake[1]: *** [CMakeFiles/Makefile2:137: CMakeFiles/avoidObstacle.dir/all] Error 2
gmake: *** [Makefile:146: all] Error 2
