[0.016s] Invoking command in '/home/arantxa/workspaceNew/src/avoid-obstacle-stressoverflow/build/avoid_obstacle_cpp': CMAKE_PREFIX_PATH=${CMAKE_PREFIX_PATH}:/home/arantxa/workspaceNew/install/joy_teleop:/home/arantxa/workspaceNew/install/nav2_simple_commander:/home/arantxa/workspaceNew/install/mouse_teleop:/home/arantxa/workspaceNew/install/launch_pal:/home/arantxa/workspaceNew/install/key_teleop:/opt/ros/humble /usr/bin/cmake --build /home/arantxa/workspaceNew/src/avoid-obstacle-stressoverflow/build/avoid_obstacle_cpp -- -j20 -l20
[0.072s] [35m[1mConsolidate compiler generated dependencies of target avoidObstacle[0m
[0.091s] [100%] Built target avoidObstacle
[0.100s] Invoked command in '/home/arantxa/workspaceNew/src/avoid-obstacle-stressoverflow/build/avoid_obstacle_cpp' returned '0': CMAKE_PREFIX_PATH=${CMAKE_PREFIX_PATH}:/home/arantxa/workspaceNew/install/joy_teleop:/home/arantxa/workspaceNew/install/nav2_simple_commander:/home/arantxa/workspaceNew/install/mouse_teleop:/home/arantxa/workspaceNew/install/launch_pal:/home/arantxa/workspaceNew/install/key_teleop:/opt/ros/humble /usr/bin/cmake --build /home/arantxa/workspaceNew/src/avoid-obstacle-stressoverflow/build/avoid_obstacle_cpp -- -j20 -l20
[0.150s] Invoking command in '/home/arantxa/workspaceNew/src/avoid-obstacle-stressoverflow/build/avoid_obstacle_cpp': CMAKE_PREFIX_PATH=${CMAKE_PREFIX_PATH}:/home/arantxa/workspaceNew/install/joy_teleop:/home/arantxa/workspaceNew/install/nav2_simple_commander:/home/arantxa/workspaceNew/install/mouse_teleop:/home/arantxa/workspaceNew/install/launch_pal:/home/arantxa/workspaceNew/install/key_teleop:/opt/ros/humble /usr/bin/cmake --install /home/arantxa/workspaceNew/src/avoid-obstacle-stressoverflow/build/avoid_obstacle_cpp
[0.163s] -- Install configuration: ""
[0.163s] -- Execute custom install script
[0.164s] -- Up-to-date symlink: /home/arantxa/workspaceNew/src/avoid-obstacle-stressoverflow/install/avoid_obstacle_cpp/lib/avoid_obstacle_cpp/avoidObstacle
[0.164s] -- Up-to-date symlink: /home/arantxa/workspaceNew/src/avoid-obstacle-stressoverflow/install/avoid_obstacle_cpp/share/avoid_obstacle_cpp/launch/avoid_obstacle.launch.py
[0.164s] -- Up-to-date symlink: /home/arantxa/workspaceNew/src/avoid-obstacle-stressoverflow/install/avoid_obstacle_cpp/share/ament_index/resource_index/package_run_dependencies/avoid_obstacle_cpp
[0.164s] -- Up-to-date symlink: /home/arantxa/workspaceNew/src/avoid-obstacle-stressoverflow/install/avoid_obstacle_cpp/share/ament_index/resource_index/parent_prefix_path/avoid_obstacle_cpp
[0.164s] -- Up-to-date symlink: /home/arantxa/workspaceNew/src/avoid-obstacle-stressoverflow/install/avoid_obstacle_cpp/share/avoid_obstacle_cpp/environment/ament_prefix_path.sh
[0.164s] -- Up-to-date symlink: /home/arantxa/workspaceNew/src/avoid-obstacle-stressoverflow/install/avoid_obstacle_cpp/share/avoid_obstacle_cpp/environment/ament_prefix_path.dsv
[0.164s] -- Up-to-date symlink: /home/arantxa/workspaceNew/src/avoid-obstacle-stressoverflow/install/avoid_obstacle_cpp/share/avoid_obstacle_cpp/environment/path.sh
[0.164s] -- Up-to-date symlink: /home/arantxa/workspaceNew/src/avoid-obstacle-stressoverflow/install/avoid_obstacle_cpp/share/avoid_obstacle_cpp/environment/path.dsv
[0.165s] -- Up-to-date symlink: /home/arantxa/workspaceNew/src/avoid-obstacle-stressoverflow/install/avoid_obstacle_cpp/share/avoid_obstacle_cpp/local_setup.bash
[0.165s] -- Up-to-date symlink: /home/arantxa/workspaceNew/src/avoid-obstacle-stressoverflow/install/avoid_obstacle_cpp/share/avoid_obstacle_cpp/local_setup.sh
[0.165s] -- Up-to-date symlink: /home/arantxa/workspaceNew/src/avoid-obstacle-stressoverflow/install/avoid_obstacle_cpp/share/avoid_obstacle_cpp/local_setup.zsh
[0.165s] -- Up-to-date symlink: /home/arantxa/workspaceNew/src/avoid-obstacle-stressoverflow/install/avoid_obstacle_cpp/share/avoid_obstacle_cpp/local_setup.dsv
[0.165s] -- Symlinking: /home/arantxa/workspaceNew/src/avoid-obstacle-stressoverflow/install/avoid_obstacle_cpp/share/avoid_obstacle_cpp/package.dsv
[0.180s] -- Up-to-date symlink: /home/arantxa/workspaceNew/src/avoid-obstacle-stressoverflow/install/avoid_obstacle_cpp/share/ament_index/resource_index/packages/avoid_obstacle_cpp
[0.180s] -- Up-to-date symlink: /home/arantxa/workspaceNew/src/avoid-obstacle-stressoverflow/install/avoid_obstacle_cpp/share/avoid_obstacle_cpp/cmake/avoid_obstacle_cppConfig.cmake
[0.180s] -- Up-to-date symlink: /home/arantxa/workspaceNew/src/avoid-obstacle-stressoverflow/install/avoid_obstacle_cpp/share/avoid_obstacle_cpp/cmake/avoid_obstacle_cppConfig-version.cmake
[0.181s] -- Up-to-date symlink: /home/arantxa/workspaceNew/src/avoid-obstacle-stressoverflow/install/avoid_obstacle_cpp/share/avoid_obstacle_cpp/package.xml
[0.185s] Invoked command in '/home/arantxa/workspaceNew/src/avoid-obstacle-stressoverflow/build/avoid_obstacle_cpp' returned '0': CMAKE_PREFIX_PATH=${CMAKE_PREFIX_PATH}:/home/arantxa/workspaceNew/install/joy_teleop:/home/arantxa/workspaceNew/install/nav2_simple_commander:/home/arantxa/workspaceNew/install/mouse_teleop:/home/arantxa/workspaceNew/install/launch_pal:/home/arantxa/workspaceNew/install/key_teleop:/opt/ros/humble /usr/bin/cmake --install /home/arantxa/workspaceNew/src/avoid-obstacle-stressoverflow/build/avoid_obstacle_cpp
