[01m[K/home/dgarcu/Documents/URJC-Work/2022-2023/arquitectura-software-2023/practicas/intro_ws/src/avoid-obstacle-stressoverflow/src/avoid_obstacle_cpp/AvoidObstacleNode.cpp:[m[K In member function ‘[01m[Kvoid avoid_obstacle_cpp::AvoidObstacleNode::control_cycle()[m[K’:
[01m[K/home/dgarcu/Documents/URJC-Work/2022-2023/arquitectura-software-2023/practicas/intro_ws/src/avoid-obstacle-stressoverflow/src/avoid_obstacle_cpp/AvoidObstacleNode.cpp:82:77:[m[K [01;31m[Kerror: [m[K‘[01m[Kkobuki_ros_interfaces::msg::sound[m[K’ has not been declared
   82 |       kobuki_ros_interfaces::msg::Sound sound = kobuki_ros_interfaces::msg::[01;31m[Ksound[m[K::ON;
      |                                                                             [01;31m[K^~~~~[m[K
[01m[K/home/dgarcu/Documents/URJC-Work/2022-2023/arquitectura-software-2023/practicas/intro_ws/src/avoid-obstacle-stressoverflow/src/avoid_obstacle_cpp/AvoidObstacleNode.cpp:89:10:[m[K [01;31m[Kerror: [m[Kjump to case label
   89 |     case [01;31m[KFORWARD[m[K:
      |          [01;31m[K^~~~~~~[m[K
[01m[K/home/dgarcu/Documents/URJC-Work/2022-2023/arquitectura-software-2023/practicas/intro_ws/src/avoid-obstacle-stressoverflow/src/avoid_obstacle_cpp/AvoidObstacleNode.cpp:82:41:[m[K [01;36m[Knote: [m[K  crosses initialization of ‘[01m[Kkobuki_ros_interfaces::msg::Sound sound[m[K’
   82 |       kobuki_ros_interfaces::msg::Sound [01;36m[Ksound[m[K = kobuki_ros_interfaces::msg::sound::ON;
      |                                         [01;36m[K^~~~~[m[K
[01m[K/home/dgarcu/Documents/URJC-Work/2022-2023/arquitectura-software-2023/practicas/intro_ws/src/avoid-obstacle-stressoverflow/src/avoid_obstacle_cpp/AvoidObstacleNode.cpp:109:10:[m[K [01;31m[Kerror: [m[Kjump to case label
  109 |     case [01;31m[KYAW_TURN[m[K:
      |          [01;31m[K^~~~~~~~[m[K
[01m[K/home/dgarcu/Documents/URJC-Work/2022-2023/arquitectura-software-2023/practicas/intro_ws/src/avoid-obstacle-stressoverflow/src/avoid_obstacle_cpp/AvoidObstacleNode.cpp:82:41:[m[K [01;36m[Knote: [m[K  crosses initialization of ‘[01m[Kkobuki_ros_interfaces::msg::Sound sound[m[K’
   82 |       kobuki_ros_interfaces::msg::Sound [01;36m[Ksound[m[K = kobuki_ros_interfaces::msg::sound::ON;
      |                                         [01;36m[K^~~~~[m[K
[01m[K/home/dgarcu/Documents/URJC-Work/2022-2023/arquitectura-software-2023/practicas/intro_ws/src/avoid-obstacle-stressoverflow/src/avoid_obstacle_cpp/AvoidObstacleNode.cpp:122:10:[m[K [01;31m[Kerror: [m[Kjump to case label
  122 |     case [01;31m[KSTOP[m[K:
      |          [01;31m[K^~~~[m[K
[01m[K/home/dgarcu/Documents/URJC-Work/2022-2023/arquitectura-software-2023/practicas/intro_ws/src/avoid-obstacle-stressoverflow/src/avoid_obstacle_cpp/AvoidObstacleNode.cpp:82:41:[m[K [01;36m[Knote: [m[K  crosses initialization of ‘[01m[Kkobuki_ros_interfaces::msg::Sound sound[m[K’
   82 |       kobuki_ros_interfaces::msg::Sound [01;36m[Ksound[m[K = kobuki_ros_interfaces::msg::sound::ON;
      |                                         [01;36m[K^~~~~[m[K
gmake[2]: *** [CMakeFiles/avoidObstacle.dir/build.make:76: CMakeFiles/avoidObstacle.dir/src/avoid_obstacle_cpp/AvoidObstacleNode.cpp.o] Error 1
gmake[1]: *** [CMakeFiles/Makefile2:137: CMakeFiles/avoidObstacle.dir/all] Error 2
gmake: *** [Makefile:146: all] Error 2
