[35m[1mConsolidate compiler generated dependencies of target avoidObstacle[0m
[ 25%] [32mBuilding CXX object CMakeFiles/avoidObstacle.dir/src/avoid_obstacle_cpp/AvoidObstacleNode.cpp.o[0m
[ 50%] [32mBuilding CXX object CMakeFiles/avoidObstacle.dir/src/avoidObstacle_main.cpp.o[0m
[01m[K/home/dgarcu/Documents/URJC-Work/2022-2023/arquitectura-software-2023/practicas/intro_ws/src/avoid-obstacle-stressoverflow/src/avoid_obstacle_cpp/AvoidObstacleNode.cpp:[m[K In member function ‘[01m[Kvoid avoid_obstacle_cpp::AvoidObstacleNode::control_cycle()[m[K’:
[01m[K/home/dgarcu/Documents/URJC-Work/2022-2023/arquitectura-software-2023/practicas/intro_ws/src/avoid-obstacle-stressoverflow/src/avoid_obstacle_cpp/AvoidObstacleNode.cpp:82:84:[m[K [01;31m[Kerror: [m[Kconversion from ‘[01m[Kconst uint8_t[m[K’ {aka ‘[01m[Kconst unsigned char[m[K’} to non-scalar type ‘[01m[Kkobuki_ros_interfaces::msg::Sound[m[K’ {aka ‘[01m[Kkobuki_ros_interfaces::msg::Sound_<std::allocator<void> >[m[K’} requested
   82 |       kobuki_ros_interfaces::msg::Sound sound = [01;31m[Kkobuki_ros_interfaces::msg::Sound::ON[m[K;
      |                                                 [01;31m[K~~~~~~~~~~~~~~~~~~~~~~~~~~~~~~~~~~~^~[m[K
[01m[K/home/dgarcu/Documents/URJC-Work/2022-2023/arquitectura-software-2023/practicas/intro_ws/src/avoid-obstacle-stressoverflow/src/avoid_obstacle_cpp/AvoidObstacleNode.cpp:83:60:[m[K [01;31m[Kerror: [m[Kexpected primary-expression before ‘[01m[K)[m[K’ token
   83 |       sound_pub_->publish(kobuki_ros_interfaces::msg::Sound[01;31m[K)[m[K
      |                                                            [01;31m[K^[m[K
[01m[K/home/dgarcu/Documents/URJC-Work/2022-2023/arquitectura-software-2023/practicas/intro_ws/src/avoid-obstacle-stressoverflow/src/avoid_obstacle_cpp/AvoidObstacleNode.cpp:89:10:[m[K [01;31m[Kerror: [m[Kjump to case label
   89 |     case [01;31m[KFORWARD[m[K:
      |          [01;31m[K^~~~~~~[m[K
[01m[K/home/dgarcu/Documents/URJC-Work/2022-2023/arquitectura-software-2023/practicas/intro_ws/src/avoid-obstacle-stressoverflow/src/avoid_obstacle_cpp/AvoidObstacleNode.cpp:82:41:[m[K [01;36m[Knote: [m[K  crosses initialization of ‘[01m[Kkobuki_ros_interfaces::msg::Sound sound[m[K’
   82 |       kobuki_ros_interfaces::msg::Sound [01;36m[Ksound[m[K = kobuki_ros_interfaces::msg::Sound::ON;
      |                                         [01;36m[K^~~~~[m[K
[01m[K/home/dgarcu/Documents/URJC-Work/2022-2023/arquitectura-software-2023/practicas/intro_ws/src/avoid-obstacle-stressoverflow/src/avoid_obstacle_cpp/AvoidObstacleNode.cpp:109:10:[m[K [01;31m[Kerror: [m[Kjump to case label
  109 |     case [01;31m[KYAW_TURN[m[K:
      |          [01;31m[K^~~~~~~~[m[K
[01m[K/home/dgarcu/Documents/URJC-Work/2022-2023/arquitectura-software-2023/practicas/intro_ws/src/avoid-obstacle-stressoverflow/src/avoid_obstacle_cpp/AvoidObstacleNode.cpp:82:41:[m[K [01;36m[Knote: [m[K  crosses initialization of ‘[01m[Kkobuki_ros_interfaces::msg::Sound sound[m[K’
   82 |       kobuki_ros_interfaces::msg::Sound [01;36m[Ksound[m[K = kobuki_ros_interfaces::msg::Sound::ON;
      |                                         [01;36m[K^~~~~[m[K
[01m[K/home/dgarcu/Documents/URJC-Work/2022-2023/arquitectura-software-2023/practicas/intro_ws/src/avoid-obstacle-stressoverflow/src/avoid_obstacle_cpp/AvoidObstacleNode.cpp:122:10:[m[K [01;31m[Kerror: [m[Kjump to case label
  122 |     case [01;31m[KSTOP[m[K:
      |          [01;31m[K^~~~[m[K
[01m[K/home/dgarcu/Documents/URJC-Work/2022-2023/arquitectura-software-2023/practicas/intro_ws/src/avoid-obstacle-stressoverflow/src/avoid_obstacle_cpp/AvoidObstacleNode.cpp:82:41:[m[K [01;36m[Knote: [m[K  crosses initialization of ‘[01m[Kkobuki_ros_interfaces::msg::Sound sound[m[K’
   82 |       kobuki_ros_interfaces::msg::Sound [01;36m[Ksound[m[K = kobuki_ros_interfaces::msg::Sound::ON;
      |                                         [01;36m[K^~~~~[m[K
gmake[2]: *** [CMakeFiles/avoidObstacle.dir/build.make:76: CMakeFiles/avoidObstacle.dir/src/avoid_obstacle_cpp/AvoidObstacleNode.cpp.o] Error 1
gmake[1]: *** [CMakeFiles/Makefile2:137: CMakeFiles/avoidObstacle.dir/all] Error 2
gmake: *** [Makefile:146: all] Error 2
