[0.031s] Invoking command in '/home/dgarcu/Documents/URJC-Work/2022-2023/arquitectura-software-2023/practicas/intro_ws/src/avoid-obstacle-stressoverflow/build/avoid_obstacle_cpp': CMAKE_PREFIX_PATH=${CMAKE_PREFIX_PATH}:/home/dgarcu/Documents/URJC-Work/2022-2023/arquitectura-software-2023/practicas/intro_ws/install/joy_teleop:/home/dgarcu/Documents/URJC-Work/2022-2023/arquitectura-software-2023/practicas/intro_ws/install/nav2_simple_commander:/home/dgarcu/Documents/URJC-Work/2022-2023/arquitectura-software-2023/practicas/intro_ws/install/mouse_teleop:/home/dgarcu/Documents/URJC-Work/2022-2023/arquitectura-software-2023/practicas/intro_ws/install/launch_pal:/home/dgarcu/Documents/URJC-Work/2022-2023/arquitectura-software-2023/practicas/intro_ws/install/key_teleop:/opt/ros/humble /usr/bin/cmake --build /home/dgarcu/Documents/URJC-Work/2022-2023/arquitectura-software-2023/practicas/intro_ws/src/avoid-obstacle-stressoverflow/build/avoid_obstacle_cpp -- -j8 -l8
[0.111s] [35m[1mConsolidate compiler generated dependencies of target avoidObstacle[0m
[0.152s] [ 25%] [32mBuilding CXX object CMakeFiles/avoidObstacle.dir/src/avoid_obstacle_cpp/AvoidObstacleNode.cpp.o[0m
[0.152s] [ 50%] [32mBuilding CXX object CMakeFiles/avoidObstacle.dir/src/avoidObstacle_main.cpp.o[0m
[2.519s] [01m[K/home/dgarcu/Documents/URJC-Work/2022-2023/arquitectura-software-2023/practicas/intro_ws/src/avoid-obstacle-stressoverflow/src/avoid_obstacle_cpp/AvoidObstacleNode.cpp:[m[K In member function ‘[01m[Kvoid avoid_obstacle_cpp::AvoidObstacleNode::control_cycle()[m[K’:
[2.519s] [01m[K/home/dgarcu/Documents/URJC-Work/2022-2023/arquitectura-software-2023/practicas/intro_ws/src/avoid-obstacle-stressoverflow/src/avoid_obstacle_cpp/AvoidObstacleNode.cpp:82:84:[m[K [01;31m[Kerror: [m[Kconversion from ‘[01m[Kconst uint8_t[m[K’ {aka ‘[01m[Kconst unsigned char[m[K’} to non-scalar type ‘[01m[Kkobuki_ros_interfaces::msg::Sound[m[K’ {aka ‘[01m[Kkobuki_ros_interfaces::msg::Sound_<std::allocator<void> >[m[K’} requested
[2.519s]    82 |       kobuki_ros_interfaces::msg::Sound sound = [01;31m[Kkobuki_ros_interfaces::msg::Sound::ON[m[K;
[2.519s]       |                                                 [01;31m[K~~~~~~~~~~~~~~~~~~~~~~~~~~~~~~~~~~~^~[m[K
[2.520s] [01m[K/home/dgarcu/Documents/URJC-Work/2022-2023/arquitectura-software-2023/practicas/intro_ws/src/avoid-obstacle-stressoverflow/src/avoid_obstacle_cpp/AvoidObstacleNode.cpp:83:60:[m[K [01;31m[Kerror: [m[Kexpected primary-expression before ‘[01m[K)[m[K’ token
[2.520s]    83 |       sound_pub_->publish(kobuki_ros_interfaces::msg::Sound[01;31m[K)[m[K
[2.520s]       |                                                            [01;31m[K^[m[K
[2.520s] [01m[K/home/dgarcu/Documents/URJC-Work/2022-2023/arquitectura-software-2023/practicas/intro_ws/src/avoid-obstacle-stressoverflow/src/avoid_obstacle_cpp/AvoidObstacleNode.cpp:89:10:[m[K [01;31m[Kerror: [m[Kjump to case label
[2.520s]    89 |     case [01;31m[KFORWARD[m[K:
[2.520s]       |          [01;31m[K^~~~~~~[m[K
[2.520s] [01m[K/home/dgarcu/Documents/URJC-Work/2022-2023/arquitectura-software-2023/practicas/intro_ws/src/avoid-obstacle-stressoverflow/src/avoid_obstacle_cpp/AvoidObstacleNode.cpp:82:41:[m[K [01;36m[Knote: [m[K  crosses initialization of ‘[01m[Kkobuki_ros_interfaces::msg::Sound sound[m[K’
[2.520s]    82 |       kobuki_ros_interfaces::msg::Sound [01;36m[Ksound[m[K = kobuki_ros_interfaces::msg::Sound::ON;
[2.520s]       |                                         [01;36m[K^~~~~[m[K
[2.521s] [01m[K/home/dgarcu/Documents/URJC-Work/2022-2023/arquitectura-software-2023/practicas/intro_ws/src/avoid-obstacle-stressoverflow/src/avoid_obstacle_cpp/AvoidObstacleNode.cpp:109:10:[m[K [01;31m[Kerror: [m[Kjump to case label
[2.521s]   109 |     case [01;31m[KYAW_TURN[m[K:
[2.521s]       |          [01;31m[K^~~~~~~~[m[K
[2.521s] [01m[K/home/dgarcu/Documents/URJC-Work/2022-2023/arquitectura-software-2023/practicas/intro_ws/src/avoid-obstacle-stressoverflow/src/avoid_obstacle_cpp/AvoidObstacleNode.cpp:82:41:[m[K [01;36m[Knote: [m[K  crosses initialization of ‘[01m[Kkobuki_ros_interfaces::msg::Sound sound[m[K’
[2.521s]    82 |       kobuki_ros_interfaces::msg::Sound [01;36m[Ksound[m[K = kobuki_ros_interfaces::msg::Sound::ON;
[2.521s]       |                                         [01;36m[K^~~~~[m[K
[2.521s] [01m[K/home/dgarcu/Documents/URJC-Work/2022-2023/arquitectura-software-2023/practicas/intro_ws/src/avoid-obstacle-stressoverflow/src/avoid_obstacle_cpp/AvoidObstacleNode.cpp:122:10:[m[K [01;31m[Kerror: [m[Kjump to case label
[2.521s]   122 |     case [01;31m[KSTOP[m[K:
[2.521s]       |          [01;31m[K^~~~[m[K
[2.522s] [01m[K/home/dgarcu/Documents/URJC-Work/2022-2023/arquitectura-software-2023/practicas/intro_ws/src/avoid-obstacle-stressoverflow/src/avoid_obstacle_cpp/AvoidObstacleNode.cpp:82:41:[m[K [01;36m[Knote: [m[K  crosses initialization of ‘[01m[Kkobuki_ros_interfaces::msg::Sound sound[m[K’
[2.522s]    82 |       kobuki_ros_interfaces::msg::Sound [01;36m[Ksound[m[K = kobuki_ros_interfaces::msg::Sound::ON;
[2.522s]       |                                         [01;36m[K^~~~~[m[K
[5.613s] gmake[2]: *** [CMakeFiles/avoidObstacle.dir/build.make:76: CMakeFiles/avoidObstacle.dir/src/avoid_obstacle_cpp/AvoidObstacleNode.cpp.o] Error 1
[5.613s] gmake[1]: *** [CMakeFiles/Makefile2:137: CMakeFiles/avoidObstacle.dir/all] Error 2
[5.613s] gmake: *** [Makefile:146: all] Error 2
[5.616s] Invoked command in '/home/dgarcu/Documents/URJC-Work/2022-2023/arquitectura-software-2023/practicas/intro_ws/src/avoid-obstacle-stressoverflow/build/avoid_obstacle_cpp' returned '2': CMAKE_PREFIX_PATH=${CMAKE_PREFIX_PATH}:/home/dgarcu/Documents/URJC-Work/2022-2023/arquitectura-software-2023/practicas/intro_ws/install/joy_teleop:/home/dgarcu/Documents/URJC-Work/2022-2023/arquitectura-software-2023/practicas/intro_ws/install/nav2_simple_commander:/home/dgarcu/Documents/URJC-Work/2022-2023/arquitectura-software-2023/practicas/intro_ws/install/mouse_teleop:/home/dgarcu/Documents/URJC-Work/2022-2023/arquitectura-software-2023/practicas/intro_ws/install/launch_pal:/home/dgarcu/Documents/URJC-Work/2022-2023/arquitectura-software-2023/practicas/intro_ws/install/key_teleop:/opt/ros/humble /usr/bin/cmake --build /home/dgarcu/Documents/URJC-Work/2022-2023/arquitectura-software-2023/practicas/intro_ws/src/avoid-obstacle-stressoverflow/build/avoid_obstacle_cpp -- -j8 -l8
