[0.210s] DEBUG:colcon:Command line arguments: ['/usr/bin/colcon', 'build', '--symlink-install']
[0.211s] DEBUG:colcon:Parsed command line arguments: Namespace(log_base=None, log_level=None, verb_name='build', build_base='build', install_base='install', merge_install=False, symlink_install=True, test_result_base=None, continue_on_error=False, executor='parallel', parallel_workers=8, event_handlers=None, ignore_user_meta=False, metas=['./colcon.meta'], base_paths=['.'], packages_ignore=None, packages_ignore_regex=None, paths=None, packages_up_to=None, packages_up_to_regex=None, packages_above=None, packages_above_and_dependencies=None, packages_above_depth=None, packages_select_by_dep=None, packages_skip_by_dep=None, packages_skip_up_to=None, packages_select_build_failed=False, packages_skip_build_finished=False, packages_select_test_failures=False, packages_skip_test_passed=False, packages_select=None, packages_skip=None, packages_select_regex=None, packages_skip_regex=None, packages_start=None, packages_end=None, allow_overriding=[], cmake_args=None, cmake_target=None, cmake_target_skip_unavailable=False, cmake_clean_cache=False, cmake_clean_first=False, cmake_force_configure=False, ament_cmake_args=None, catkin_cmake_args=None, catkin_skip_building_tests=False, verb_parser=<colcon_defaults.argument_parser.defaults.DefaultArgumentsDecorator object at 0x7f65febbf010>, verb_extension=<colcon_core.verb.build.BuildVerb object at 0x7f65ff59cac0>, main=<bound method BuildVerb.main of <colcon_core.verb.build.BuildVerb object at 0x7f65ff59cac0>>)
[0.236s] Level 1:colcon.colcon_core.package_discovery:discover_packages(colcon_meta) check parameters
[0.236s] Level 1:colcon.colcon_core.package_discovery:discover_packages(recursive) check parameters
[0.236s] Level 1:colcon.colcon_core.package_discovery:discover_packages(ignore) check parameters
[0.236s] Level 1:colcon.colcon_core.package_discovery:discover_packages(path) check parameters
[0.236s] Level 1:colcon.colcon_core.package_discovery:discover_packages(colcon_meta) discover
[0.236s] Level 1:colcon.colcon_core.package_discovery:discover_packages(recursive) discover
[0.236s] INFO:colcon.colcon_core.package_discovery:Crawling recursively for packages in '/home/carlos/Escritorio/ros2/practicas/src/avoid-obstacle-stressoverflow'
[0.236s] Level 1:colcon.colcon_core.package_identification:_identify(.) by extensions ['ignore', 'ignore_ament_install']
[0.237s] Level 1:colcon.colcon_core.package_identification:_identify(.) by extension 'ignore'
[0.237s] Level 1:colcon.colcon_core.package_identification:_identify(.) by extension 'ignore_ament_install'
[0.237s] Level 1:colcon.colcon_core.package_identification:_identify(.) by extensions ['colcon_pkg']
[0.237s] Level 1:colcon.colcon_core.package_identification:_identify(.) by extension 'colcon_pkg'
[0.237s] Level 1:colcon.colcon_core.package_identification:_identify(.) by extensions ['colcon_meta']
[0.237s] Level 1:colcon.colcon_core.package_identification:_identify(.) by extension 'colcon_meta'
[0.237s] Level 1:colcon.colcon_core.package_identification:_identify(.) by extensions ['ros']
[0.237s] Level 1:colcon.colcon_core.package_identification:_identify(.) by extension 'ros'
[0.246s] DEBUG:colcon.colcon_core.package_identification:Package '.' with type 'ros.ament_cmake' and name 'avoid_obstacle_cpp'
[0.246s] Level 1:colcon.colcon_core.package_discovery:discover_packages(recursive) using defaults
[0.246s] Level 1:colcon.colcon_core.package_discovery:discover_packages(ignore) discover
[0.246s] Level 1:colcon.colcon_core.package_discovery:discover_packages(ignore) using defaults
[0.247s] Level 1:colcon.colcon_core.package_discovery:discover_packages(path) discover
[0.247s] Level 1:colcon.colcon_core.package_discovery:discover_packages(path) using defaults
[0.263s] Level 1:colcon.colcon_core.package_discovery:discover_packages(prefix_path) check parameters
[0.263s] Level 1:colcon.colcon_core.package_discovery:discover_packages(prefix_path) discover
[0.269s] DEBUG:colcon.colcon_installed_package_information.package_discovery:Found 126 installed packages in /home/carlos/Escritorio/ros2/practicas/install
[0.270s] DEBUG:colcon.colcon_installed_package_information.package_discovery:Found 380 installed packages in /opt/ros/humble
[0.272s] Level 1:colcon.colcon_core.package_discovery:discover_packages(prefix_path) using defaults
[0.322s] Level 5:colcon.colcon_core.verb:set package 'avoid_obstacle_cpp' build argument 'cmake_args' from command line to 'None'
[0.322s] Level 5:colcon.colcon_core.verb:set package 'avoid_obstacle_cpp' build argument 'cmake_target' from command line to 'None'
[0.322s] Level 5:colcon.colcon_core.verb:set package 'avoid_obstacle_cpp' build argument 'cmake_target_skip_unavailable' from command line to 'False'
[0.322s] Level 5:colcon.colcon_core.verb:set package 'avoid_obstacle_cpp' build argument 'cmake_clean_cache' from command line to 'False'
[0.322s] Level 5:colcon.colcon_core.verb:set package 'avoid_obstacle_cpp' build argument 'cmake_clean_first' from command line to 'False'
[0.322s] Level 5:colcon.colcon_core.verb:set package 'avoid_obstacle_cpp' build argument 'cmake_force_configure' from command line to 'False'
[0.322s] Level 5:colcon.colcon_core.verb:set package 'avoid_obstacle_cpp' build argument 'ament_cmake_args' from command line to 'None'
[0.322s] Level 5:colcon.colcon_core.verb:set package 'avoid_obstacle_cpp' build argument 'catkin_cmake_args' from command line to 'None'
[0.322s] Level 5:colcon.colcon_core.verb:set package 'avoid_obstacle_cpp' build argument 'catkin_skip_building_tests' from command line to 'False'
[0.322s] DEBUG:colcon.colcon_core.verb:Building package 'avoid_obstacle_cpp' with the following arguments: {'ament_cmake_args': None, 'build_base': '/home/carlos/Escritorio/ros2/practicas/src/avoid-obstacle-stressoverflow/build/avoid_obstacle_cpp', 'catkin_cmake_args': None, 'catkin_skip_building_tests': False, 'cmake_args': None, 'cmake_clean_cache': False, 'cmake_clean_first': False, 'cmake_force_configure': False, 'cmake_target': None, 'cmake_target_skip_unavailable': False, 'install_base': '/home/carlos/Escritorio/ros2/practicas/src/avoid-obstacle-stressoverflow/install/avoid_obstacle_cpp', 'merge_install': False, 'path': '/home/carlos/Escritorio/ros2/practicas/src/avoid-obstacle-stressoverflow', 'symlink_install': True, 'test_result_base': None}
[0.323s] INFO:colcon.colcon_core.executor:Executing jobs using 'parallel' executor
[0.325s] DEBUG:colcon.colcon_parallel_executor.executor.parallel:run_until_complete
[0.325s] INFO:colcon.colcon_ros.task.ament_cmake.build:Building ROS package in '/home/carlos/Escritorio/ros2/practicas/src/avoid-obstacle-stressoverflow' with build type 'ament_cmake'
[0.326s] INFO:colcon.colcon_cmake.task.cmake.build:Building CMake package in '/home/carlos/Escritorio/ros2/practicas/src/avoid-obstacle-stressoverflow'
[0.329s] INFO:colcon.colcon_core.plugin_system:Skipping extension 'colcon_core.shell.bat': Not used on non-Windows systems
[0.329s] INFO:colcon.colcon_core.shell:Skip shell extension 'powershell' for command environment: Not usable outside of PowerShell
[0.329s] DEBUG:colcon.colcon_core.shell:Skip shell extension 'dsv' for command environment
[0.344s] DEBUG:colcon.colcon_core.event_handler.log_command:Invoking command in '/home/carlos/Escritorio/ros2/practicas/src/avoid-obstacle-stressoverflow/build/avoid_obstacle_cpp': CMAKE_PREFIX_PATH=${CMAKE_PREFIX_PATH}:/home/carlos/Escritorio/ros2/practicas/install/joy_teleop:/home/carlos/Escritorio/ros2/practicas/install/nav2_simple_commander:/home/carlos/Escritorio/ros2/practicas/install/mouse_teleop:/home/carlos/Escritorio/ros2/practicas/install/launch_pal:/home/carlos/Escritorio/ros2/practicas/install/key_teleop:/opt/ros/humble COMP_WORDBREAKS=
"'><=;|&( /usr/bin/cmake /home/carlos/Escritorio/ros2/practicas/src/avoid-obstacle-stressoverflow -DAMENT_CMAKE_SYMLINK_INSTALL=1 -DCMAKE_INSTALL_PREFIX=/home/carlos/Escritorio/ros2/practicas/src/avoid-obstacle-stressoverflow/install/avoid_obstacle_cpp
[2.296s] DEBUG:colcon.colcon_core.event_handler.log_command:Invoked command in '/home/carlos/Escritorio/ros2/practicas/src/avoid-obstacle-stressoverflow/build/avoid_obstacle_cpp' returned '0': CMAKE_PREFIX_PATH=${CMAKE_PREFIX_PATH}:/home/carlos/Escritorio/ros2/practicas/install/joy_teleop:/home/carlos/Escritorio/ros2/practicas/install/nav2_simple_commander:/home/carlos/Escritorio/ros2/practicas/install/mouse_teleop:/home/carlos/Escritorio/ros2/practicas/install/launch_pal:/home/carlos/Escritorio/ros2/practicas/install/key_teleop:/opt/ros/humble COMP_WORDBREAKS=
"'><=;|&( /usr/bin/cmake /home/carlos/Escritorio/ros2/practicas/src/avoid-obstacle-stressoverflow -DAMENT_CMAKE_SYMLINK_INSTALL=1 -DCMAKE_INSTALL_PREFIX=/home/carlos/Escritorio/ros2/practicas/src/avoid-obstacle-stressoverflow/install/avoid_obstacle_cpp
[2.297s] DEBUG:colcon.colcon_core.event_handler.log_command:Invoking command in '/home/carlos/Escritorio/ros2/practicas/src/avoid-obstacle-stressoverflow/build/avoid_obstacle_cpp': CMAKE_PREFIX_PATH=${CMAKE_PREFIX_PATH}:/home/carlos/Escritorio/ros2/practicas/install/joy_teleop:/home/carlos/Escritorio/ros2/practicas/install/nav2_simple_commander:/home/carlos/Escritorio/ros2/practicas/install/mouse_teleop:/home/carlos/Escritorio/ros2/practicas/install/launch_pal:/home/carlos/Escritorio/ros2/practicas/install/key_teleop:/opt/ros/humble COMP_WORDBREAKS=
"'><=;|&( /usr/bin/cmake --build /home/carlos/Escritorio/ros2/practicas/src/avoid-obstacle-stressoverflow/build/avoid_obstacle_cpp -- -j8 -l8
[8.816s] DEBUG:colcon.colcon_core.event_handler.log_command:Invoked command in '/home/carlos/Escritorio/ros2/practicas/src/avoid-obstacle-stressoverflow/build/avoid_obstacle_cpp' returned '0': CMAKE_PREFIX_PATH=${CMAKE_PREFIX_PATH}:/home/carlos/Escritorio/ros2/practicas/install/joy_teleop:/home/carlos/Escritorio/ros2/practicas/install/nav2_simple_commander:/home/carlos/Escritorio/ros2/practicas/install/mouse_teleop:/home/carlos/Escritorio/ros2/practicas/install/launch_pal:/home/carlos/Escritorio/ros2/practicas/install/key_teleop:/opt/ros/humble COMP_WORDBREAKS=
"'><=;|&( /usr/bin/cmake --build /home/carlos/Escritorio/ros2/practicas/src/avoid-obstacle-stressoverflow/build/avoid_obstacle_cpp -- -j8 -l8
[8.881s] DEBUG:colcon.colcon_core.event_handler.log_command:Invoking command in '/home/carlos/Escritorio/ros2/practicas/src/avoid-obstacle-stressoverflow/build/avoid_obstacle_cpp': CMAKE_PREFIX_PATH=${CMAKE_PREFIX_PATH}:/home/carlos/Escritorio/ros2/practicas/install/joy_teleop:/home/carlos/Escritorio/ros2/practicas/install/nav2_simple_commander:/home/carlos/Escritorio/ros2/practicas/install/mouse_teleop:/home/carlos/Escritorio/ros2/practicas/install/launch_pal:/home/carlos/Escritorio/ros2/practicas/install/key_teleop:/opt/ros/humble COMP_WORDBREAKS=
"'><=;|&( /usr/bin/cmake --install /home/carlos/Escritorio/ros2/practicas/src/avoid-obstacle-stressoverflow/build/avoid_obstacle_cpp
[9.077s] Level 1:colcon.colcon_core.environment:create_environment_scripts_only(avoid_obstacle_cpp)
[9.078s] DEBUG:colcon.colcon_core.event_handler.log_command:Invoked command in '/home/carlos/Escritorio/ros2/practicas/src/avoid-obstacle-stressoverflow/build/avoid_obstacle_cpp' returned '0': CMAKE_PREFIX_PATH=${CMAKE_PREFIX_PATH}:/home/carlos/Escritorio/ros2/practicas/install/joy_teleop:/home/carlos/Escritorio/ros2/practicas/install/nav2_simple_commander:/home/carlos/Escritorio/ros2/practicas/install/mouse_teleop:/home/carlos/Escritorio/ros2/practicas/install/launch_pal:/home/carlos/Escritorio/ros2/practicas/install/key_teleop:/opt/ros/humble COMP_WORDBREAKS=
"'><=;|&( /usr/bin/cmake --install /home/carlos/Escritorio/ros2/practicas/src/avoid-obstacle-stressoverflow/build/avoid_obstacle_cpp
[9.081s] Level 1:colcon.colcon_core.environment:checking '/home/carlos/Escritorio/ros2/practicas/src/avoid-obstacle-stressoverflow/install/avoid_obstacle_cpp' for CMake module files
[9.082s] Level 1:colcon.colcon_core.environment:checking '/home/carlos/Escritorio/ros2/practicas/src/avoid-obstacle-stressoverflow/install/avoid_obstacle_cpp' for CMake config files
[9.082s] Level 1:colcon.colcon_core.shell:create_environment_hook('avoid_obstacle_cpp', 'cmake_prefix_path')
[9.083s] INFO:colcon.colcon_core.shell:Creating environment hook '/home/carlos/Escritorio/ros2/practicas/src/avoid-obstacle-stressoverflow/install/avoid_obstacle_cpp/share/avoid_obstacle_cpp/hook/cmake_prefix_path.ps1'
[9.083s] INFO:colcon.colcon_core.shell:Creating environment descriptor '/home/carlos/Escritorio/ros2/practicas/src/avoid-obstacle-stressoverflow/install/avoid_obstacle_cpp/share/avoid_obstacle_cpp/hook/cmake_prefix_path.dsv'
[9.084s] INFO:colcon.colcon_core.shell:Creating environment hook '/home/carlos/Escritorio/ros2/practicas/src/avoid-obstacle-stressoverflow/install/avoid_obstacle_cpp/share/avoid_obstacle_cpp/hook/cmake_prefix_path.sh'
[9.084s] Level 1:colcon.colcon_core.environment:checking '/home/carlos/Escritorio/ros2/practicas/src/avoid-obstacle-stressoverflow/install/avoid_obstacle_cpp/lib'
[9.084s] Level 1:colcon.colcon_core.environment:checking '/home/carlos/Escritorio/ros2/practicas/src/avoid-obstacle-stressoverflow/install/avoid_obstacle_cpp/bin'
[9.084s] Level 1:colcon.colcon_core.environment:checking '/home/carlos/Escritorio/ros2/practicas/src/avoid-obstacle-stressoverflow/install/avoid_obstacle_cpp/lib/pkgconfig/avoid_obstacle_cpp.pc'
[9.084s] Level 1:colcon.colcon_core.environment:checking '/home/carlos/Escritorio/ros2/practicas/src/avoid-obstacle-stressoverflow/install/avoid_obstacle_cpp/lib/python3.10/site-packages'
[9.084s] Level 1:colcon.colcon_core.environment:checking '/home/carlos/Escritorio/ros2/practicas/src/avoid-obstacle-stressoverflow/install/avoid_obstacle_cpp/bin'
[9.085s] INFO:colcon.colcon_core.shell:Creating package script '/home/carlos/Escritorio/ros2/practicas/src/avoid-obstacle-stressoverflow/install/avoid_obstacle_cpp/share/avoid_obstacle_cpp/package.ps1'
[9.086s] INFO:colcon.colcon_core.shell:Creating package descriptor '/home/carlos/Escritorio/ros2/practicas/src/avoid-obstacle-stressoverflow/install/avoid_obstacle_cpp/share/avoid_obstacle_cpp/package.dsv'
[9.086s] INFO:colcon.colcon_core.shell:Creating package script '/home/carlos/Escritorio/ros2/practicas/src/avoid-obstacle-stressoverflow/install/avoid_obstacle_cpp/share/avoid_obstacle_cpp/package.sh'
[9.087s] INFO:colcon.colcon_core.shell:Creating package script '/home/carlos/Escritorio/ros2/practicas/src/avoid-obstacle-stressoverflow/install/avoid_obstacle_cpp/share/avoid_obstacle_cpp/package.bash'
[9.087s] INFO:colcon.colcon_core.shell:Creating package script '/home/carlos/Escritorio/ros2/practicas/src/avoid-obstacle-stressoverflow/install/avoid_obstacle_cpp/share/avoid_obstacle_cpp/package.zsh'
[9.088s] Level 1:colcon.colcon_core.environment:create_file_with_runtime_dependencies(/home/carlos/Escritorio/ros2/practicas/src/avoid-obstacle-stressoverflow/install/avoid_obstacle_cpp/share/colcon-core/packages/avoid_obstacle_cpp)
[9.146s] Level 1:colcon.colcon_core.environment:create_environment_scripts_only(avoid_obstacle_cpp)
[9.147s] Level 1:colcon.colcon_core.environment:checking '/home/carlos/Escritorio/ros2/practicas/src/avoid-obstacle-stressoverflow/install/avoid_obstacle_cpp' for CMake module files
[9.148s] Level 1:colcon.colcon_core.environment:checking '/home/carlos/Escritorio/ros2/practicas/src/avoid-obstacle-stressoverflow/install/avoid_obstacle_cpp' for CMake config files
[9.148s] Level 1:colcon.colcon_core.shell:create_environment_hook('avoid_obstacle_cpp', 'cmake_prefix_path')
[9.149s] INFO:colcon.colcon_core.shell:Creating environment hook '/home/carlos/Escritorio/ros2/practicas/src/avoid-obstacle-stressoverflow/install/avoid_obstacle_cpp/share/avoid_obstacle_cpp/hook/cmake_prefix_path.ps1'
[9.149s] INFO:colcon.colcon_core.shell:Creating environment descriptor '/home/carlos/Escritorio/ros2/practicas/src/avoid-obstacle-stressoverflow/install/avoid_obstacle_cpp/share/avoid_obstacle_cpp/hook/cmake_prefix_path.dsv'
[9.149s] INFO:colcon.colcon_core.shell:Creating environment hook '/home/carlos/Escritorio/ros2/practicas/src/avoid-obstacle-stressoverflow/install/avoid_obstacle_cpp/share/avoid_obstacle_cpp/hook/cmake_prefix_path.sh'
[9.150s] Level 1:colcon.colcon_core.environment:checking '/home/carlos/Escritorio/ros2/practicas/src/avoid-obstacle-stressoverflow/install/avoid_obstacle_cpp/lib'
[9.150s] Level 1:colcon.colcon_core.environment:checking '/home/carlos/Escritorio/ros2/practicas/src/avoid-obstacle-stressoverflow/install/avoid_obstacle_cpp/bin'
[9.150s] Level 1:colcon.colcon_core.environment:checking '/home/carlos/Escritorio/ros2/practicas/src/avoid-obstacle-stressoverflow/install/avoid_obstacle_cpp/lib/pkgconfig/avoid_obstacle_cpp.pc'
[9.150s] Level 1:colcon.colcon_core.environment:checking '/home/carlos/Escritorio/ros2/practicas/src/avoid-obstacle-stressoverflow/install/avoid_obstacle_cpp/lib/python3.10/site-packages'
[9.150s] Level 1:colcon.colcon_core.environment:checking '/home/carlos/Escritorio/ros2/practicas/src/avoid-obstacle-stressoverflow/install/avoid_obstacle_cpp/bin'
[9.151s] INFO:colcon.colcon_core.shell:Creating package script '/home/carlos/Escritorio/ros2/practicas/src/avoid-obstacle-stressoverflow/install/avoid_obstacle_cpp/share/avoid_obstacle_cpp/package.ps1'
[9.151s] INFO:colcon.colcon_core.shell:Creating package descriptor '/home/carlos/Escritorio/ros2/practicas/src/avoid-obstacle-stressoverflow/install/avoid_obstacle_cpp/share/avoid_obstacle_cpp/package.dsv'
[9.152s] INFO:colcon.colcon_core.shell:Creating package script '/home/carlos/Escritorio/ros2/practicas/src/avoid-obstacle-stressoverflow/install/avoid_obstacle_cpp/share/avoid_obstacle_cpp/package.sh'
[9.152s] INFO:colcon.colcon_core.shell:Creating package script '/home/carlos/Escritorio/ros2/practicas/src/avoid-obstacle-stressoverflow/install/avoid_obstacle_cpp/share/avoid_obstacle_cpp/package.bash'
[9.152s] INFO:colcon.colcon_core.shell:Creating package script '/home/carlos/Escritorio/ros2/practicas/src/avoid-obstacle-stressoverflow/install/avoid_obstacle_cpp/share/avoid_obstacle_cpp/package.zsh'
[9.152s] Level 1:colcon.colcon_core.environment:create_file_with_runtime_dependencies(/home/carlos/Escritorio/ros2/practicas/src/avoid-obstacle-stressoverflow/install/avoid_obstacle_cpp/share/colcon-core/packages/avoid_obstacle_cpp)
[9.153s] DEBUG:colcon.colcon_parallel_executor.executor.parallel:closing loop
[9.153s] DEBUG:colcon.colcon_parallel_executor.executor.parallel:loop closed
[9.153s] DEBUG:colcon.colcon_parallel_executor.executor.parallel:run_until_complete finished with '0'
[9.153s] DEBUG:colcon.colcon_core.event_reactor:joining thread
[9.158s] INFO:colcon.colcon_core.plugin_system:Skipping extension 'colcon_notification.desktop_notification.terminal_notifier': Not used on non-Darwin systems
[9.158s] INFO:colcon.colcon_core.plugin_system:Skipping extension 'colcon_notification.desktop_notification.win32': Not used on non-Windows systems
[9.158s] INFO:colcon.colcon_notification.desktop_notification:Sending desktop notification using 'notify2'
[9.166s] DEBUG:colcon.colcon_core.event_reactor:joined thread
[9.167s] INFO:colcon.colcon_core.shell:Creating prefix script '/home/carlos/Escritorio/ros2/practicas/src/avoid-obstacle-stressoverflow/install/local_setup.ps1'
[9.168s] INFO:colcon.colcon_core.shell:Creating prefix util module '/home/carlos/Escritorio/ros2/practicas/src/avoid-obstacle-stressoverflow/install/_local_setup_util_ps1.py'
[9.169s] INFO:colcon.colcon_core.shell:Creating prefix chain script '/home/carlos/Escritorio/ros2/practicas/src/avoid-obstacle-stressoverflow/install/setup.ps1'
[9.173s] INFO:colcon.colcon_core.shell:Creating prefix script '/home/carlos/Escritorio/ros2/practicas/src/avoid-obstacle-stressoverflow/install/local_setup.sh'
[9.173s] INFO:colcon.colcon_core.shell:Creating prefix util module '/home/carlos/Escritorio/ros2/practicas/src/avoid-obstacle-stressoverflow/install/_local_setup_util_sh.py'
[9.174s] INFO:colcon.colcon_core.shell:Creating prefix chain script '/home/carlos/Escritorio/ros2/practicas/src/avoid-obstacle-stressoverflow/install/setup.sh'
[9.177s] INFO:colcon.colcon_core.shell:Creating prefix script '/home/carlos/Escritorio/ros2/practicas/src/avoid-obstacle-stressoverflow/install/local_setup.bash'
[9.177s] INFO:colcon.colcon_core.shell:Creating prefix chain script '/home/carlos/Escritorio/ros2/practicas/src/avoid-obstacle-stressoverflow/install/setup.bash'
[9.181s] INFO:colcon.colcon_core.shell:Creating prefix script '/home/carlos/Escritorio/ros2/practicas/src/avoid-obstacle-stressoverflow/install/local_setup.zsh'
[9.181s] INFO:colcon.colcon_core.shell:Creating prefix chain script '/home/carlos/Escritorio/ros2/practicas/src/avoid-obstacle-stressoverflow/install/setup.zsh'
