[0.072s] Invoking command in '/home/teresa/ros2_ws/src/avoid-obstacle-stressoverflow/build/avoid_obstacle_cpp': CMAKE_PREFIX_PATH=${CMAKE_PREFIX_PATH}:/home/teresa/ros2_ws/install/joy_teleop:/home/teresa/ros2_ws/install/nav2_simple_commander:/home/teresa/ros2_ws/install/mouse_teleop:/home/teresa/ros2_ws/install/launch_pal:/home/teresa/ros2_ws/install/key_teleop:/opt/ros/humble /usr/bin/cmake /home/teresa/ros2_ws/src/avoid-obstacle-stressoverflow -DAMENT_CMAKE_SYMLINK_INSTALL=1 -DCMAKE_INSTALL_PREFIX=/home/teresa/ros2_ws/src/avoid-obstacle-stressoverflow/install/avoid_obstacle_cpp
[0.320s] -- The C compiler identification is GNU 11.3.0
[0.515s] -- The CXX compiler identification is GNU 11.3.0
[0.542s] -- Detecting C compiler ABI info
[0.768s] -- Detecting C compiler ABI info - done
[0.787s] -- Check for working C compiler: /usr/bin/cc - skipped
[0.796s] -- Detecting C compile features
[0.797s] -- Detecting C compile features - done
[0.805s] -- Detecting CXX compiler ABI info
[1.053s] -- Detecting CXX compiler ABI info - done
[1.073s] -- Check for working CXX compiler: /usr/bin/c++ - skipped
[1.074s] -- Detecting CXX compile features
[1.075s] -- Detecting CXX compile features - done
[1.114s] -- Found ament_cmake: 1.3.3 (/opt/ros/humble/share/ament_cmake/cmake)
[1.768s] -- Found Python3: /usr/bin/python3.10 (found version "3.10.6") found components: Interpreter 
[1.988s] -- Override CMake install command with custom implementation using symlinks instead of copying resources
[2.352s] -- Found rclcpp: 16.0.3 (/opt/ros/humble/share/rclcpp/cmake)
[2.752s] -- Found rosidl_generator_c: 3.1.4 (/opt/ros/humble/share/rosidl_generator_c/cmake)
[2.804s] -- Found rosidl_adapter: 3.1.4 (/opt/ros/humble/share/rosidl_adapter/cmake)
[2.868s] -- Found rosidl_generator_cpp: 3.1.4 (/opt/ros/humble/share/rosidl_generator_cpp/cmake)
[2.962s] -- Using all available rosidl_typesupport_c: rosidl_typesupport_fastrtps_c;rosidl_typesupport_introspection_c
[3.088s] -- Using all available rosidl_typesupport_cpp: rosidl_typesupport_fastrtps_cpp;rosidl_typesupport_introspection_cpp
[3.440s] -- Found rmw_implementation_cmake: 6.1.1 (/opt/ros/humble/share/rmw_implementation_cmake/cmake)
[3.482s] -- Found rmw_fastrtps_cpp: 6.2.2 (/opt/ros/humble/share/rmw_fastrtps_cpp/cmake)
[3.975s] -- Found OpenSSL: /usr/lib/x86_64-linux-gnu/libcrypto.so (found version "3.0.2")  
[4.079s] -- Found FastRTPS: /opt/ros/humble/include  
[4.255s] -- Using RMW implementation 'rmw_fastrtps_cpp' as default
[4.348s] -- Looking for pthread.h
[4.579s] -- Looking for pthread.h - found
[4.580s] -- Performing Test CMAKE_HAVE_LIBC_PTHREAD
[4.811s] -- Performing Test CMAKE_HAVE_LIBC_PTHREAD - Success
[4.814s] -- Found Threads: TRUE  
[5.330s] -- Found sensor_msgs: 4.2.3 (/opt/ros/humble/share/sensor_msgs/cmake)
[5.699s] -- Found kobuki_ros_interfaces: 1.0.0 (/home/teresa/ros2_ws/install/kobuki_ros_interfaces/share/kobuki_ros_interfaces/cmake)
[6.246s] -- Found ament_lint_auto: 0.12.5 (/opt/ros/humble/share/ament_lint_auto/cmake)
[6.675s] -- Added test 'copyright' to check source files copyright and LICENSE
[6.695s] -- Added test 'cppcheck' to perform static code analysis on C / C++ code
[6.695s] -- Configured cppcheck include dirs: /home/teresa/ros2_ws/src/avoid-obstacle-stressoverflow/include
[6.695s] -- Configured cppcheck exclude dirs and/or files: 
[6.714s] -- Added test 'cpplint' to check C / C++ code against the Google style
[6.714s] -- Configured cpplint exclude dirs and/or files: 
[6.721s] -- Added test 'flake8' to check Python code syntax and style conventions
[6.730s] -- Added test 'lint_cmake' to check CMake code style
[6.738s] -- Added test 'pep257' to check Python code against some of the docstring style conventions in PEP 257
[6.757s] -- Added test 'uncrustify' to check C / C++ code style
[6.757s] -- Configured uncrustify additional arguments: 
[6.764s] -- Added test 'xmllint' to check XML markup files
[6.777s] -- Configuring done
[6.801s] -- Generating done
[6.805s] -- Build files have been written to: /home/teresa/ros2_ws/src/avoid-obstacle-stressoverflow/build/avoid_obstacle_cpp
[6.824s] Invoked command in '/home/teresa/ros2_ws/src/avoid-obstacle-stressoverflow/build/avoid_obstacle_cpp' returned '0': CMAKE_PREFIX_PATH=${CMAKE_PREFIX_PATH}:/home/teresa/ros2_ws/install/joy_teleop:/home/teresa/ros2_ws/install/nav2_simple_commander:/home/teresa/ros2_ws/install/mouse_teleop:/home/teresa/ros2_ws/install/launch_pal:/home/teresa/ros2_ws/install/key_teleop:/opt/ros/humble /usr/bin/cmake /home/teresa/ros2_ws/src/avoid-obstacle-stressoverflow -DAMENT_CMAKE_SYMLINK_INSTALL=1 -DCMAKE_INSTALL_PREFIX=/home/teresa/ros2_ws/src/avoid-obstacle-stressoverflow/install/avoid_obstacle_cpp
[6.829s] Invoking command in '/home/teresa/ros2_ws/src/avoid-obstacle-stressoverflow/build/avoid_obstacle_cpp': CMAKE_PREFIX_PATH=${CMAKE_PREFIX_PATH}:/home/teresa/ros2_ws/install/joy_teleop:/home/teresa/ros2_ws/install/nav2_simple_commander:/home/teresa/ros2_ws/install/mouse_teleop:/home/teresa/ros2_ws/install/launch_pal:/home/teresa/ros2_ws/install/key_teleop:/opt/ros/humble /usr/bin/cmake --build /home/teresa/ros2_ws/src/avoid-obstacle-stressoverflow/build/avoid_obstacle_cpp -- -j12 -l12
[7.005s] [ 33%] [32mBuilding CXX object CMakeFiles/avoidObstacle.dir/src/avoidObstacle_main.cpp.o[0m
[7.008s] [ 66%] [32mBuilding CXX object CMakeFiles/avoidObstacle.dir/src/avoid_obstacle_cpp/AvoidObstacleNode.cpp.o[0m
[27.164s] [100%] [32m[1mLinking CXX executable avoidObstacle[0m
[28.254s] [100%] Built target avoidObstacle
[28.285s] Invoked command in '/home/teresa/ros2_ws/src/avoid-obstacle-stressoverflow/build/avoid_obstacle_cpp' returned '0': CMAKE_PREFIX_PATH=${CMAKE_PREFIX_PATH}:/home/teresa/ros2_ws/install/joy_teleop:/home/teresa/ros2_ws/install/nav2_simple_commander:/home/teresa/ros2_ws/install/mouse_teleop:/home/teresa/ros2_ws/install/launch_pal:/home/teresa/ros2_ws/install/key_teleop:/opt/ros/humble /usr/bin/cmake --build /home/teresa/ros2_ws/src/avoid-obstacle-stressoverflow/build/avoid_obstacle_cpp -- -j12 -l12
[28.458s] Invoking command in '/home/teresa/ros2_ws/src/avoid-obstacle-stressoverflow/build/avoid_obstacle_cpp': CMAKE_PREFIX_PATH=${CMAKE_PREFIX_PATH}:/home/teresa/ros2_ws/install/joy_teleop:/home/teresa/ros2_ws/install/nav2_simple_commander:/home/teresa/ros2_ws/install/mouse_teleop:/home/teresa/ros2_ws/install/launch_pal:/home/teresa/ros2_ws/install/key_teleop:/opt/ros/humble /usr/bin/cmake --install /home/teresa/ros2_ws/src/avoid-obstacle-stressoverflow/build/avoid_obstacle_cpp
[28.482s] -- Install configuration: ""
[28.483s] -- Execute custom install script
[28.484s] -- Symlinking: /home/teresa/ros2_ws/src/avoid-obstacle-stressoverflow/install/avoid_obstacle_cpp/lib/avoid_obstacle_cpp/avoidObstacle
[28.512s] -- Symlinking: /home/teresa/ros2_ws/src/avoid-obstacle-stressoverflow/install/avoid_obstacle_cpp/share/avoid_obstacle_cpp/launch/avoid_obstacle.launch.py
[28.537s] -- Symlinking: /home/teresa/ros2_ws/src/avoid-obstacle-stressoverflow/install/avoid_obstacle_cpp/share/ament_index/resource_index/package_run_dependencies/avoid_obstacle_cpp
[28.563s] -- Symlinking: /home/teresa/ros2_ws/src/avoid-obstacle-stressoverflow/install/avoid_obstacle_cpp/share/ament_index/resource_index/parent_prefix_path/avoid_obstacle_cpp
[28.588s] -- Symlinking: /home/teresa/ros2_ws/src/avoid-obstacle-stressoverflow/install/avoid_obstacle_cpp/share/avoid_obstacle_cpp/environment/ament_prefix_path.sh
[28.613s] -- Symlinking: /home/teresa/ros2_ws/src/avoid-obstacle-stressoverflow/install/avoid_obstacle_cpp/share/avoid_obstacle_cpp/environment/ament_prefix_path.dsv
[28.638s] -- Symlinking: /home/teresa/ros2_ws/src/avoid-obstacle-stressoverflow/install/avoid_obstacle_cpp/share/avoid_obstacle_cpp/environment/path.sh
[28.664s] -- Symlinking: /home/teresa/ros2_ws/src/avoid-obstacle-stressoverflow/install/avoid_obstacle_cpp/share/avoid_obstacle_cpp/environment/path.dsv
[28.689s] -- Symlinking: /home/teresa/ros2_ws/src/avoid-obstacle-stressoverflow/install/avoid_obstacle_cpp/share/avoid_obstacle_cpp/local_setup.bash
[28.715s] -- Symlinking: /home/teresa/ros2_ws/src/avoid-obstacle-stressoverflow/install/avoid_obstacle_cpp/share/avoid_obstacle_cpp/local_setup.sh
[28.739s] -- Symlinking: /home/teresa/ros2_ws/src/avoid-obstacle-stressoverflow/install/avoid_obstacle_cpp/share/avoid_obstacle_cpp/local_setup.zsh
[28.767s] -- Symlinking: /home/teresa/ros2_ws/src/avoid-obstacle-stressoverflow/install/avoid_obstacle_cpp/share/avoid_obstacle_cpp/local_setup.dsv
[28.793s] -- Symlinking: /home/teresa/ros2_ws/src/avoid-obstacle-stressoverflow/install/avoid_obstacle_cpp/share/avoid_obstacle_cpp/package.dsv
[28.820s] -- Symlinking: /home/teresa/ros2_ws/src/avoid-obstacle-stressoverflow/install/avoid_obstacle_cpp/share/ament_index/resource_index/packages/avoid_obstacle_cpp
[28.845s] -- Symlinking: /home/teresa/ros2_ws/src/avoid-obstacle-stressoverflow/install/avoid_obstacle_cpp/share/avoid_obstacle_cpp/cmake/avoid_obstacle_cppConfig.cmake
[28.871s] -- Symlinking: /home/teresa/ros2_ws/src/avoid-obstacle-stressoverflow/install/avoid_obstacle_cpp/share/avoid_obstacle_cpp/cmake/avoid_obstacle_cppConfig-version.cmake
[28.898s] -- Symlinking: /home/teresa/ros2_ws/src/avoid-obstacle-stressoverflow/install/avoid_obstacle_cpp/share/avoid_obstacle_cpp/package.xml
[28.927s] Invoked command in '/home/teresa/ros2_ws/src/avoid-obstacle-stressoverflow/build/avoid_obstacle_cpp' returned '0': CMAKE_PREFIX_PATH=${CMAKE_PREFIX_PATH}:/home/teresa/ros2_ws/install/joy_teleop:/home/teresa/ros2_ws/install/nav2_simple_commander:/home/teresa/ros2_ws/install/mouse_teleop:/home/teresa/ros2_ws/install/launch_pal:/home/teresa/ros2_ws/install/key_teleop:/opt/ros/humble /usr/bin/cmake --install /home/teresa/ros2_ws/src/avoid-obstacle-stressoverflow/build/avoid_obstacle_cpp
