[0.312s] DEBUG:colcon:Command line arguments: ['/usr/bin/colcon', 'build', '--symlink-install']
[0.312s] DEBUG:colcon:Parsed command line arguments: Namespace(log_base=None, log_level=None, verb_name='build', build_base='build', install_base='install', merge_install=False, symlink_install=True, test_result_base=None, continue_on_error=False, executor='parallel', parallel_workers=8, event_handlers=None, ignore_user_meta=False, metas=['./colcon.meta'], base_paths=['.'], packages_ignore=None, packages_ignore_regex=None, paths=None, packages_up_to=None, packages_up_to_regex=None, packages_above=None, packages_above_and_dependencies=None, packages_above_depth=None, packages_select_by_dep=None, packages_skip_by_dep=None, packages_skip_up_to=None, packages_select_build_failed=False, packages_skip_build_finished=False, packages_select_test_failures=False, packages_skip_test_passed=False, packages_select=None, packages_skip=None, packages_select_regex=None, packages_skip_regex=None, packages_start=None, packages_end=None, allow_overriding=[], cmake_args=None, cmake_target=None, cmake_target_skip_unavailable=False, cmake_clean_cache=False, cmake_clean_first=False, cmake_force_configure=False, ament_cmake_args=None, catkin_cmake_args=None, catkin_skip_building_tests=False, verb_parser=<colcon_defaults.argument_parser.defaults.DefaultArgumentsDecorator object at 0x7f262d7b1ba0>, verb_extension=<colcon_core.verb.build.BuildVerb object at 0x7f262e18feb0>, main=<bound method BuildVerb.main of <colcon_core.verb.build.BuildVerb object at 0x7f262e18feb0>>)
[0.343s] Level 1:colcon.colcon_core.package_discovery:discover_packages(colcon_meta) check parameters
[0.343s] Level 1:colcon.colcon_core.package_discovery:discover_packages(recursive) check parameters
[0.343s] Level 1:colcon.colcon_core.package_discovery:discover_packages(ignore) check parameters
[0.343s] Level 1:colcon.colcon_core.package_discovery:discover_packages(path) check parameters
[0.343s] Level 1:colcon.colcon_core.package_discovery:discover_packages(colcon_meta) discover
[0.343s] Level 1:colcon.colcon_core.package_discovery:discover_packages(recursive) discover
[0.343s] INFO:colcon.colcon_core.package_discovery:Crawling recursively for packages in '/home/dgarcu/Documents/URJC-Work/2022-2023/arquitectura-software-2023/practicas/intro_ws/src/avoid-obstacle-stressoverflow'
[0.343s] Level 1:colcon.colcon_core.package_identification:_identify(.) by extensions ['ignore', 'ignore_ament_install']
[0.343s] Level 1:colcon.colcon_core.package_identification:_identify(.) by extension 'ignore'
[0.343s] Level 1:colcon.colcon_core.package_identification:_identify(.) by extension 'ignore_ament_install'
[0.343s] Level 1:colcon.colcon_core.package_identification:_identify(.) by extensions ['colcon_pkg']
[0.343s] Level 1:colcon.colcon_core.package_identification:_identify(.) by extension 'colcon_pkg'
[0.343s] Level 1:colcon.colcon_core.package_identification:_identify(.) by extensions ['colcon_meta']
[0.343s] Level 1:colcon.colcon_core.package_identification:_identify(.) by extension 'colcon_meta'
[0.343s] Level 1:colcon.colcon_core.package_identification:_identify(.) by extensions ['ros']
[0.343s] Level 1:colcon.colcon_core.package_identification:_identify(.) by extension 'ros'
[0.356s] DEBUG:colcon.colcon_core.package_identification:Package '.' with type 'ros.ament_cmake' and name 'avoid_obstacle_cpp'
[0.356s] Level 1:colcon.colcon_core.package_discovery:discover_packages(recursive) using defaults
[0.356s] Level 1:colcon.colcon_core.package_discovery:discover_packages(ignore) discover
[0.356s] Level 1:colcon.colcon_core.package_discovery:discover_packages(ignore) using defaults
[0.356s] Level 1:colcon.colcon_core.package_discovery:discover_packages(path) discover
[0.356s] Level 1:colcon.colcon_core.package_discovery:discover_packages(path) using defaults
[0.379s] Level 1:colcon.colcon_core.package_discovery:discover_packages(prefix_path) check parameters
[0.379s] Level 1:colcon.colcon_core.package_discovery:discover_packages(prefix_path) discover
[0.386s] DEBUG:colcon.colcon_installed_package_information.package_discovery:Found 1 installed packages in /home/dgarcu/Documents/URJC-Work/2022-2023/arquitectura-software-2023/practicas/intro_ws/src/avoid-obstacle-stressoverflow/install
[0.390s] DEBUG:colcon.colcon_installed_package_information.package_discovery:Found 125 installed packages in /home/dgarcu/Documents/URJC-Work/2022-2023/arquitectura-software-2023/practicas/intro_ws/install
[0.393s] DEBUG:colcon.colcon_installed_package_information.package_discovery:Found 380 installed packages in /opt/ros/humble
[0.397s] Level 1:colcon.colcon_core.package_discovery:discover_packages(prefix_path) using defaults
[0.476s] Level 5:colcon.colcon_core.verb:set package 'avoid_obstacle_cpp' build argument 'cmake_args' from command line to 'None'
[0.476s] Level 5:colcon.colcon_core.verb:set package 'avoid_obstacle_cpp' build argument 'cmake_target' from command line to 'None'
[0.476s] Level 5:colcon.colcon_core.verb:set package 'avoid_obstacle_cpp' build argument 'cmake_target_skip_unavailable' from command line to 'False'
[0.476s] Level 5:colcon.colcon_core.verb:set package 'avoid_obstacle_cpp' build argument 'cmake_clean_cache' from command line to 'False'
[0.476s] Level 5:colcon.colcon_core.verb:set package 'avoid_obstacle_cpp' build argument 'cmake_clean_first' from command line to 'False'
[0.476s] Level 5:colcon.colcon_core.verb:set package 'avoid_obstacle_cpp' build argument 'cmake_force_configure' from command line to 'False'
[0.476s] Level 5:colcon.colcon_core.verb:set package 'avoid_obstacle_cpp' build argument 'ament_cmake_args' from command line to 'None'
[0.476s] Level 5:colcon.colcon_core.verb:set package 'avoid_obstacle_cpp' build argument 'catkin_cmake_args' from command line to 'None'
[0.476s] Level 5:colcon.colcon_core.verb:set package 'avoid_obstacle_cpp' build argument 'catkin_skip_building_tests' from command line to 'False'
[0.477s] DEBUG:colcon.colcon_core.verb:Building package 'avoid_obstacle_cpp' with the following arguments: {'ament_cmake_args': None, 'build_base': '/home/dgarcu/Documents/URJC-Work/2022-2023/arquitectura-software-2023/practicas/intro_ws/src/avoid-obstacle-stressoverflow/build/avoid_obstacle_cpp', 'catkin_cmake_args': None, 'catkin_skip_building_tests': False, 'cmake_args': None, 'cmake_clean_cache': False, 'cmake_clean_first': False, 'cmake_force_configure': False, 'cmake_target': None, 'cmake_target_skip_unavailable': False, 'install_base': '/home/dgarcu/Documents/URJC-Work/2022-2023/arquitectura-software-2023/practicas/intro_ws/src/avoid-obstacle-stressoverflow/install/avoid_obstacle_cpp', 'merge_install': False, 'path': '/home/dgarcu/Documents/URJC-Work/2022-2023/arquitectura-software-2023/practicas/intro_ws/src/avoid-obstacle-stressoverflow', 'symlink_install': True, 'test_result_base': None}
[0.477s] INFO:colcon.colcon_core.executor:Executing jobs using 'parallel' executor
[0.480s] DEBUG:colcon.colcon_parallel_executor.executor.parallel:run_until_complete
[0.480s] INFO:colcon.colcon_ros.task.ament_cmake.build:Building ROS package in '/home/dgarcu/Documents/URJC-Work/2022-2023/arquitectura-software-2023/practicas/intro_ws/src/avoid-obstacle-stressoverflow' with build type 'ament_cmake'
[0.480s] INFO:colcon.colcon_cmake.task.cmake.build:Building CMake package in '/home/dgarcu/Documents/URJC-Work/2022-2023/arquitectura-software-2023/practicas/intro_ws/src/avoid-obstacle-stressoverflow'
[0.485s] INFO:colcon.colcon_core.plugin_system:Skipping extension 'colcon_core.shell.bat': Not used on non-Windows systems
[0.486s] INFO:colcon.colcon_core.shell:Skip shell extension 'powershell' for command environment: Not usable outside of PowerShell
[0.486s] DEBUG:colcon.colcon_core.shell:Skip shell extension 'dsv' for command environment
[0.511s] DEBUG:colcon.colcon_core.event_handler.log_command:Invoking command in '/home/dgarcu/Documents/URJC-Work/2022-2023/arquitectura-software-2023/practicas/intro_ws/src/avoid-obstacle-stressoverflow/build/avoid_obstacle_cpp': CMAKE_PREFIX_PATH=${CMAKE_PREFIX_PATH}:/home/dgarcu/Documents/URJC-Work/2022-2023/arquitectura-software-2023/practicas/intro_ws/install/joy_teleop:/home/dgarcu/Documents/URJC-Work/2022-2023/arquitectura-software-2023/practicas/intro_ws/install/nav2_simple_commander:/home/dgarcu/Documents/URJC-Work/2022-2023/arquitectura-software-2023/practicas/intro_ws/install/mouse_teleop:/home/dgarcu/Documents/URJC-Work/2022-2023/arquitectura-software-2023/practicas/intro_ws/install/launch_pal:/home/dgarcu/Documents/URJC-Work/2022-2023/arquitectura-software-2023/practicas/intro_ws/install/key_teleop:/opt/ros/humble /usr/bin/cmake --build /home/dgarcu/Documents/URJC-Work/2022-2023/arquitectura-software-2023/practicas/intro_ws/src/avoid-obstacle-stressoverflow/build/avoid_obstacle_cpp -- -j8 -l8
[12.294s] DEBUG:colcon.colcon_core.event_handler.log_command:Invoked command in '/home/dgarcu/Documents/URJC-Work/2022-2023/arquitectura-software-2023/practicas/intro_ws/src/avoid-obstacle-stressoverflow/build/avoid_obstacle_cpp' returned '0': CMAKE_PREFIX_PATH=${CMAKE_PREFIX_PATH}:/home/dgarcu/Documents/URJC-Work/2022-2023/arquitectura-software-2023/practicas/intro_ws/install/joy_teleop:/home/dgarcu/Documents/URJC-Work/2022-2023/arquitectura-software-2023/practicas/intro_ws/install/nav2_simple_commander:/home/dgarcu/Documents/URJC-Work/2022-2023/arquitectura-software-2023/practicas/intro_ws/install/mouse_teleop:/home/dgarcu/Documents/URJC-Work/2022-2023/arquitectura-software-2023/practicas/intro_ws/install/launch_pal:/home/dgarcu/Documents/URJC-Work/2022-2023/arquitectura-software-2023/practicas/intro_ws/install/key_teleop:/opt/ros/humble /usr/bin/cmake --build /home/dgarcu/Documents/URJC-Work/2022-2023/arquitectura-software-2023/practicas/intro_ws/src/avoid-obstacle-stressoverflow/build/avoid_obstacle_cpp -- -j8 -l8
[12.395s] DEBUG:colcon.colcon_core.event_handler.log_command:Invoking command in '/home/dgarcu/Documents/URJC-Work/2022-2023/arquitectura-software-2023/practicas/intro_ws/src/avoid-obstacle-stressoverflow/build/avoid_obstacle_cpp': CMAKE_PREFIX_PATH=${CMAKE_PREFIX_PATH}:/home/dgarcu/Documents/URJC-Work/2022-2023/arquitectura-software-2023/practicas/intro_ws/install/joy_teleop:/home/dgarcu/Documents/URJC-Work/2022-2023/arquitectura-software-2023/practicas/intro_ws/install/nav2_simple_commander:/home/dgarcu/Documents/URJC-Work/2022-2023/arquitectura-software-2023/practicas/intro_ws/install/mouse_teleop:/home/dgarcu/Documents/URJC-Work/2022-2023/arquitectura-software-2023/practicas/intro_ws/install/launch_pal:/home/dgarcu/Documents/URJC-Work/2022-2023/arquitectura-software-2023/practicas/intro_ws/install/key_teleop:/opt/ros/humble /usr/bin/cmake --install /home/dgarcu/Documents/URJC-Work/2022-2023/arquitectura-software-2023/practicas/intro_ws/src/avoid-obstacle-stressoverflow/build/avoid_obstacle_cpp
[12.431s] Level 1:colcon.colcon_core.environment:create_environment_scripts_only(avoid_obstacle_cpp)
[12.432s] DEBUG:colcon.colcon_core.event_handler.log_command:Invoked command in '/home/dgarcu/Documents/URJC-Work/2022-2023/arquitectura-software-2023/practicas/intro_ws/src/avoid-obstacle-stressoverflow/build/avoid_obstacle_cpp' returned '0': CMAKE_PREFIX_PATH=${CMAKE_PREFIX_PATH}:/home/dgarcu/Documents/URJC-Work/2022-2023/arquitectura-software-2023/practicas/intro_ws/install/joy_teleop:/home/dgarcu/Documents/URJC-Work/2022-2023/arquitectura-software-2023/practicas/intro_ws/install/nav2_simple_commander:/home/dgarcu/Documents/URJC-Work/2022-2023/arquitectura-software-2023/practicas/intro_ws/install/mouse_teleop:/home/dgarcu/Documents/URJC-Work/2022-2023/arquitectura-software-2023/practicas/intro_ws/install/launch_pal:/home/dgarcu/Documents/URJC-Work/2022-2023/arquitectura-software-2023/practicas/intro_ws/install/key_teleop:/opt/ros/humble /usr/bin/cmake --install /home/dgarcu/Documents/URJC-Work/2022-2023/arquitectura-software-2023/practicas/intro_ws/src/avoid-obstacle-stressoverflow/build/avoid_obstacle_cpp
[12.436s] Level 1:colcon.colcon_core.environment:checking '/home/dgarcu/Documents/URJC-Work/2022-2023/arquitectura-software-2023/practicas/intro_ws/src/avoid-obstacle-stressoverflow/install/avoid_obstacle_cpp' for CMake module files
[12.436s] Level 1:colcon.colcon_core.environment:checking '/home/dgarcu/Documents/URJC-Work/2022-2023/arquitectura-software-2023/practicas/intro_ws/src/avoid-obstacle-stressoverflow/install/avoid_obstacle_cpp' for CMake config files
[12.437s] Level 1:colcon.colcon_core.shell:create_environment_hook('avoid_obstacle_cpp', 'cmake_prefix_path')
[12.438s] INFO:colcon.colcon_core.shell:Creating environment hook '/home/dgarcu/Documents/URJC-Work/2022-2023/arquitectura-software-2023/practicas/intro_ws/src/avoid-obstacle-stressoverflow/install/avoid_obstacle_cpp/share/avoid_obstacle_cpp/hook/cmake_prefix_path.ps1'
[12.438s] INFO:colcon.colcon_core.shell:Creating environment descriptor '/home/dgarcu/Documents/URJC-Work/2022-2023/arquitectura-software-2023/practicas/intro_ws/src/avoid-obstacle-stressoverflow/install/avoid_obstacle_cpp/share/avoid_obstacle_cpp/hook/cmake_prefix_path.dsv'
[12.439s] INFO:colcon.colcon_core.shell:Creating environment hook '/home/dgarcu/Documents/URJC-Work/2022-2023/arquitectura-software-2023/practicas/intro_ws/src/avoid-obstacle-stressoverflow/install/avoid_obstacle_cpp/share/avoid_obstacle_cpp/hook/cmake_prefix_path.sh'
[12.440s] Level 1:colcon.colcon_core.environment:checking '/home/dgarcu/Documents/URJC-Work/2022-2023/arquitectura-software-2023/practicas/intro_ws/src/avoid-obstacle-stressoverflow/install/avoid_obstacle_cpp/lib'
[12.440s] Level 1:colcon.colcon_core.environment:checking '/home/dgarcu/Documents/URJC-Work/2022-2023/arquitectura-software-2023/practicas/intro_ws/src/avoid-obstacle-stressoverflow/install/avoid_obstacle_cpp/bin'
[12.440s] Level 1:colcon.colcon_core.environment:checking '/home/dgarcu/Documents/URJC-Work/2022-2023/arquitectura-software-2023/practicas/intro_ws/src/avoid-obstacle-stressoverflow/install/avoid_obstacle_cpp/lib/pkgconfig/avoid_obstacle_cpp.pc'
[12.440s] Level 1:colcon.colcon_core.environment:checking '/home/dgarcu/Documents/URJC-Work/2022-2023/arquitectura-software-2023/practicas/intro_ws/src/avoid-obstacle-stressoverflow/install/avoid_obstacle_cpp/lib/python3.10/site-packages'
[12.440s] Level 1:colcon.colcon_core.environment:checking '/home/dgarcu/Documents/URJC-Work/2022-2023/arquitectura-software-2023/practicas/intro_ws/src/avoid-obstacle-stressoverflow/install/avoid_obstacle_cpp/bin'
[12.441s] INFO:colcon.colcon_core.shell:Creating package script '/home/dgarcu/Documents/URJC-Work/2022-2023/arquitectura-software-2023/practicas/intro_ws/src/avoid-obstacle-stressoverflow/install/avoid_obstacle_cpp/share/avoid_obstacle_cpp/package.ps1'
[12.443s] INFO:colcon.colcon_core.shell:Creating package descriptor '/home/dgarcu/Documents/URJC-Work/2022-2023/arquitectura-software-2023/practicas/intro_ws/src/avoid-obstacle-stressoverflow/install/avoid_obstacle_cpp/share/avoid_obstacle_cpp/package.dsv'
[12.443s] INFO:colcon.colcon_core.shell:Creating package script '/home/dgarcu/Documents/URJC-Work/2022-2023/arquitectura-software-2023/practicas/intro_ws/src/avoid-obstacle-stressoverflow/install/avoid_obstacle_cpp/share/avoid_obstacle_cpp/package.sh'
[12.448s] INFO:colcon.colcon_core.shell:Creating package script '/home/dgarcu/Documents/URJC-Work/2022-2023/arquitectura-software-2023/practicas/intro_ws/src/avoid-obstacle-stressoverflow/install/avoid_obstacle_cpp/share/avoid_obstacle_cpp/package.bash'
[12.450s] INFO:colcon.colcon_core.shell:Creating package script '/home/dgarcu/Documents/URJC-Work/2022-2023/arquitectura-software-2023/practicas/intro_ws/src/avoid-obstacle-stressoverflow/install/avoid_obstacle_cpp/share/avoid_obstacle_cpp/package.zsh'
[12.451s] Level 1:colcon.colcon_core.environment:create_file_with_runtime_dependencies(/home/dgarcu/Documents/URJC-Work/2022-2023/arquitectura-software-2023/practicas/intro_ws/src/avoid-obstacle-stressoverflow/install/avoid_obstacle_cpp/share/colcon-core/packages/avoid_obstacle_cpp)
[12.548s] Level 1:colcon.colcon_core.environment:create_environment_scripts_only(avoid_obstacle_cpp)
[12.550s] Level 1:colcon.colcon_core.environment:checking '/home/dgarcu/Documents/URJC-Work/2022-2023/arquitectura-software-2023/practicas/intro_ws/src/avoid-obstacle-stressoverflow/install/avoid_obstacle_cpp' for CMake module files
[12.550s] Level 1:colcon.colcon_core.environment:checking '/home/dgarcu/Documents/URJC-Work/2022-2023/arquitectura-software-2023/practicas/intro_ws/src/avoid-obstacle-stressoverflow/install/avoid_obstacle_cpp' for CMake config files
[12.551s] Level 1:colcon.colcon_core.shell:create_environment_hook('avoid_obstacle_cpp', 'cmake_prefix_path')
[12.552s] INFO:colcon.colcon_core.shell:Creating environment hook '/home/dgarcu/Documents/URJC-Work/2022-2023/arquitectura-software-2023/practicas/intro_ws/src/avoid-obstacle-stressoverflow/install/avoid_obstacle_cpp/share/avoid_obstacle_cpp/hook/cmake_prefix_path.ps1'
[12.553s] INFO:colcon.colcon_core.shell:Creating environment descriptor '/home/dgarcu/Documents/URJC-Work/2022-2023/arquitectura-software-2023/practicas/intro_ws/src/avoid-obstacle-stressoverflow/install/avoid_obstacle_cpp/share/avoid_obstacle_cpp/hook/cmake_prefix_path.dsv'
[12.553s] INFO:colcon.colcon_core.shell:Creating environment hook '/home/dgarcu/Documents/URJC-Work/2022-2023/arquitectura-software-2023/practicas/intro_ws/src/avoid-obstacle-stressoverflow/install/avoid_obstacle_cpp/share/avoid_obstacle_cpp/hook/cmake_prefix_path.sh'
[12.554s] Level 1:colcon.colcon_core.environment:checking '/home/dgarcu/Documents/URJC-Work/2022-2023/arquitectura-software-2023/practicas/intro_ws/src/avoid-obstacle-stressoverflow/install/avoid_obstacle_cpp/lib'
[12.554s] Level 1:colcon.colcon_core.environment:checking '/home/dgarcu/Documents/URJC-Work/2022-2023/arquitectura-software-2023/practicas/intro_ws/src/avoid-obstacle-stressoverflow/install/avoid_obstacle_cpp/bin'
[12.554s] Level 1:colcon.colcon_core.environment:checking '/home/dgarcu/Documents/URJC-Work/2022-2023/arquitectura-software-2023/practicas/intro_ws/src/avoid-obstacle-stressoverflow/install/avoid_obstacle_cpp/lib/pkgconfig/avoid_obstacle_cpp.pc'
[12.555s] Level 1:colcon.colcon_core.environment:checking '/home/dgarcu/Documents/URJC-Work/2022-2023/arquitectura-software-2023/practicas/intro_ws/src/avoid-obstacle-stressoverflow/install/avoid_obstacle_cpp/lib/python3.10/site-packages'
[12.555s] Level 1:colcon.colcon_core.environment:checking '/home/dgarcu/Documents/URJC-Work/2022-2023/arquitectura-software-2023/practicas/intro_ws/src/avoid-obstacle-stressoverflow/install/avoid_obstacle_cpp/bin'
[12.556s] INFO:colcon.colcon_core.shell:Creating package script '/home/dgarcu/Documents/URJC-Work/2022-2023/arquitectura-software-2023/practicas/intro_ws/src/avoid-obstacle-stressoverflow/install/avoid_obstacle_cpp/share/avoid_obstacle_cpp/package.ps1'
[12.557s] INFO:colcon.colcon_core.shell:Creating package descriptor '/home/dgarcu/Documents/URJC-Work/2022-2023/arquitectura-software-2023/practicas/intro_ws/src/avoid-obstacle-stressoverflow/install/avoid_obstacle_cpp/share/avoid_obstacle_cpp/package.dsv'
[12.557s] INFO:colcon.colcon_core.shell:Creating package script '/home/dgarcu/Documents/URJC-Work/2022-2023/arquitectura-software-2023/practicas/intro_ws/src/avoid-obstacle-stressoverflow/install/avoid_obstacle_cpp/share/avoid_obstacle_cpp/package.sh'
[12.558s] INFO:colcon.colcon_core.shell:Creating package script '/home/dgarcu/Documents/URJC-Work/2022-2023/arquitectura-software-2023/practicas/intro_ws/src/avoid-obstacle-stressoverflow/install/avoid_obstacle_cpp/share/avoid_obstacle_cpp/package.bash'
[12.558s] INFO:colcon.colcon_core.shell:Creating package script '/home/dgarcu/Documents/URJC-Work/2022-2023/arquitectura-software-2023/practicas/intro_ws/src/avoid-obstacle-stressoverflow/install/avoid_obstacle_cpp/share/avoid_obstacle_cpp/package.zsh'
[12.559s] Level 1:colcon.colcon_core.environment:create_file_with_runtime_dependencies(/home/dgarcu/Documents/URJC-Work/2022-2023/arquitectura-software-2023/practicas/intro_ws/src/avoid-obstacle-stressoverflow/install/avoid_obstacle_cpp/share/colcon-core/packages/avoid_obstacle_cpp)
[12.559s] DEBUG:colcon.colcon_parallel_executor.executor.parallel:closing loop
[12.559s] DEBUG:colcon.colcon_parallel_executor.executor.parallel:loop closed
[12.560s] DEBUG:colcon.colcon_parallel_executor.executor.parallel:run_until_complete finished with '0'
[12.560s] DEBUG:colcon.colcon_core.event_reactor:joining thread
[12.567s] INFO:colcon.colcon_core.plugin_system:Skipping extension 'colcon_notification.desktop_notification.terminal_notifier': Not used on non-Darwin systems
[12.567s] INFO:colcon.colcon_core.plugin_system:Skipping extension 'colcon_notification.desktop_notification.win32': Not used on non-Windows systems
[12.567s] INFO:colcon.colcon_notification.desktop_notification:Sending desktop notification using 'notify2'
[12.577s] DEBUG:colcon.colcon_core.event_reactor:joined thread
[12.580s] INFO:colcon.colcon_core.shell:Creating prefix script '/home/dgarcu/Documents/URJC-Work/2022-2023/arquitectura-software-2023/practicas/intro_ws/src/avoid-obstacle-stressoverflow/install/local_setup.ps1'
[12.581s] INFO:colcon.colcon_core.shell:Creating prefix util module '/home/dgarcu/Documents/URJC-Work/2022-2023/arquitectura-software-2023/practicas/intro_ws/src/avoid-obstacle-stressoverflow/install/_local_setup_util_ps1.py'
[12.583s] INFO:colcon.colcon_core.shell:Creating prefix chain script '/home/dgarcu/Documents/URJC-Work/2022-2023/arquitectura-software-2023/practicas/intro_ws/src/avoid-obstacle-stressoverflow/install/setup.ps1'
[12.592s] INFO:colcon.colcon_core.shell:Creating prefix script '/home/dgarcu/Documents/URJC-Work/2022-2023/arquitectura-software-2023/practicas/intro_ws/src/avoid-obstacle-stressoverflow/install/local_setup.sh'
[12.593s] INFO:colcon.colcon_core.shell:Creating prefix util module '/home/dgarcu/Documents/URJC-Work/2022-2023/arquitectura-software-2023/practicas/intro_ws/src/avoid-obstacle-stressoverflow/install/_local_setup_util_sh.py'
[12.594s] INFO:colcon.colcon_core.shell:Creating prefix chain script '/home/dgarcu/Documents/URJC-Work/2022-2023/arquitectura-software-2023/practicas/intro_ws/src/avoid-obstacle-stressoverflow/install/setup.sh'
[12.601s] INFO:colcon.colcon_core.shell:Creating prefix script '/home/dgarcu/Documents/URJC-Work/2022-2023/arquitectura-software-2023/practicas/intro_ws/src/avoid-obstacle-stressoverflow/install/local_setup.bash'
[12.601s] INFO:colcon.colcon_core.shell:Creating prefix chain script '/home/dgarcu/Documents/URJC-Work/2022-2023/arquitectura-software-2023/practicas/intro_ws/src/avoid-obstacle-stressoverflow/install/setup.bash'
[12.609s] INFO:colcon.colcon_core.shell:Creating prefix script '/home/dgarcu/Documents/URJC-Work/2022-2023/arquitectura-software-2023/practicas/intro_ws/src/avoid-obstacle-stressoverflow/install/local_setup.zsh'
[12.609s] INFO:colcon.colcon_core.shell:Creating prefix chain script '/home/dgarcu/Documents/URJC-Work/2022-2023/arquitectura-software-2023/practicas/intro_ws/src/avoid-obstacle-stressoverflow/install/setup.zsh'
