[0.015s] Invoking command in '/home/arantxa/workspaceNew/src/avoid-obstacle-stressoverflow/build/avoid_obstacle_cpp': CMAKE_PREFIX_PATH=${CMAKE_PREFIX_PATH}:/home/arantxa/workspaceNew/install/joy_teleop:/home/arantxa/workspaceNew/install/nav2_simple_commander:/home/arantxa/workspaceNew/install/mouse_teleop:/home/arantxa/workspaceNew/install/launch_pal:/home/arantxa/workspaceNew/install/key_teleop:/opt/ros/humble /usr/bin/cmake --build /home/arantxa/workspaceNew/src/avoid-obstacle-stressoverflow/build/avoid_obstacle_cpp -- -j20 -l20
[0.064s] [35m[1mConsolidate compiler generated dependencies of target avoidObstacle[0m
[0.083s] [ 25%] [32mBuilding CXX object CMakeFiles/avoidObstacle.dir/src/avoid_obstacle_cpp/AvoidObstacleNode.cpp.o[0m
[1.546s] [01m[K/home/arantxa/workspaceNew/src/avoid-obstacle-stressoverflow/src/avoid_obstacle_cpp/AvoidObstacleNode.cpp:[m[K In member function ‘[01m[Kvoid avoid_obstacle_cpp::AvoidObstacleNode::control_cycle()[m[K’:
[1.546s] [01m[K/home/arantxa/workspaceNew/src/avoid-obstacle-stressoverflow/src/avoid_obstacle_cpp/AvoidObstacleNode.cpp:121:11:[m[K [01;31m[Kerror: [m[K‘[01m[Kcheck_any_2_emergency_stop[m[K’ was not declared in this scope
[1.546s]   121 |       if ([01;31m[Kcheck_any_2_emergency_stop[m[K()) {
[1.546s]       |           [01;31m[K^~~~~~~~~~~~~~~~~~~~~~~~~~[m[K
[1.554s] [01m[K/home/arantxa/workspaceNew/src/avoid-obstacle-stressoverflow/src/avoid_obstacle_cpp/AvoidObstacleNode.cpp:139:11:[m[K [01;31m[Kerror: [m[K‘[01m[Kcheck_any_2_emergency_stop[m[K’ was not declared in this scope
[1.554s]   139 |       if ([01;31m[Kcheck_any_2_emergency_stop[m[K()) {
[1.555s]       |           [01;31m[K^~~~~~~~~~~~~~~~~~~~~~~~~~[m[K
[1.563s] [01m[K/home/arantxa/workspaceNew/src/avoid-obstacle-stressoverflow/src/avoid_obstacle_cpp/AvoidObstacleNode.cpp:162:11:[m[K [01;31m[Kerror: [m[K‘[01m[Kcheck_any_2_emergency_stop[m[K’ was not declared in this scope
[1.563s]   162 |       if ([01;31m[Kcheck_any_2_emergency_stop[m[K()) {
[1.563s]       |           [01;31m[K^~~~~~~~~~~~~~~~~~~~~~~~~~[m[K
[1.572s] [01m[K/home/arantxa/workspaceNew/src/avoid-obstacle-stressoverflow/src/avoid_obstacle_cpp/AvoidObstacleNode.cpp:175:11:[m[K [01;31m[Kerror: [m[K‘[01m[Kcheck_any_2_emergency_stop[m[K’ was not declared in this scope
[1.572s]   175 |       if ([01;31m[Kcheck_any_2_emergency_stop[m[K()) {
[1.572s]       |           [01;31m[K^~~~~~~~~~~~~~~~~~~~~~~~~~[m[K
[1.573s] [01m[K/home/arantxa/workspaceNew/src/avoid-obstacle-stressoverflow/src/avoid_obstacle_cpp/AvoidObstacleNode.cpp:[m[K At global scope:
[1.574s] [01m[K/home/arantxa/workspaceNew/src/avoid-obstacle-stressoverflow/src/avoid_obstacle_cpp/AvoidObstacleNode.cpp:264:1:[m[K [01;31m[Kerror: [m[K‘[01m[KAvoidObstacleNode[m[K’ has not been declared
[1.574s]   264 | [01;31m[KAvoidObstacleNode[m[K::check_any_2_emergency_stop()
[1.574s]       | [01;31m[K^~~~~~~~~~~~~~~~~[m[K
[1.577s] [01m[K/home/arantxa/workspaceNew/src/avoid-obstacle-stressoverflow/src/avoid_obstacle_cpp/AvoidObstacleNode.cpp:[m[K In function ‘[01m[Kbool check_any_2_emergency_stop()[m[K’:
[1.577s] [01m[K/home/arantxa/workspaceNew/src/avoid-obstacle-stressoverflow/src/avoid_obstacle_cpp/AvoidObstacleNode.cpp:266:10:[m[K [01;31m[Kerror: [m[K‘[01m[Klast_bumper_event_[m[K’ was not declared in this scope
[1.577s]   266 |   return [01;31m[Klast_bumper_event_[m[K != nullptr;
[1.577s]       |          [01;31m[K^~~~~~~~~~~~~~~~~~[m[K
[4.610s] gmake[2]: *** [CMakeFiles/avoidObstacle.dir/build.make:76: CMakeFiles/avoidObstacle.dir/src/avoid_obstacle_cpp/AvoidObstacleNode.cpp.o] Error 1
[4.610s] gmake[1]: *** [CMakeFiles/Makefile2:137: CMakeFiles/avoidObstacle.dir/all] Error 2
[4.610s] gmake: *** [Makefile:146: all] Error 2
[4.612s] Invoked command in '/home/arantxa/workspaceNew/src/avoid-obstacle-stressoverflow/build/avoid_obstacle_cpp' returned '2': CMAKE_PREFIX_PATH=${CMAKE_PREFIX_PATH}:/home/arantxa/workspaceNew/install/joy_teleop:/home/arantxa/workspaceNew/install/nav2_simple_commander:/home/arantxa/workspaceNew/install/mouse_teleop:/home/arantxa/workspaceNew/install/launch_pal:/home/arantxa/workspaceNew/install/key_teleop:/opt/ros/humble /usr/bin/cmake --build /home/arantxa/workspaceNew/src/avoid-obstacle-stressoverflow/build/avoid_obstacle_cpp -- -j20 -l20
