[0.028s] Invoking command in '/home/dgarcu/Documents/URJC-Work/2022-2023/arquitectura-software-2023/practicas/intro_ws/src/avoid-obstacle-stressoverflow/build/avoid_obstacle_cpp': CMAKE_PREFIX_PATH=${CMAKE_PREFIX_PATH}:/home/dgarcu/Documents/URJC-Work/2022-2023/arquitectura-software-2023/practicas/intro_ws/install/joy_teleop:/home/dgarcu/Documents/URJC-Work/2022-2023/arquitectura-software-2023/practicas/intro_ws/install/nav2_simple_commander:/home/dgarcu/Documents/URJC-Work/2022-2023/arquitectura-software-2023/practicas/intro_ws/install/mouse_teleop:/home/dgarcu/Documents/URJC-Work/2022-2023/arquitectura-software-2023/practicas/intro_ws/install/launch_pal:/home/dgarcu/Documents/URJC-Work/2022-2023/arquitectura-software-2023/practicas/intro_ws/install/key_teleop:/opt/ros/humble /usr/bin/cmake --build /home/dgarcu/Documents/URJC-Work/2022-2023/arquitectura-software-2023/practicas/intro_ws/src/avoid-obstacle-stressoverflow/build/avoid_obstacle_cpp -- -j8 -l8
[0.110s] [35m[1mConsolidate compiler generated dependencies of target avoidObstacle[0m
[0.150s] [ 25%] [32mBuilding CXX object CMakeFiles/avoidObstacle.dir/src/avoid_obstacle_cpp/AvoidObstacleNode.cpp.o[0m
[2.383s] [01m[K/home/dgarcu/Documents/URJC-Work/2022-2023/arquitectura-software-2023/practicas/intro_ws/src/avoid-obstacle-stressoverflow/src/avoid_obstacle_cpp/AvoidObstacleNode.cpp:[m[K In member function ‘[01m[Kvoid avoid_obstacle_cpp::AvoidObstacleNode::control_cycle()[m[K’:
[2.383s] [01m[K/home/dgarcu/Documents/URJC-Work/2022-2023/arquitectura-software-2023/practicas/intro_ws/src/avoid-obstacle-stressoverflow/src/avoid_obstacle_cpp/AvoidObstacleNode.cpp:83:54:[m[K [01;31m[Kerror: [m[Kno match for ‘[01m[Koperator=[m[K’ (operand types are ‘[01m[Kkobuki_ros_interfaces::msg::Sound[m[K’ {aka ‘[01m[Kkobuki_ros_interfaces::msg::Sound_<std::allocator<void> >[m[K’} and ‘[01m[Kconst uint8_t[m[K’ {aka ‘[01m[Kconst unsigned char[m[K’})
[2.384s]    83 |       out_sound = kobuki_ros_interfaces::msg::Sound::[01;31m[KON[m[K;
[2.384s]       |                                                      [01;31m[K^~[m[K
[2.384s] In file included from [01m[K/home/dgarcu/Documents/URJC-Work/2022-2023/arquitectura-software-2023/practicas/intro_ws/build/kobuki_ros_interfaces/rosidl_generator_cpp/kobuki_ros_interfaces/msg/sound.hpp:7[m[K,
[2.384s]                  from [01m[K/home/dgarcu/Documents/URJC-Work/2022-2023/arquitectura-software-2023/practicas/intro_ws/src/avoid-obstacle-stressoverflow/include/avoid_obstacle_cpp/AvoidObstacleNode.hpp:24[m[K,
[2.384s]                  from [01m[K/home/dgarcu/Documents/URJC-Work/2022-2023/arquitectura-software-2023/practicas/intro_ws/src/avoid-obstacle-stressoverflow/src/avoid_obstacle_cpp/AvoidObstacleNode.cpp:17[m[K:
[2.384s] [01m[K/home/dgarcu/Documents/URJC-Work/2022-2023/arquitectura-software-2023/practicas/intro_ws/build/kobuki_ros_interfaces/rosidl_generator_cpp/kobuki_ros_interfaces/msg/detail/sound__struct.hpp:32:8:[m[K [01;36m[Knote: [m[Kcandidate: ‘[01m[Kconstexpr kobuki_ros_interfaces::msg::Sound_<std::allocator<void> >& kobuki_ros_interfaces::msg::Sound_<std::allocator<void> >::operator=(const kobuki_ros_interfaces::msg::Sound_<std::allocator<void> >&)[m[K’
[2.384s]    32 | struct [01;36m[KSound_[m[K
[2.384s]       |        [01;36m[K^~~~~~[m[K
[2.384s] [01m[K/home/dgarcu/Documents/URJC-Work/2022-2023/arquitectura-software-2023/practicas/intro_ws/build/kobuki_ros_interfaces/rosidl_generator_cpp/kobuki_ros_interfaces/msg/detail/sound__struct.hpp:32:8:[m[K [01;36m[Knote: [m[K  no known conversion for argument 1 from ‘[01m[Kconst uint8_t[m[K’ {aka ‘[01m[Kconst unsigned char[m[K’} to ‘[01m[Kconst kobuki_ros_interfaces::msg::Sound_<std::allocator<void> >&[m[K’
[2.384s] [01m[K/home/dgarcu/Documents/URJC-Work/2022-2023/arquitectura-software-2023/practicas/intro_ws/build/kobuki_ros_interfaces/rosidl_generator_cpp/kobuki_ros_interfaces/msg/detail/sound__struct.hpp:32:8:[m[K [01;36m[Knote: [m[Kcandidate: ‘[01m[Kconstexpr kobuki_ros_interfaces::msg::Sound_<std::allocator<void> >& kobuki_ros_interfaces::msg::Sound_<std::allocator<void> >::operator=(kobuki_ros_interfaces::msg::Sound_<std::allocator<void> >&&)[m[K’
[2.384s] [01m[K/home/dgarcu/Documents/URJC-Work/2022-2023/arquitectura-software-2023/practicas/intro_ws/build/kobuki_ros_interfaces/rosidl_generator_cpp/kobuki_ros_interfaces/msg/detail/sound__struct.hpp:32:8:[m[K [01;36m[Knote: [m[K  no known conversion for argument 1 from ‘[01m[Kconst uint8_t[m[K’ {aka ‘[01m[Kconst unsigned char[m[K’} to ‘[01m[Kkobuki_ros_interfaces::msg::Sound_<std::allocator<void> >&&[m[K’
[2.384s] [01m[K/home/dgarcu/Documents/URJC-Work/2022-2023/arquitectura-software-2023/practicas/intro_ws/src/avoid-obstacle-stressoverflow/src/avoid_obstacle_cpp/AvoidObstacleNode.cpp:90:10:[m[K [01;31m[Kerror: [m[Kjump to case label
[2.385s]    90 |     case [01;31m[KFORWARD[m[K:
[2.385s]       |          [01;31m[K^~~~~~~[m[K
[2.385s] [01m[K/home/dgarcu/Documents/URJC-Work/2022-2023/arquitectura-software-2023/practicas/intro_ws/src/avoid-obstacle-stressoverflow/src/avoid_obstacle_cpp/AvoidObstacleNode.cpp:82:41:[m[K [01;36m[Knote: [m[K  crosses initialization of ‘[01m[Kkobuki_ros_interfaces::msg::Sound out_sound[m[K’
[2.385s]    82 |       kobuki_ros_interfaces::msg::Sound [01;36m[Kout_sound[m[K;
[2.385s]       |                                         [01;36m[K^~~~~~~~~[m[K
[2.385s] [01m[K/home/dgarcu/Documents/URJC-Work/2022-2023/arquitectura-software-2023/practicas/intro_ws/src/avoid-obstacle-stressoverflow/src/avoid_obstacle_cpp/AvoidObstacleNode.cpp:110:10:[m[K [01;31m[Kerror: [m[Kjump to case label
[2.385s]   110 |     case [01;31m[KYAW_TURN[m[K:
[2.385s]       |          [01;31m[K^~~~~~~~[m[K
[2.385s] [01m[K/home/dgarcu/Documents/URJC-Work/2022-2023/arquitectura-software-2023/practicas/intro_ws/src/avoid-obstacle-stressoverflow/src/avoid_obstacle_cpp/AvoidObstacleNode.cpp:82:41:[m[K [01;36m[Knote: [m[K  crosses initialization of ‘[01m[Kkobuki_ros_interfaces::msg::Sound out_sound[m[K’
[2.385s]    82 |       kobuki_ros_interfaces::msg::Sound [01;36m[Kout_sound[m[K;
[2.385s]       |                                         [01;36m[K^~~~~~~~~[m[K
[2.385s] [01m[K/home/dgarcu/Documents/URJC-Work/2022-2023/arquitectura-software-2023/practicas/intro_ws/src/avoid-obstacle-stressoverflow/src/avoid_obstacle_cpp/AvoidObstacleNode.cpp:123:10:[m[K [01;31m[Kerror: [m[Kjump to case label
[2.385s]   123 |     case [01;31m[KSTOP[m[K:
[2.386s]       |          [01;31m[K^~~~[m[K
[2.386s] [01m[K/home/dgarcu/Documents/URJC-Work/2022-2023/arquitectura-software-2023/practicas/intro_ws/src/avoid-obstacle-stressoverflow/src/avoid_obstacle_cpp/AvoidObstacleNode.cpp:82:41:[m[K [01;36m[Knote: [m[K  crosses initialization of ‘[01m[Kkobuki_ros_interfaces::msg::Sound out_sound[m[K’
[2.386s]    82 |       kobuki_ros_interfaces::msg::Sound [01;36m[Kout_sound[m[K;
[2.386s]       |                                         [01;36m[K^~~~~~~~~[m[K
[5.494s] gmake[2]: *** [CMakeFiles/avoidObstacle.dir/build.make:76: CMakeFiles/avoidObstacle.dir/src/avoid_obstacle_cpp/AvoidObstacleNode.cpp.o] Error 1
[5.495s] gmake[1]: *** [CMakeFiles/Makefile2:137: CMakeFiles/avoidObstacle.dir/all] Error 2
[5.495s] gmake: *** [Makefile:146: all] Error 2
[5.497s] Invoked command in '/home/dgarcu/Documents/URJC-Work/2022-2023/arquitectura-software-2023/practicas/intro_ws/src/avoid-obstacle-stressoverflow/build/avoid_obstacle_cpp' returned '2': CMAKE_PREFIX_PATH=${CMAKE_PREFIX_PATH}:/home/dgarcu/Documents/URJC-Work/2022-2023/arquitectura-software-2023/practicas/intro_ws/install/joy_teleop:/home/dgarcu/Documents/URJC-Work/2022-2023/arquitectura-software-2023/practicas/intro_ws/install/nav2_simple_commander:/home/dgarcu/Documents/URJC-Work/2022-2023/arquitectura-software-2023/practicas/intro_ws/install/mouse_teleop:/home/dgarcu/Documents/URJC-Work/2022-2023/arquitectura-software-2023/practicas/intro_ws/install/launch_pal:/home/dgarcu/Documents/URJC-Work/2022-2023/arquitectura-software-2023/practicas/intro_ws/install/key_teleop:/opt/ros/humble /usr/bin/cmake --build /home/dgarcu/Documents/URJC-Work/2022-2023/arquitectura-software-2023/practicas/intro_ws/src/avoid-obstacle-stressoverflow/build/avoid_obstacle_cpp -- -j8 -l8
