[0.039s] Invoking command in '/home/dgarcu/Documents/URJC-Work/2022-2023/arquitectura-software-2023/practicas/intro_ws/src/avoid-obstacle-stressoverflow/build/avoid_obstacle_cpp': CMAKE_PREFIX_PATH=${CMAKE_PREFIX_PATH}:/home/dgarcu/Documents/URJC-Work/2022-2023/arquitectura-software-2023/practicas/intro_ws/install/joy_teleop:/home/dgarcu/Documents/URJC-Work/2022-2023/arquitectura-software-2023/practicas/intro_ws/install/nav2_simple_commander:/home/dgarcu/Documents/URJC-Work/2022-2023/arquitectura-software-2023/practicas/intro_ws/install/mouse_teleop:/home/dgarcu/Documents/URJC-Work/2022-2023/arquitectura-software-2023/practicas/intro_ws/install/launch_pal:/home/dgarcu/Documents/URJC-Work/2022-2023/arquitectura-software-2023/practicas/intro_ws/install/key_teleop:/opt/ros/humble /usr/bin/cmake --build /home/dgarcu/Documents/URJC-Work/2022-2023/arquitectura-software-2023/practicas/intro_ws/src/avoid-obstacle-stressoverflow/build/avoid_obstacle_cpp -- -j8 -l8
[0.123s] [35m[1mConsolidate compiler generated dependencies of target avoidObstacle[0m
[0.163s] [ 75%] [32mBuilding CXX object CMakeFiles/avoidObstacle.dir/src/avoid_obstacle_cpp/AvoidObstacleNode.cpp.o[0m
[0.164s] [ 75%] [32mBuilding CXX object CMakeFiles/avoidObstacle.dir/src/avoid_obstacle_cpp/LidarLedFeedbackNode.cpp.o[0m
[0.164s] [ 75%] [32mBuilding CXX object CMakeFiles/avoidObstacle.dir/src/avoidObstacle_main.cpp.o[0m
[2.645s] In file included from [01m[K/home/dgarcu/Documents/URJC-Work/2022-2023/arquitectura-software-2023/practicas/intro_ws/src/avoid-obstacle-stressoverflow/src/avoidObstacle_main.cpp:17[m[K:
[2.645s] [01m[K/home/dgarcu/Documents/URJC-Work/2022-2023/arquitectura-software-2023/practicas/intro_ws/src/avoid-obstacle-stressoverflow/include/avoid_obstacle_cpp/AvoidObstacleNode.hpp:68:65:[m[K [01;31m[Kerror: [m[Kexpected ‘[01m[K;[m[K’ at end of member declaration
[2.645s]    68 |   rclcpp::Subscription<kobuki_ros_interfaces::msg::ButtonEvent> [01;31m[KSharedPtr[m[K button_sub_;
[2.645s]       |                                                                 [01;31m[K^~~~~~~~~[m[K
[2.645s]       |                                                                          [32m[K;[m[K
[2.647s] [01m[K/home/dgarcu/Documents/URJC-Work/2022-2023/arquitectura-software-2023/practicas/intro_ws/src/avoid-obstacle-stressoverflow/include/avoid_obstacle_cpp/AvoidObstacleNode.hpp:68:75:[m[K [01;31m[Kerror: [m[K‘[01m[Kbutton_sub_[m[K’ does not name a type
[2.647s]    68 |   rclcpp::Subscription<kobuki_ros_interfaces::msg::ButtonEvent> SharedPtr [01;31m[Kbutton_sub_[m[K;
[2.647s]       |                                                                           [01;31m[K^~~~~~~~~~~[m[K
[2.669s] In file included from [01m[K/home/dgarcu/Documents/URJC-Work/2022-2023/arquitectura-software-2023/practicas/intro_ws/src/avoid-obstacle-stressoverflow/src/avoid_obstacle_cpp/AvoidObstacleNode.cpp:17[m[K:
[2.669s] [01m[K/home/dgarcu/Documents/URJC-Work/2022-2023/arquitectura-software-2023/practicas/intro_ws/src/avoid-obstacle-stressoverflow/include/avoid_obstacle_cpp/AvoidObstacleNode.hpp:68:65:[m[K [01;31m[Kerror: [m[Kexpected ‘[01m[K;[m[K’ at end of member declaration
[2.669s]    68 |   rclcpp::Subscription<kobuki_ros_interfaces::msg::ButtonEvent> [01;31m[KSharedPtr[m[K button_sub_;
[2.669s]       |                                                                 [01;31m[K^~~~~~~~~[m[K
[2.670s]       |                                                                          [32m[K;[m[K
[2.672s] [01m[K/home/dgarcu/Documents/URJC-Work/2022-2023/arquitectura-software-2023/practicas/intro_ws/src/avoid-obstacle-stressoverflow/include/avoid_obstacle_cpp/AvoidObstacleNode.hpp:68:75:[m[K [01;31m[Kerror: [m[K‘[01m[Kbutton_sub_[m[K’ does not name a type
[2.672s]    68 |   rclcpp::Subscription<kobuki_ros_interfaces::msg::ButtonEvent> SharedPtr [01;31m[Kbutton_sub_[m[K;
[2.672s]       |                                                                           [01;31m[K^~~~~~~~~~~[m[K
[2.685s] [01m[K/home/dgarcu/Documents/URJC-Work/2022-2023/arquitectura-software-2023/practicas/intro_ws/src/avoid-obstacle-stressoverflow/src/avoid_obstacle_cpp/AvoidObstacleNode.cpp:[m[K In constructor ‘[01m[Kavoid_obstacle_cpp::AvoidObstacleNode::AvoidObstacleNode()[m[K’:
[2.685s] [01m[K/home/dgarcu/Documents/URJC-Work/2022-2023/arquitectura-software-2023/practicas/intro_ws/src/avoid-obstacle-stressoverflow/src/avoid_obstacle_cpp/AvoidObstacleNode.cpp:36:15:[m[K [01;31m[Kerror: [m[Kno matching function for call to ‘[01m[Krclcpp::Subscription<kobuki_ros_interfaces::msg::ButtonEvent_<std::allocator<void> > >::Subscription()[m[K’
[2.685s]    36 |   state_(READY[01;31m[K)[m[K
[2.686s]       |               [01;31m[K^[m[K
[2.686s] In file included from [01m[K/opt/ros/humble/include/rclcpp/rclcpp/any_executable.hpp:25[m[K,
[2.686s]                  from [01m[K/opt/ros/humble/include/rclcpp/rclcpp/memory_strategy.hpp:25[m[K,
[2.686s]                  from [01m[K/opt/ros/humble/include/rclcpp/rclcpp/memory_strategies.hpp:18[m[K,
[2.686s]                  from [01m[K/opt/ros/humble/include/rclcpp/rclcpp/executor_options.hpp:20[m[K,
[2.686s]                  from [01m[K/opt/ros/humble/include/rclcpp/rclcpp/executor.hpp:37[m[K,
[2.686s]                  from [01m[K/opt/ros/humble/include/rclcpp/rclcpp/executors/multi_threaded_executor.hpp:25[m[K,
[2.686s]                  from [01m[K/opt/ros/humble/include/rclcpp/rclcpp/executors.hpp:21[m[K,
[2.687s]                  from [01m[K/opt/ros/humble/include/rclcpp/rclcpp/rclcpp.hpp:155[m[K,
[2.687s]                  from [01m[K/home/dgarcu/Documents/URJC-Work/2022-2023/arquitectura-software-2023/practicas/intro_ws/src/avoid-obstacle-stressoverflow/include/avoid_obstacle_cpp/AvoidObstacleNode.hpp:25[m[K,
[2.687s]                  from [01m[K/home/dgarcu/Documents/URJC-Work/2022-2023/arquitectura-software-2023/practicas/intro_ws/src/avoid-obstacle-stressoverflow/src/avoid_obstacle_cpp/AvoidObstacleNode.cpp:17[m[K:
[2.687s] [01m[K/opt/ros/humble/include/rclcpp/rclcpp/subscription.hpp:130:3:[m[K [01;36m[Knote: [m[Kcandidate: ‘[01m[Krclcpp::Subscription<MessageT, AllocatorT, SubscribedT, ROSMessageT, MessageMemoryStrategyT>::Subscription(rclcpp::node_interfaces::NodeBaseInterface*, const rosidl_message_type_support_t&, const string&, const rclcpp::QoS&, rclcpp::AnySubscriptionCallback<CallbackMessageT, AllocatorT>, const rclcpp::SubscriptionOptionsWithAllocator<AllocatorT>&, typename MessageMemoryStrategyT::SharedPtr, rclcpp::Subscription<MessageT, AllocatorT, SubscribedT, ROSMessageT, MessageMemoryStrategyT>::SubscriptionTopicStatisticsSharedPtr) [with MessageT = kobuki_ros_interfaces::msg::ButtonEvent_<std::allocator<void> >; AllocatorT = std::allocator<void>; SubscribedT = kobuki_ros_interfaces::msg::ButtonEvent_<std::allocator<void> >; ROSMessageT = kobuki_ros_interfaces::msg::ButtonEvent_<std::allocator<void> >; MessageMemoryStrategyT = rclcpp::message_memory_strategy::MessageMemoryStrategy<kobuki_ros_interfaces::msg::ButtonEvent_<std::allocator<void> >, std::allocator<void> >; rosidl_message_type_support_t = rosidl_message_type_support_t; std::string = std::__cxx11::basic_string<char>; typename MessageMemoryStrategyT::SharedPtr = std::shared_ptr<rclcpp::message_memory_strategy::MessageMemoryStrategy<kobuki_ros_interfaces::msg::ButtonEvent_<std::allocator<void> >, std::allocator<void> > >; rclcpp::Subscription<MessageT, AllocatorT, SubscribedT, ROSMessageT, MessageMemoryStrategyT>::SubscriptionTopicStatisticsSharedPtr = std::shared_ptr<rclcpp::topic_statistics::SubscriptionTopicStatistics<kobuki_ros_interfaces::msg::ButtonEvent_<std::allocator<void> > > >][m[K’
[2.687s]   130 |   [01;36m[KSubscription[m[K(
[2.687s]       |   [01;36m[K^~~~~~~~~~~~[m[K
[2.693s] [01m[K/opt/ros/humble/include/rclcpp/rclcpp/subscription.hpp:130:3:[m[K [01;36m[Knote: [m[K  candidate expects 8 arguments, 0 provided
[2.709s] [01m[K/home/dgarcu/Documents/URJC-Work/2022-2023/arquitectura-software-2023/practicas/intro_ws/src/avoid-obstacle-stressoverflow/src/avoid_obstacle_cpp/AvoidObstacleNode.cpp:42:3:[m[K [01;31m[Kerror: [m[K‘[01m[Kbutton_sub_[m[K’ was not declared in this scope
[2.709s]    42 |   [01;31m[Kbutton_sub_[m[K = create_subscription<kobuki_ros_interfaces::msg::ButtonEvent>(
[2.709s]       |   [01;31m[K^~~~~~~~~~~[m[K
[2.709s] [01m[K/home/dgarcu/Documents/URJC-Work/2022-2023/arquitectura-software-2023/practicas/intro_ws/src/avoid-obstacle-stressoverflow/src/avoid_obstacle_cpp/AvoidObstacleNode.cpp:44:35:[m[K [01;31m[Kerror: [m[K‘[01m[Kbutton_callback[m[K’ is not a member of ‘[01m[Kavoid_obstacle_cpp::AvoidObstacleNode[m[K’
[2.710s]    44 |     std::bind(&AvoidObstacleNode::[01;31m[Kbutton_callback[m[K, this, _1));
[2.710s]       |                                   [01;31m[K^~~~~~~~~~~~~~~[m[K
[2.714s] [01m[K/home/dgarcu/Documents/URJC-Work/2022-2023/arquitectura-software-2023/practicas/intro_ws/src/avoid-obstacle-stressoverflow/src/avoid_obstacle_cpp/AvoidObstacleNode.cpp:45:3:[m[K [01;31m[Kerror: [m[K‘[01m[Kled_pub_[m[K’ was not declared in this scope; did you mean ‘[01m[Kvel_pub_[m[K’?
[2.715s]    45 |   [01;31m[Kled_pub_[m[K = create_publisher<kobuki_ros_interfaces::msg::Led>("status_led", 10);
[2.715s]       |   [01;31m[K^~~~~~~~[m[K
[2.715s]       |   [32m[Kvel_pub_[m[K
[2.727s] [01m[K/home/dgarcu/Documents/URJC-Work/2022-2023/arquitectura-software-2023/practicas/intro_ws/src/avoid-obstacle-stressoverflow/src/avoid_obstacle_cpp/AvoidObstacleNode.cpp:[m[K At global scope:
[2.727s] [01m[K/home/dgarcu/Documents/URJC-Work/2022-2023/arquitectura-software-2023/practicas/intro_ws/src/avoid-obstacle-stressoverflow/src/avoid_obstacle_cpp/AvoidObstacleNode.cpp:53:1:[m[K [01;31m[Kerror: [m[Kno declaration matches ‘[01m[Kvoid avoid_obstacle_cpp::AvoidObstacleNode::scan_callback(kobuki_ros_interfaces::msg::ButtonEvent_<std::allocator<void> >::UniquePtr)[m[K’
[2.727s]    53 | [01;31m[KAvoidObstacleNode[m[K::scan_callback(kobuki_ros_interfaces::msg::ButtonEvent::UniquePtr msg)
[2.727s]       | [01;31m[K^~~~~~~~~~~~~~~~~[m[K
[2.728s] In file included from [01m[K/home/dgarcu/Documents/URJC-Work/2022-2023/arquitectura-software-2023/practicas/intro_ws/src/avoid-obstacle-stressoverflow/src/avoid_obstacle_cpp/AvoidObstacleNode.cpp:17[m[K:
[2.728s] [01m[K/home/dgarcu/Documents/URJC-Work/2022-2023/arquitectura-software-2023/practicas/intro_ws/src/avoid-obstacle-stressoverflow/include/avoid_obstacle_cpp/AvoidObstacleNode.hpp:38:8:[m[K [01;36m[Knote: [m[Kcandidate is: ‘[01m[Kvoid avoid_obstacle_cpp::AvoidObstacleNode::scan_callback(sensor_msgs::msg::LaserScan_<std::allocator<void> >::UniquePtr)[m[K’
[2.728s]    38 |   void [01;36m[Kscan_callback[m[K(sensor_msgs::msg::LaserScan::UniquePtr msg);
[2.728s]       |        [01;36m[K^~~~~~~~~~~~~[m[K
[2.728s] [01m[K/home/dgarcu/Documents/URJC-Work/2022-2023/arquitectura-software-2023/practicas/intro_ws/src/avoid-obstacle-stressoverflow/include/avoid_obstacle_cpp/AvoidObstacleNode.hpp:32:7:[m[K [01;36m[Knote: [m[K‘[01m[Kclass avoid_obstacle_cpp::AvoidObstacleNode[m[K’ defined here
[2.728s]    32 | class [01;36m[KAvoidObstacleNode[m[K : public rclcpp::Node
[2.728s]       |       [01;36m[K^~~~~~~~~~~~~~~~~[m[K
[2.728s] [01m[K/home/dgarcu/Documents/URJC-Work/2022-2023/arquitectura-software-2023/practicas/intro_ws/src/avoid-obstacle-stressoverflow/src/avoid_obstacle_cpp/AvoidObstacleNode.cpp:59:1:[m[K [01;31m[Kerror: [m[Kno declaration matches ‘[01m[Kvoid avoid_obstacle_cpp::AvoidObstacleNode::button_callback(sensor_msgs::msg::LaserScan_<std::allocator<void> >::UniquePtr)[m[K’
[2.729s]    59 | [01;31m[KAvoidObstacleNode[m[K::button_callback(sensor_msgs::msg::LaserScan::UniquePtr msg)
[2.729s]       | [01;31m[K^~~~~~~~~~~~~~~~~[m[K
[2.729s] [01m[K/home/dgarcu/Documents/URJC-Work/2022-2023/arquitectura-software-2023/practicas/intro_ws/src/avoid-obstacle-stressoverflow/src/avoid_obstacle_cpp/AvoidObstacleNode.cpp:59:1:[m[K [01;36m[Knote: [m[Kno functions named ‘[01m[Kvoid avoid_obstacle_cpp::AvoidObstacleNode::button_callback(sensor_msgs::msg::LaserScan_<std::allocator<void> >::UniquePtr)[m[K’
[2.729s] In file included from [01m[K/home/dgarcu/Documents/URJC-Work/2022-2023/arquitectura-software-2023/practicas/intro_ws/src/avoid-obstacle-stressoverflow/src/avoid_obstacle_cpp/AvoidObstacleNode.cpp:17[m[K:
[2.729s] [01m[K/home/dgarcu/Documents/URJC-Work/2022-2023/arquitectura-software-2023/practicas/intro_ws/src/avoid-obstacle-stressoverflow/include/avoid_obstacle_cpp/AvoidObstacleNode.hpp:32:7:[m[K [01;36m[Knote: [m[K‘[01m[Kclass avoid_obstacle_cpp::AvoidObstacleNode[m[K’ defined here
[2.729s]    32 | class [01;36m[KAvoidObstacleNode[m[K : public rclcpp::Node
[2.729s]       |       [01;36m[K^~~~~~~~~~~~~~~~~[m[K
[3.418s] gmake[2]: *** [CMakeFiles/avoidObstacle.dir/build.make:104: CMakeFiles/avoidObstacle.dir/src/avoidObstacle_main.cpp.o] Error 1
[3.418s] gmake[2]: *** Waiting for unfinished jobs....
[5.463s] gmake[2]: *** [CMakeFiles/avoidObstacle.dir/build.make:76: CMakeFiles/avoidObstacle.dir/src/avoid_obstacle_cpp/AvoidObstacleNode.cpp.o] Error 1
[8.372s] gmake[1]: *** [CMakeFiles/Makefile2:137: CMakeFiles/avoidObstacle.dir/all] Error 2
[8.373s] gmake: *** [Makefile:146: all] Error 2
[8.375s] Invoked command in '/home/dgarcu/Documents/URJC-Work/2022-2023/arquitectura-software-2023/practicas/intro_ws/src/avoid-obstacle-stressoverflow/build/avoid_obstacle_cpp' returned '2': CMAKE_PREFIX_PATH=${CMAKE_PREFIX_PATH}:/home/dgarcu/Documents/URJC-Work/2022-2023/arquitectura-software-2023/practicas/intro_ws/install/joy_teleop:/home/dgarcu/Documents/URJC-Work/2022-2023/arquitectura-software-2023/practicas/intro_ws/install/nav2_simple_commander:/home/dgarcu/Documents/URJC-Work/2022-2023/arquitectura-software-2023/practicas/intro_ws/install/mouse_teleop:/home/dgarcu/Documents/URJC-Work/2022-2023/arquitectura-software-2023/practicas/intro_ws/install/launch_pal:/home/dgarcu/Documents/URJC-Work/2022-2023/arquitectura-software-2023/practicas/intro_ws/install/key_teleop:/opt/ros/humble /usr/bin/cmake --build /home/dgarcu/Documents/URJC-Work/2022-2023/arquitectura-software-2023/practicas/intro_ws/src/avoid-obstacle-stressoverflow/build/avoid_obstacle_cpp -- -j8 -l8
