[0.300s] DEBUG:colcon:Command line arguments: ['/usr/bin/colcon', 'build', '--symlink-install']
[0.300s] DEBUG:colcon:Parsed command line arguments: Namespace(log_base=None, log_level=None, verb_name='build', build_base='build', install_base='install', merge_install=False, symlink_install=True, test_result_base=None, continue_on_error=False, executor='parallel', parallel_workers=8, event_handlers=None, ignore_user_meta=False, metas=['./colcon.meta'], base_paths=['.'], packages_ignore=None, packages_ignore_regex=None, paths=None, packages_up_to=None, packages_up_to_regex=None, packages_above=None, packages_above_and_dependencies=None, packages_above_depth=None, packages_select_by_dep=None, packages_skip_by_dep=None, packages_skip_up_to=None, packages_select_build_failed=False, packages_skip_build_finished=False, packages_select_test_failures=False, packages_skip_test_passed=False, packages_select=None, packages_skip=None, packages_select_regex=None, packages_skip_regex=None, packages_start=None, packages_end=None, allow_overriding=[], cmake_args=None, cmake_target=None, cmake_target_skip_unavailable=False, cmake_clean_cache=False, cmake_clean_first=False, cmake_force_configure=False, ament_cmake_args=None, catkin_cmake_args=None, catkin_skip_building_tests=False, verb_parser=<colcon_defaults.argument_parser.defaults.DefaultArgumentsDecorator object at 0x7f1ee544dc60>, verb_extension=<colcon_core.verb.build.BuildVerb object at 0x7f1ee5e2bee0>, main=<bound method BuildVerb.main of <colcon_core.verb.build.BuildVerb object at 0x7f1ee5e2bee0>>)
[0.329s] Level 1:colcon.colcon_core.package_discovery:discover_packages(colcon_meta) check parameters
[0.329s] Level 1:colcon.colcon_core.package_discovery:discover_packages(recursive) check parameters
[0.329s] Level 1:colcon.colcon_core.package_discovery:discover_packages(ignore) check parameters
[0.329s] Level 1:colcon.colcon_core.package_discovery:discover_packages(path) check parameters
[0.329s] Level 1:colcon.colcon_core.package_discovery:discover_packages(colcon_meta) discover
[0.329s] Level 1:colcon.colcon_core.package_discovery:discover_packages(recursive) discover
[0.329s] INFO:colcon.colcon_core.package_discovery:Crawling recursively for packages in '/home/dgarcu/Documents/URJC-Work/2022-2023/arquitectura-software-2023/practicas/intro_ws/src/avoid-obstacle-stressoverflow'
[0.329s] Level 1:colcon.colcon_core.package_identification:_identify(.) by extensions ['ignore', 'ignore_ament_install']
[0.329s] Level 1:colcon.colcon_core.package_identification:_identify(.) by extension 'ignore'
[0.329s] Level 1:colcon.colcon_core.package_identification:_identify(.) by extension 'ignore_ament_install'
[0.329s] Level 1:colcon.colcon_core.package_identification:_identify(.) by extensions ['colcon_pkg']
[0.329s] Level 1:colcon.colcon_core.package_identification:_identify(.) by extension 'colcon_pkg'
[0.330s] Level 1:colcon.colcon_core.package_identification:_identify(.) by extensions ['colcon_meta']
[0.330s] Level 1:colcon.colcon_core.package_identification:_identify(.) by extension 'colcon_meta'
[0.330s] Level 1:colcon.colcon_core.package_identification:_identify(.) by extensions ['ros']
[0.330s] Level 1:colcon.colcon_core.package_identification:_identify(.) by extension 'ros'
[0.341s] DEBUG:colcon.colcon_core.package_identification:Package '.' with type 'ros.ament_cmake' and name 'avoid_obstacle_cpp'
[0.342s] Level 1:colcon.colcon_core.package_discovery:discover_packages(recursive) using defaults
[0.342s] Level 1:colcon.colcon_core.package_discovery:discover_packages(ignore) discover
[0.342s] Level 1:colcon.colcon_core.package_discovery:discover_packages(ignore) using defaults
[0.342s] Level 1:colcon.colcon_core.package_discovery:discover_packages(path) discover
[0.342s] Level 1:colcon.colcon_core.package_discovery:discover_packages(path) using defaults
[0.364s] Level 1:colcon.colcon_core.package_discovery:discover_packages(prefix_path) check parameters
[0.364s] Level 1:colcon.colcon_core.package_discovery:discover_packages(prefix_path) discover
[0.371s] DEBUG:colcon.colcon_installed_package_information.package_discovery:Found 1 installed packages in /home/dgarcu/Documents/URJC-Work/2022-2023/arquitectura-software-2023/practicas/intro_ws/src/avoid-obstacle-stressoverflow/install
[0.374s] DEBUG:colcon.colcon_installed_package_information.package_discovery:Found 125 installed packages in /home/dgarcu/Documents/URJC-Work/2022-2023/arquitectura-software-2023/practicas/intro_ws/install
[0.377s] DEBUG:colcon.colcon_installed_package_information.package_discovery:Found 380 installed packages in /opt/ros/humble
[0.381s] Level 1:colcon.colcon_core.package_discovery:discover_packages(prefix_path) using defaults
[0.459s] Level 5:colcon.colcon_core.verb:set package 'avoid_obstacle_cpp' build argument 'cmake_args' from command line to 'None'
[0.460s] Level 5:colcon.colcon_core.verb:set package 'avoid_obstacle_cpp' build argument 'cmake_target' from command line to 'None'
[0.460s] Level 5:colcon.colcon_core.verb:set package 'avoid_obstacle_cpp' build argument 'cmake_target_skip_unavailable' from command line to 'False'
[0.460s] Level 5:colcon.colcon_core.verb:set package 'avoid_obstacle_cpp' build argument 'cmake_clean_cache' from command line to 'False'
[0.460s] Level 5:colcon.colcon_core.verb:set package 'avoid_obstacle_cpp' build argument 'cmake_clean_first' from command line to 'False'
[0.460s] Level 5:colcon.colcon_core.verb:set package 'avoid_obstacle_cpp' build argument 'cmake_force_configure' from command line to 'False'
[0.460s] Level 5:colcon.colcon_core.verb:set package 'avoid_obstacle_cpp' build argument 'ament_cmake_args' from command line to 'None'
[0.460s] Level 5:colcon.colcon_core.verb:set package 'avoid_obstacle_cpp' build argument 'catkin_cmake_args' from command line to 'None'
[0.460s] Level 5:colcon.colcon_core.verb:set package 'avoid_obstacle_cpp' build argument 'catkin_skip_building_tests' from command line to 'False'
[0.460s] DEBUG:colcon.colcon_core.verb:Building package 'avoid_obstacle_cpp' with the following arguments: {'ament_cmake_args': None, 'build_base': '/home/dgarcu/Documents/URJC-Work/2022-2023/arquitectura-software-2023/practicas/intro_ws/src/avoid-obstacle-stressoverflow/build/avoid_obstacle_cpp', 'catkin_cmake_args': None, 'catkin_skip_building_tests': False, 'cmake_args': None, 'cmake_clean_cache': False, 'cmake_clean_first': False, 'cmake_force_configure': False, 'cmake_target': None, 'cmake_target_skip_unavailable': False, 'install_base': '/home/dgarcu/Documents/URJC-Work/2022-2023/arquitectura-software-2023/practicas/intro_ws/src/avoid-obstacle-stressoverflow/install/avoid_obstacle_cpp', 'merge_install': False, 'path': '/home/dgarcu/Documents/URJC-Work/2022-2023/arquitectura-software-2023/practicas/intro_ws/src/avoid-obstacle-stressoverflow', 'symlink_install': True, 'test_result_base': None}
[0.460s] INFO:colcon.colcon_core.executor:Executing jobs using 'parallel' executor
[0.463s] DEBUG:colcon.colcon_parallel_executor.executor.parallel:run_until_complete
[0.464s] INFO:colcon.colcon_ros.task.ament_cmake.build:Building ROS package in '/home/dgarcu/Documents/URJC-Work/2022-2023/arquitectura-software-2023/practicas/intro_ws/src/avoid-obstacle-stressoverflow' with build type 'ament_cmake'
[0.464s] INFO:colcon.colcon_cmake.task.cmake.build:Building CMake package in '/home/dgarcu/Documents/URJC-Work/2022-2023/arquitectura-software-2023/practicas/intro_ws/src/avoid-obstacle-stressoverflow'
[0.468s] INFO:colcon.colcon_core.plugin_system:Skipping extension 'colcon_core.shell.bat': Not used on non-Windows systems
[0.468s] INFO:colcon.colcon_core.shell:Skip shell extension 'powershell' for command environment: Not usable outside of PowerShell
[0.468s] DEBUG:colcon.colcon_core.shell:Skip shell extension 'dsv' for command environment
[0.491s] DEBUG:colcon.colcon_core.event_handler.log_command:Invoking command in '/home/dgarcu/Documents/URJC-Work/2022-2023/arquitectura-software-2023/practicas/intro_ws/src/avoid-obstacle-stressoverflow/build/avoid_obstacle_cpp': CMAKE_PREFIX_PATH=${CMAKE_PREFIX_PATH}:/home/dgarcu/Documents/URJC-Work/2022-2023/arquitectura-software-2023/practicas/intro_ws/install/joy_teleop:/home/dgarcu/Documents/URJC-Work/2022-2023/arquitectura-software-2023/practicas/intro_ws/install/nav2_simple_commander:/home/dgarcu/Documents/URJC-Work/2022-2023/arquitectura-software-2023/practicas/intro_ws/install/mouse_teleop:/home/dgarcu/Documents/URJC-Work/2022-2023/arquitectura-software-2023/practicas/intro_ws/install/launch_pal:/home/dgarcu/Documents/URJC-Work/2022-2023/arquitectura-software-2023/practicas/intro_ws/install/key_teleop:/opt/ros/humble /usr/bin/cmake --build /home/dgarcu/Documents/URJC-Work/2022-2023/arquitectura-software-2023/practicas/intro_ws/src/avoid-obstacle-stressoverflow/build/avoid_obstacle_cpp -- -j8 -l8
[0.634s] DEBUG:colcon.colcon_core.event_handler.log_command:Invoked command in '/home/dgarcu/Documents/URJC-Work/2022-2023/arquitectura-software-2023/practicas/intro_ws/src/avoid-obstacle-stressoverflow/build/avoid_obstacle_cpp' returned '0': CMAKE_PREFIX_PATH=${CMAKE_PREFIX_PATH}:/home/dgarcu/Documents/URJC-Work/2022-2023/arquitectura-software-2023/practicas/intro_ws/install/joy_teleop:/home/dgarcu/Documents/URJC-Work/2022-2023/arquitectura-software-2023/practicas/intro_ws/install/nav2_simple_commander:/home/dgarcu/Documents/URJC-Work/2022-2023/arquitectura-software-2023/practicas/intro_ws/install/mouse_teleop:/home/dgarcu/Documents/URJC-Work/2022-2023/arquitectura-software-2023/practicas/intro_ws/install/launch_pal:/home/dgarcu/Documents/URJC-Work/2022-2023/arquitectura-software-2023/practicas/intro_ws/install/key_teleop:/opt/ros/humble /usr/bin/cmake --build /home/dgarcu/Documents/URJC-Work/2022-2023/arquitectura-software-2023/practicas/intro_ws/src/avoid-obstacle-stressoverflow/build/avoid_obstacle_cpp -- -j8 -l8
[0.738s] DEBUG:colcon.colcon_core.event_handler.log_command:Invoking command in '/home/dgarcu/Documents/URJC-Work/2022-2023/arquitectura-software-2023/practicas/intro_ws/src/avoid-obstacle-stressoverflow/build/avoid_obstacle_cpp': CMAKE_PREFIX_PATH=${CMAKE_PREFIX_PATH}:/home/dgarcu/Documents/URJC-Work/2022-2023/arquitectura-software-2023/practicas/intro_ws/install/joy_teleop:/home/dgarcu/Documents/URJC-Work/2022-2023/arquitectura-software-2023/practicas/intro_ws/install/nav2_simple_commander:/home/dgarcu/Documents/URJC-Work/2022-2023/arquitectura-software-2023/practicas/intro_ws/install/mouse_teleop:/home/dgarcu/Documents/URJC-Work/2022-2023/arquitectura-software-2023/practicas/intro_ws/install/launch_pal:/home/dgarcu/Documents/URJC-Work/2022-2023/arquitectura-software-2023/practicas/intro_ws/install/key_teleop:/opt/ros/humble /usr/bin/cmake --install /home/dgarcu/Documents/URJC-Work/2022-2023/arquitectura-software-2023/practicas/intro_ws/src/avoid-obstacle-stressoverflow/build/avoid_obstacle_cpp
[0.772s] Level 1:colcon.colcon_core.environment:create_environment_scripts_only(avoid_obstacle_cpp)
[0.774s] DEBUG:colcon.colcon_core.event_handler.log_command:Invoked command in '/home/dgarcu/Documents/URJC-Work/2022-2023/arquitectura-software-2023/practicas/intro_ws/src/avoid-obstacle-stressoverflow/build/avoid_obstacle_cpp' returned '0': CMAKE_PREFIX_PATH=${CMAKE_PREFIX_PATH}:/home/dgarcu/Documents/URJC-Work/2022-2023/arquitectura-software-2023/practicas/intro_ws/install/joy_teleop:/home/dgarcu/Documents/URJC-Work/2022-2023/arquitectura-software-2023/practicas/intro_ws/install/nav2_simple_commander:/home/dgarcu/Documents/URJC-Work/2022-2023/arquitectura-software-2023/practicas/intro_ws/install/mouse_teleop:/home/dgarcu/Documents/URJC-Work/2022-2023/arquitectura-software-2023/practicas/intro_ws/install/launch_pal:/home/dgarcu/Documents/URJC-Work/2022-2023/arquitectura-software-2023/practicas/intro_ws/install/key_teleop:/opt/ros/humble /usr/bin/cmake --install /home/dgarcu/Documents/URJC-Work/2022-2023/arquitectura-software-2023/practicas/intro_ws/src/avoid-obstacle-stressoverflow/build/avoid_obstacle_cpp
[0.778s] Level 1:colcon.colcon_core.environment:checking '/home/dgarcu/Documents/URJC-Work/2022-2023/arquitectura-software-2023/practicas/intro_ws/src/avoid-obstacle-stressoverflow/install/avoid_obstacle_cpp' for CMake module files
[0.778s] Level 1:colcon.colcon_core.environment:checking '/home/dgarcu/Documents/URJC-Work/2022-2023/arquitectura-software-2023/practicas/intro_ws/src/avoid-obstacle-stressoverflow/install/avoid_obstacle_cpp' for CMake config files
[0.778s] Level 1:colcon.colcon_core.shell:create_environment_hook('avoid_obstacle_cpp', 'cmake_prefix_path')
[0.780s] INFO:colcon.colcon_core.shell:Creating environment hook '/home/dgarcu/Documents/URJC-Work/2022-2023/arquitectura-software-2023/practicas/intro_ws/src/avoid-obstacle-stressoverflow/install/avoid_obstacle_cpp/share/avoid_obstacle_cpp/hook/cmake_prefix_path.ps1'
[0.780s] INFO:colcon.colcon_core.shell:Creating environment descriptor '/home/dgarcu/Documents/URJC-Work/2022-2023/arquitectura-software-2023/practicas/intro_ws/src/avoid-obstacle-stressoverflow/install/avoid_obstacle_cpp/share/avoid_obstacle_cpp/hook/cmake_prefix_path.dsv'
[0.781s] INFO:colcon.colcon_core.shell:Creating environment hook '/home/dgarcu/Documents/URJC-Work/2022-2023/arquitectura-software-2023/practicas/intro_ws/src/avoid-obstacle-stressoverflow/install/avoid_obstacle_cpp/share/avoid_obstacle_cpp/hook/cmake_prefix_path.sh'
[0.781s] Level 1:colcon.colcon_core.environment:checking '/home/dgarcu/Documents/URJC-Work/2022-2023/arquitectura-software-2023/practicas/intro_ws/src/avoid-obstacle-stressoverflow/install/avoid_obstacle_cpp/lib'
[0.782s] Level 1:colcon.colcon_core.environment:checking '/home/dgarcu/Documents/URJC-Work/2022-2023/arquitectura-software-2023/practicas/intro_ws/src/avoid-obstacle-stressoverflow/install/avoid_obstacle_cpp/bin'
[0.782s] Level 1:colcon.colcon_core.environment:checking '/home/dgarcu/Documents/URJC-Work/2022-2023/arquitectura-software-2023/practicas/intro_ws/src/avoid-obstacle-stressoverflow/install/avoid_obstacle_cpp/lib/pkgconfig/avoid_obstacle_cpp.pc'
[0.782s] Level 1:colcon.colcon_core.environment:checking '/home/dgarcu/Documents/URJC-Work/2022-2023/arquitectura-software-2023/practicas/intro_ws/src/avoid-obstacle-stressoverflow/install/avoid_obstacle_cpp/lib/python3.10/site-packages'
[0.782s] Level 1:colcon.colcon_core.environment:checking '/home/dgarcu/Documents/URJC-Work/2022-2023/arquitectura-software-2023/practicas/intro_ws/src/avoid-obstacle-stressoverflow/install/avoid_obstacle_cpp/bin'
[0.783s] INFO:colcon.colcon_core.shell:Creating package script '/home/dgarcu/Documents/URJC-Work/2022-2023/arquitectura-software-2023/practicas/intro_ws/src/avoid-obstacle-stressoverflow/install/avoid_obstacle_cpp/share/avoid_obstacle_cpp/package.ps1'
[0.784s] INFO:colcon.colcon_core.shell:Creating package descriptor '/home/dgarcu/Documents/URJC-Work/2022-2023/arquitectura-software-2023/practicas/intro_ws/src/avoid-obstacle-stressoverflow/install/avoid_obstacle_cpp/share/avoid_obstacle_cpp/package.dsv'
[0.785s] INFO:colcon.colcon_core.shell:Creating package script '/home/dgarcu/Documents/URJC-Work/2022-2023/arquitectura-software-2023/practicas/intro_ws/src/avoid-obstacle-stressoverflow/install/avoid_obstacle_cpp/share/avoid_obstacle_cpp/package.sh'
[0.785s] INFO:colcon.colcon_core.shell:Creating package script '/home/dgarcu/Documents/URJC-Work/2022-2023/arquitectura-software-2023/practicas/intro_ws/src/avoid-obstacle-stressoverflow/install/avoid_obstacle_cpp/share/avoid_obstacle_cpp/package.bash'
[0.786s] INFO:colcon.colcon_core.shell:Creating package script '/home/dgarcu/Documents/URJC-Work/2022-2023/arquitectura-software-2023/practicas/intro_ws/src/avoid-obstacle-stressoverflow/install/avoid_obstacle_cpp/share/avoid_obstacle_cpp/package.zsh'
[0.786s] Level 1:colcon.colcon_core.environment:create_file_with_runtime_dependencies(/home/dgarcu/Documents/URJC-Work/2022-2023/arquitectura-software-2023/practicas/intro_ws/src/avoid-obstacle-stressoverflow/install/avoid_obstacle_cpp/share/colcon-core/packages/avoid_obstacle_cpp)
[0.874s] Level 1:colcon.colcon_core.environment:create_environment_scripts_only(avoid_obstacle_cpp)
[0.876s] Level 1:colcon.colcon_core.environment:checking '/home/dgarcu/Documents/URJC-Work/2022-2023/arquitectura-software-2023/practicas/intro_ws/src/avoid-obstacle-stressoverflow/install/avoid_obstacle_cpp' for CMake module files
[0.877s] Level 1:colcon.colcon_core.environment:checking '/home/dgarcu/Documents/URJC-Work/2022-2023/arquitectura-software-2023/practicas/intro_ws/src/avoid-obstacle-stressoverflow/install/avoid_obstacle_cpp' for CMake config files
[0.878s] Level 1:colcon.colcon_core.shell:create_environment_hook('avoid_obstacle_cpp', 'cmake_prefix_path')
[0.879s] INFO:colcon.colcon_core.shell:Creating environment hook '/home/dgarcu/Documents/URJC-Work/2022-2023/arquitectura-software-2023/practicas/intro_ws/src/avoid-obstacle-stressoverflow/install/avoid_obstacle_cpp/share/avoid_obstacle_cpp/hook/cmake_prefix_path.ps1'
[0.880s] INFO:colcon.colcon_core.shell:Creating environment descriptor '/home/dgarcu/Documents/URJC-Work/2022-2023/arquitectura-software-2023/practicas/intro_ws/src/avoid-obstacle-stressoverflow/install/avoid_obstacle_cpp/share/avoid_obstacle_cpp/hook/cmake_prefix_path.dsv'
[0.880s] INFO:colcon.colcon_core.shell:Creating environment hook '/home/dgarcu/Documents/URJC-Work/2022-2023/arquitectura-software-2023/practicas/intro_ws/src/avoid-obstacle-stressoverflow/install/avoid_obstacle_cpp/share/avoid_obstacle_cpp/hook/cmake_prefix_path.sh'
[0.881s] Level 1:colcon.colcon_core.environment:checking '/home/dgarcu/Documents/URJC-Work/2022-2023/arquitectura-software-2023/practicas/intro_ws/src/avoid-obstacle-stressoverflow/install/avoid_obstacle_cpp/lib'
[0.881s] Level 1:colcon.colcon_core.environment:checking '/home/dgarcu/Documents/URJC-Work/2022-2023/arquitectura-software-2023/practicas/intro_ws/src/avoid-obstacle-stressoverflow/install/avoid_obstacle_cpp/bin'
[0.881s] Level 1:colcon.colcon_core.environment:checking '/home/dgarcu/Documents/URJC-Work/2022-2023/arquitectura-software-2023/practicas/intro_ws/src/avoid-obstacle-stressoverflow/install/avoid_obstacle_cpp/lib/pkgconfig/avoid_obstacle_cpp.pc'
[0.881s] Level 1:colcon.colcon_core.environment:checking '/home/dgarcu/Documents/URJC-Work/2022-2023/arquitectura-software-2023/practicas/intro_ws/src/avoid-obstacle-stressoverflow/install/avoid_obstacle_cpp/lib/python3.10/site-packages'
[0.882s] Level 1:colcon.colcon_core.environment:checking '/home/dgarcu/Documents/URJC-Work/2022-2023/arquitectura-software-2023/practicas/intro_ws/src/avoid-obstacle-stressoverflow/install/avoid_obstacle_cpp/bin'
[0.883s] INFO:colcon.colcon_core.shell:Creating package script '/home/dgarcu/Documents/URJC-Work/2022-2023/arquitectura-software-2023/practicas/intro_ws/src/avoid-obstacle-stressoverflow/install/avoid_obstacle_cpp/share/avoid_obstacle_cpp/package.ps1'
[0.884s] INFO:colcon.colcon_core.shell:Creating package descriptor '/home/dgarcu/Documents/URJC-Work/2022-2023/arquitectura-software-2023/practicas/intro_ws/src/avoid-obstacle-stressoverflow/install/avoid_obstacle_cpp/share/avoid_obstacle_cpp/package.dsv'
[0.885s] INFO:colcon.colcon_core.shell:Creating package script '/home/dgarcu/Documents/URJC-Work/2022-2023/arquitectura-software-2023/practicas/intro_ws/src/avoid-obstacle-stressoverflow/install/avoid_obstacle_cpp/share/avoid_obstacle_cpp/package.sh'
[0.885s] INFO:colcon.colcon_core.shell:Creating package script '/home/dgarcu/Documents/URJC-Work/2022-2023/arquitectura-software-2023/practicas/intro_ws/src/avoid-obstacle-stressoverflow/install/avoid_obstacle_cpp/share/avoid_obstacle_cpp/package.bash'
[0.885s] INFO:colcon.colcon_core.shell:Creating package script '/home/dgarcu/Documents/URJC-Work/2022-2023/arquitectura-software-2023/practicas/intro_ws/src/avoid-obstacle-stressoverflow/install/avoid_obstacle_cpp/share/avoid_obstacle_cpp/package.zsh'
[0.886s] Level 1:colcon.colcon_core.environment:create_file_with_runtime_dependencies(/home/dgarcu/Documents/URJC-Work/2022-2023/arquitectura-software-2023/practicas/intro_ws/src/avoid-obstacle-stressoverflow/install/avoid_obstacle_cpp/share/colcon-core/packages/avoid_obstacle_cpp)
[0.886s] DEBUG:colcon.colcon_parallel_executor.executor.parallel:closing loop
[0.887s] DEBUG:colcon.colcon_parallel_executor.executor.parallel:loop closed
[0.887s] DEBUG:colcon.colcon_parallel_executor.executor.parallel:run_until_complete finished with '0'
[0.887s] DEBUG:colcon.colcon_core.event_reactor:joining thread
[0.897s] INFO:colcon.colcon_core.plugin_system:Skipping extension 'colcon_notification.desktop_notification.terminal_notifier': Not used on non-Darwin systems
[0.897s] INFO:colcon.colcon_core.plugin_system:Skipping extension 'colcon_notification.desktop_notification.win32': Not used on non-Windows systems
[0.897s] INFO:colcon.colcon_notification.desktop_notification:Sending desktop notification using 'notify2'
[0.909s] DEBUG:colcon.colcon_core.event_reactor:joined thread
[0.911s] INFO:colcon.colcon_core.shell:Creating prefix script '/home/dgarcu/Documents/URJC-Work/2022-2023/arquitectura-software-2023/practicas/intro_ws/src/avoid-obstacle-stressoverflow/install/local_setup.ps1'
[0.913s] INFO:colcon.colcon_core.shell:Creating prefix util module '/home/dgarcu/Documents/URJC-Work/2022-2023/arquitectura-software-2023/practicas/intro_ws/src/avoid-obstacle-stressoverflow/install/_local_setup_util_ps1.py'
[0.914s] INFO:colcon.colcon_core.shell:Creating prefix chain script '/home/dgarcu/Documents/URJC-Work/2022-2023/arquitectura-software-2023/practicas/intro_ws/src/avoid-obstacle-stressoverflow/install/setup.ps1'
[0.921s] INFO:colcon.colcon_core.shell:Creating prefix script '/home/dgarcu/Documents/URJC-Work/2022-2023/arquitectura-software-2023/practicas/intro_ws/src/avoid-obstacle-stressoverflow/install/local_setup.sh'
[0.922s] INFO:colcon.colcon_core.shell:Creating prefix util module '/home/dgarcu/Documents/URJC-Work/2022-2023/arquitectura-software-2023/practicas/intro_ws/src/avoid-obstacle-stressoverflow/install/_local_setup_util_sh.py'
[0.923s] INFO:colcon.colcon_core.shell:Creating prefix chain script '/home/dgarcu/Documents/URJC-Work/2022-2023/arquitectura-software-2023/practicas/intro_ws/src/avoid-obstacle-stressoverflow/install/setup.sh'
[0.931s] INFO:colcon.colcon_core.shell:Creating prefix script '/home/dgarcu/Documents/URJC-Work/2022-2023/arquitectura-software-2023/practicas/intro_ws/src/avoid-obstacle-stressoverflow/install/local_setup.bash'
[0.932s] INFO:colcon.colcon_core.shell:Creating prefix chain script '/home/dgarcu/Documents/URJC-Work/2022-2023/arquitectura-software-2023/practicas/intro_ws/src/avoid-obstacle-stressoverflow/install/setup.bash'
[0.940s] INFO:colcon.colcon_core.shell:Creating prefix script '/home/dgarcu/Documents/URJC-Work/2022-2023/arquitectura-software-2023/practicas/intro_ws/src/avoid-obstacle-stressoverflow/install/local_setup.zsh'
[0.941s] INFO:colcon.colcon_core.shell:Creating prefix chain script '/home/dgarcu/Documents/URJC-Work/2022-2023/arquitectura-software-2023/practicas/intro_ws/src/avoid-obstacle-stressoverflow/install/setup.zsh'
