[0.029s] Invoking command in '/home/dgarcu/Documents/URJC-Work/2022-2023/arquitectura-software-2023/practicas/intro_ws/src/avoid-obstacle-stressoverflow/build/avoid_obstacle_cpp': CMAKE_PREFIX_PATH=${CMAKE_PREFIX_PATH}:/home/dgarcu/Documents/URJC-Work/2022-2023/arquitectura-software-2023/practicas/intro_ws/install/joy_teleop:/home/dgarcu/Documents/URJC-Work/2022-2023/arquitectura-software-2023/practicas/intro_ws/install/nav2_simple_commander:/home/dgarcu/Documents/URJC-Work/2022-2023/arquitectura-software-2023/practicas/intro_ws/install/mouse_teleop:/home/dgarcu/Documents/URJC-Work/2022-2023/arquitectura-software-2023/practicas/intro_ws/install/launch_pal:/home/dgarcu/Documents/URJC-Work/2022-2023/arquitectura-software-2023/practicas/intro_ws/install/key_teleop:/opt/ros/humble /usr/bin/cmake --build /home/dgarcu/Documents/URJC-Work/2022-2023/arquitectura-software-2023/practicas/intro_ws/src/avoid-obstacle-stressoverflow/build/avoid_obstacle_cpp -- -j8 -l8
[0.111s] [35m[1mConsolidate compiler generated dependencies of target avoidObstacle[0m
[0.154s] [ 50%] [32mBuilding CXX object CMakeFiles/avoidObstacle.dir/src/avoidObstacle_main.cpp.o[0m
[0.154s] [ 50%] [32mBuilding CXX object CMakeFiles/avoidObstacle.dir/src/avoid_obstacle_cpp/AvoidObstacleNode.cpp.o[0m
[2.554s] [01m[K/home/dgarcu/Documents/URJC-Work/2022-2023/arquitectura-software-2023/practicas/intro_ws/src/avoid-obstacle-stressoverflow/src/avoid_obstacle_cpp/AvoidObstacleNode.cpp:[m[K In member function ‘[01m[Kvoid avoid_obstacle_cpp::AvoidObstacleNode::control_cycle()[m[K’:
[2.554s] [01m[K/home/dgarcu/Documents/URJC-Work/2022-2023/arquitectura-software-2023/practicas/intro_ws/src/avoid-obstacle-stressoverflow/src/avoid_obstacle_cpp/AvoidObstacleNode.cpp:141:18:[m[K [01;31m[Kerror: [m[K‘[01m[KYAW_TIME_OUT[m[K’ was not declared in this scope; did you mean ‘[01m[KYAW_TURN_OUT[m[K’?
[2.554s]   141 |         go_state([01;31m[KYAW_TIME_OUT[m[K);
[2.554s]       |                  [01;31m[K^~~~~~~~~~~~[m[K
[2.555s]       |                  [32m[KYAW_TURN_OUT[m[K
[2.558s] [01m[K/home/dgarcu/Documents/URJC-Work/2022-2023/arquitectura-software-2023/practicas/intro_ws/src/avoid-obstacle-stressoverflow/src/avoid_obstacle_cpp/AvoidObstacleNode.cpp:[m[K In member function ‘[01m[Kbool avoid_obstacle_cpp::AvoidObstacleNode::check_dodge_2_yaw_out()[m[K’:
[2.558s] [01m[K/home/dgarcu/Documents/URJC-Work/2022-2023/arquitectura-software-2023/practicas/intro_ws/src/avoid-obstacle-stressoverflow/src/avoid_obstacle_cpp/AvoidObstacleNode.cpp:220:10:[m[K [01;31m[Kerror: [m[Kexpected primary-expression before ‘[01m[Kreturn[m[K’
[2.558s]   220 |   return [01;31m[Kreturn[m[K (now() - state_ts_ ) > DODGE_TIME;
[2.558s]       |          [01;31m[K^~~~~~[m[K
[2.558s] [01m[K/home/dgarcu/Documents/URJC-Work/2022-2023/arquitectura-software-2023/practicas/intro_ws/src/avoid-obstacle-stressoverflow/src/avoid_obstacle_cpp/AvoidObstacleNode.cpp:220:9:[m[K [01;31m[Kerror: [m[Kexpected ‘[01m[K;[m[K’ before ‘[01m[Kreturn[m[K’
[2.558s]   220 |   return[01;31m[K [m[K[32m[Kreturn[m[K (now() - state_ts_ ) > DODGE_TIME;
[2.558s]       |         [01;31m[K^[m[K[32m[K~~~~~~[m[K
[2.558s]       |         [32m[K;[m[K
[5.842s] gmake[2]: *** [CMakeFiles/avoidObstacle.dir/build.make:76: CMakeFiles/avoidObstacle.dir/src/avoid_obstacle_cpp/AvoidObstacleNode.cpp.o] Error 1
[5.842s] gmake[1]: *** [CMakeFiles/Makefile2:137: CMakeFiles/avoidObstacle.dir/all] Error 2
[5.842s] gmake: *** [Makefile:146: all] Error 2
[5.849s] Invoked command in '/home/dgarcu/Documents/URJC-Work/2022-2023/arquitectura-software-2023/practicas/intro_ws/src/avoid-obstacle-stressoverflow/build/avoid_obstacle_cpp' returned '2': CMAKE_PREFIX_PATH=${CMAKE_PREFIX_PATH}:/home/dgarcu/Documents/URJC-Work/2022-2023/arquitectura-software-2023/practicas/intro_ws/install/joy_teleop:/home/dgarcu/Documents/URJC-Work/2022-2023/arquitectura-software-2023/practicas/intro_ws/install/nav2_simple_commander:/home/dgarcu/Documents/URJC-Work/2022-2023/arquitectura-software-2023/practicas/intro_ws/install/mouse_teleop:/home/dgarcu/Documents/URJC-Work/2022-2023/arquitectura-software-2023/practicas/intro_ws/install/launch_pal:/home/dgarcu/Documents/URJC-Work/2022-2023/arquitectura-software-2023/practicas/intro_ws/install/key_teleop:/opt/ros/humble /usr/bin/cmake --build /home/dgarcu/Documents/URJC-Work/2022-2023/arquitectura-software-2023/practicas/intro_ws/src/avoid-obstacle-stressoverflow/build/avoid_obstacle_cpp -- -j8 -l8
